
====================================
            Glide Script            
====================================

mmshare         2cb27f0eb7
glide-src       1e5ffd4733
psp-src         6c93e2fe77
macromodel-src  d47a6cf2e1
epik-src        46d635d642

--------------------------------------------------------------------------------
JobId          : tscc-13-16-0-636aa7d7
Name           : glide-dock_xp
Program        : Glide
Host           : tscc-13-16.sdsc.edu
Dir            : /oasis/tscc/scratch/cseitz/docking/mtb/no_disulfide/mq9/mq9_3919/lifechemicals/xp
HostEntry      : localhost
JobHost        : tscc-13-16.sdsc.edu
JobDir         : /oasis/tscc/scratch/cseitz/docking/mtb/no_disulfide/mq9/mq9_3919/lifechemicals/xp/cseitz/glide-dock_xp
JobSchrodinger : /home/ux453813/pkg/schrodinger2021-1
Commandline    : /home/ux453813/pkg/schrodinger2021-1/glide -WAIT glide-dock_xp.in -OVERWRITE -adjust -HOST localhost:8 -NJOBS 32 -NOLOCAL
StartTime      : 2022-11-08-11:02:48
--------------------------------------------------------------------------------

Running locally: False
Max retries: 2
Input file: glide-dock_xp.in

Setting up docking job
Separating ligands...
.                                                       1000
Number of structures that are to be docked: 1000
Setting up Glide docking jobs...

Running subjobs on hosts:
  localhost (Max: 8)
Number of jobs:       32
Max retries per job:  2
Max allowed failures: unlimited
Verbosity:            normal

Starting JobDJ...

Keep one job on driver host: False
JobDJ columns:
  C: Number of completed subjobs
  A: Number of active subjobs (e.g., submitted, running)
  W: Number of waiting/pending subjobs

 C  A  W | Activity  JobId  JobName  JobHost
-- -- -- | --------- -----------------------
 0  1 31 | launched  tscc-13-16-0-636aa7e2 glide-dock_xp-0001 localhost [tscc-13-16]
 0  2 30 | launched  tscc-13-16-0-636aa7e4 glide-dock_xp-0002 localhost [tscc-13-16]
 0  3 29 | launched  tscc-13-16-0-636aa7e7 glide-dock_xp-0003 localhost [tscc-13-16]
 0  4 28 | launched  tscc-13-16-0-636aa7e9 glide-dock_xp-0004 localhost [tscc-13-16]
 0  5 27 | launched  tscc-13-16-0-636aa7ec glide-dock_xp-0005 localhost [tscc-13-16]
 0  6 26 | launched  tscc-13-16-0-636aa7ee glide-dock_xp-0006 localhost [tscc-13-16]
 0  7 25 | launched  tscc-13-16-0-636aa7f1 glide-dock_xp-0007 localhost [tscc-13-16]
 0  8 24 | launched  tscc-13-16-0-636aa7f3 glide-dock_xp-0008 localhost [tscc-13-16]
 1  7 24 | finished  tscc-13-16-0-636aa7ee glide-dock_xp-0006 localhost [tscc-13-16]
 1  8 23 | launched  tscc-13-16-0-636ab2df glide-dock_xp-0009 localhost [tscc-13-16]
 2  7 23 | finished  tscc-13-16-0-636aa7e9 glide-dock_xp-0004 localhost [tscc-13-16]
 2  8 22 | launched  tscc-13-16-0-636ab2f3 glide-dock_xp-0010 localhost [tscc-13-16]
 3  7 22 | finished  tscc-13-16-0-636aa7ec glide-dock_xp-0005 localhost [tscc-13-16]
 3  8 21 | launched  tscc-13-16-0-636ab3a0 glide-dock_xp-0011 localhost [tscc-13-16]
 4  7 21 | finished  tscc-13-16-0-636aa7f1 glide-dock_xp-0007 localhost [tscc-13-16]
 4  8 20 | launched  tscc-13-16-0-636ab558 glide-dock_xp-0012 localhost [tscc-13-16]
 5  7 20 | finished  tscc-13-16-0-636aa7f3 glide-dock_xp-0008 localhost [tscc-13-16]
 5  8 19 | launched  tscc-13-16-0-636ab59b glide-dock_xp-0013 localhost [tscc-13-16]
 6  7 19 | finished  tscc-13-16-0-636aa7e4 glide-dock_xp-0002 localhost [tscc-13-16]
 6  8 18 | launched  tscc-13-16-0-636ab5f8 glide-dock_xp-0014 localhost [tscc-13-16]
 7  7 18 | finished  tscc-13-16-0-636aa7e7 glide-dock_xp-0003 localhost [tscc-13-16]
 7  8 17 | launched  tscc-13-16-0-636ab676 glide-dock_xp-0015 localhost [tscc-13-16]
 8  7 17 | finished  tscc-13-16-0-636aa7e2 glide-dock_xp-0001 localhost [tscc-13-16]
 8  8 16 | launched  tscc-13-16-0-636aba8d glide-dock_xp-0016 localhost [tscc-13-16]
 9  7 16 | finished  tscc-13-16-0-636ab2f3 glide-dock_xp-0010 localhost [tscc-13-16]
 9  8 15 | launched  tscc-13-16-0-636abca5 glide-dock_xp-0017 localhost [tscc-13-16]
10  7 15 | finished  tscc-13-16-0-636ab3a0 glide-dock_xp-0011 localhost [tscc-13-16]
10  8 14 | launched  tscc-13-16-0-636abcd4 glide-dock_xp-0018 localhost [tscc-13-16]
11  7 14 | finished  tscc-13-16-0-636ab2df glide-dock_xp-0009 localhost [tscc-13-16]
11  8 13 | launched  tscc-13-16-0-636abd75 glide-dock_xp-0019 localhost [tscc-13-16]
12  7 13 | finished  tscc-13-16-0-636ab558 glide-dock_xp-0012 localhost [tscc-13-16]
12  8 12 | launched  tscc-13-16-0-636abf58 glide-dock_xp-0020 localhost [tscc-13-16]
13  7 12 | finished  tscc-13-16-0-636ab59b glide-dock_xp-0013 localhost [tscc-13-16]
13  8 11 | launched  tscc-13-16-0-636abf76 glide-dock_xp-0021 localhost [tscc-13-16]
14  7 11 | finished  tscc-13-16-0-636ab5f8 glide-dock_xp-0014 localhost [tscc-13-16]
14  8 10 | launched  tscc-13-16-0-636abfd2 glide-dock_xp-0022 localhost [tscc-13-16]
15  7 10 | finished  tscc-13-16-0-636ab676 glide-dock_xp-0015 localhost [tscc-13-16]
15  8  9 | launched  tscc-13-16-0-636ac03b glide-dock_xp-0023 localhost [tscc-13-16]
16  7  9 | finished  tscc-13-16-0-636aba8d glide-dock_xp-0016 localhost [tscc-13-16]
16  8  8 | launched  tscc-13-16-0-636ac3e4 glide-dock_xp-0024 localhost [tscc-13-16]
17  7  8 | finished  tscc-13-16-0-636abca5 glide-dock_xp-0017 localhost [tscc-13-16]
17  8  7 | launched  tscc-13-16-0-636ac5df glide-dock_xp-0025 localhost [tscc-13-16]
18  7  7 | finished  tscc-13-16-0-636abd75 glide-dock_xp-0019 localhost [tscc-13-16]
18  8  6 | launched  tscc-13-16-0-636ac607 glide-dock_xp-0026 localhost [tscc-13-16]
19  7  6 | finished  tscc-13-16-0-636abcd4 glide-dock_xp-0018 localhost [tscc-13-16]
19  8  5 | launched  tscc-13-16-0-636ac781 glide-dock_xp-0027 localhost [tscc-13-16]
20  7  5 | finished  tscc-13-16-0-636abf58 glide-dock_xp-0020 localhost [tscc-13-16]
20  8  4 | launched  tscc-13-16-0-636ac812 glide-dock_xp-0028 localhost [tscc-13-16]
21  7  4 | finished  tscc-13-16-0-636abfd2 glide-dock_xp-0022 localhost [tscc-13-16]
21  8  3 | launched  tscc-13-16-0-636ac8e0 glide-dock_xp-0029 localhost [tscc-13-16]
22  7  3 | finished  tscc-13-16-0-636abf76 glide-dock_xp-0021 localhost [tscc-13-16]
22  8  2 | launched  tscc-13-16-0-636ac964 glide-dock_xp-0030 localhost [tscc-13-16]
23  7  2 | finished  tscc-13-16-0-636ac03b glide-dock_xp-0023 localhost [tscc-13-16]
23  8  1 | launched  tscc-13-16-0-636ac986 glide-dock_xp-0031 localhost [tscc-13-16]
24  7  1 | finished  tscc-13-16-0-636ac3e4 glide-dock_xp-0024 localhost [tscc-13-16]
24  8  0 | launched  tscc-13-16-0-636acd5e glide-dock_xp-0032 localhost [tscc-13-16]
25  7  0 | finished  tscc-13-16-0-636ac607 glide-dock_xp-0026 localhost [tscc-13-16]
26  6  0 | finished  tscc-13-16-0-636ac5df glide-dock_xp-0025 localhost [tscc-13-16]
27  5  0 | finished  tscc-13-16-0-636ac781 glide-dock_xp-0027 localhost [tscc-13-16]
28  4  0 | finished  tscc-13-16-0-636ac812 glide-dock_xp-0028 localhost [tscc-13-16]
29  3  0 | finished  tscc-13-16-0-636ac964 glide-dock_xp-0030 localhost [tscc-13-16]
30  2  0 | finished  tscc-13-16-0-636ac8e0 glide-dock_xp-0029 localhost [tscc-13-16]
31  1  0 | finished  tscc-13-16-0-636ac986 glide-dock_xp-0031 localhost [tscc-13-16]
32  0  0 | finished  tscc-13-16-0-636acd5e glide-dock_xp-0032 localhost [tscc-13-16]

All jobs have completed.

32 of 32 job(s) succeeded; 0 job(s) failed.

All jobs succeeded: 1000 ligands done.
Writing poses to glide-dock_xp_pv.maegz
Combining log files to glide-dock_xp_subjobs.log
Archiving subjob pose files in glide-dock_xp_subjob_poses.zip
Archiving subjob input and log files in glide-dock_xp_subjobs.tar.gz
Cleaning up...

Elapsed times:
- preprocessing: 3.7 s
- running subjobs: 12163.5 s
- postprocessing: 4.2 s
- cleanup: 15.2 s

All Glide docking subjobs: Total CPU time = 84795 seconds (23 h 33 min 15 s)

Finished at: Tue Nov  8 14:26:01 2022
Total elapsed time for Glide script = 12192 seconds (3 h 23 min 12 s)
