
====================================
            Glide Script            
====================================

mmshare         2cb27f0eb7
glide-src       1e5ffd4733
psp-src         6c93e2fe77
macromodel-src  d47a6cf2e1
epik-src        46d635d642

--------------------------------------------------------------------------------
JobId          : tscc-13-20-0-62c75b59
Name           : glide-dock_HTVS_1
Program        : Glide
Host           : tscc-13-20.sdsc.edu
Dir            : /oasis/tscc/scratch/cseitz/docking/mtb/disulfide/mq9/mq9_8244/lifechemicals
HostEntry      : localhost
JobHost        : tscc-13-20.sdsc.edu
JobDir         : /oasis/tscc/scratch/cseitz/docking/mtb/disulfide/mq9/mq9_8244/lifechemicals/cseitz/glide-dock_HTVS_1
JobSchrodinger : /home/ux453813/pkg/schrodinger2021-1
Commandline    : /home/ux453813/pkg/schrodinger2021-1/glide -WAIT glide-dock_HTVS_1.in -OVERWRITE -adjust -HOST localhost:64 -NJOBS 256 -NOLOCAL
StartTime      : 2022-07-07-15:17:18
--------------------------------------------------------------------------------

Running locally: False
Max retries: 2
Input file: glide-dock_HTVS_1.in

Setting up docking job
Separating ligands...
..................................................     50000
..................................................    100000
..................................................    150000
..................................................    200000
..................................................    250000
..................................................    300000
..................................................    350000
..................................................    400000
..................................................    450000
..................................................    500000
..................................................    550000
..................................................    600000
..................................................    650000
..................................................    700000
..................................................    750000
..................................................    800000
..................................................    850000
..................................................    900000
..............................                        930464
Number of structures that are to be docked: 930464
Setting up Glide docking jobs...

Running subjobs on hosts:
  localhost (Max: 64)
Number of jobs:       256
Max retries per job:  2
Max allowed failures: unlimited
Verbosity:            normal

Starting JobDJ...

Keep one job on driver host: False
JobDJ columns:
  C: Number of completed subjobs
  A: Number of active subjobs (e.g., submitted, running)
  W: Number of waiting/pending subjobs

  C   A   W | Activity  JobId  JobName  JobHost
--- --- --- | --------- -----------------------
  0   1 255 | launched  tscc-13-20-0-62c75d10 glide-dock_HTVS_1-0001 localhost [tscc-13-20]
  0   2 254 | launched  tscc-13-20-0-62c75d13 glide-dock_HTVS_1-0002 localhost [tscc-13-20]
  0   3 253 | launched  tscc-13-20-0-62c75d15 glide-dock_HTVS_1-0003 localhost [tscc-13-20]
  0   4 252 | launched  tscc-13-20-0-62c75d18 glide-dock_HTVS_1-0004 localhost [tscc-13-20]
  0   5 251 | launched  tscc-13-20-0-62c75d1b glide-dock_HTVS_1-0005 localhost [tscc-13-20]
  0   6 250 | launched  tscc-13-20-0-62c75d1f glide-dock_HTVS_1-0006 localhost [tscc-13-20]
  0   7 249 | launched  tscc-13-20-0-62c75d23 glide-dock_HTVS_1-0007 localhost [tscc-13-20]
  0   8 248 | launched  tscc-13-20-0-62c75d26 glide-dock_HTVS_1-0008 localhost [tscc-13-20]
  0   9 247 | launched  tscc-13-20-0-62c75d2c glide-dock_HTVS_1-0009 localhost [tscc-13-20]
  0  10 246 | launched  tscc-13-20-0-62c75d30 glide-dock_HTVS_1-0010 localhost [tscc-13-20]
  0  11 245 | launched  tscc-13-20-0-62c75d34 glide-dock_HTVS_1-0011 localhost [tscc-13-20]
  0  12 244 | launched  tscc-13-20-0-62c75d37 glide-dock_HTVS_1-0012 localhost [tscc-13-20]
  0  13 243 | launched  tscc-13-20-0-62c75d3a glide-dock_HTVS_1-0013 localhost [tscc-13-20]
  0  14 242 | launched  tscc-13-20-0-62c75d3d glide-dock_HTVS_1-0014 localhost [tscc-13-20]
  0  15 241 | launched  tscc-13-20-0-62c75d40 glide-dock_HTVS_1-0015 localhost [tscc-13-20]
  0  16 240 | launched  tscc-13-20-0-62c75d44 glide-dock_HTVS_1-0016 localhost [tscc-13-20]
  0  17 239 | launched  tscc-13-20-0-62c75d48 glide-dock_HTVS_1-0017 localhost [tscc-13-20]
  0  18 238 | launched  tscc-13-20-0-62c75d4d glide-dock_HTVS_1-0018 localhost [tscc-13-20]
  0  19 237 | launched  tscc-13-20-0-62c75d50 glide-dock_HTVS_1-0019 localhost [tscc-13-20]
  0  20 236 | launched  tscc-13-20-0-62c75d54 glide-dock_HTVS_1-0020 localhost [tscc-13-20]
  0  21 235 | launched  tscc-13-20-0-62c75d58 glide-dock_HTVS_1-0021 localhost [tscc-13-20]
  0  22 234 | launched  tscc-13-20-0-62c75d5c glide-dock_HTVS_1-0022 localhost [tscc-13-20]
  0  23 233 | launched  tscc-13-20-0-62c75d61 glide-dock_HTVS_1-0023 localhost [tscc-13-20]
  0  24 232 | launched  tscc-13-20-0-62c75d66 glide-dock_HTVS_1-0024 localhost [tscc-13-20]
  0  25 231 | launched  tscc-13-20-0-62c75d69 glide-dock_HTVS_1-0025 localhost [tscc-13-20]
  0  26 230 | launched  tscc-13-20-0-62c75d6e glide-dock_HTVS_1-0026 localhost [tscc-13-20]
  0  27 229 | launched  tscc-13-20-0-62c75d71 glide-dock_HTVS_1-0027 localhost [tscc-13-20]
  0  28 228 | launched  tscc-13-20-0-62c75d76 glide-dock_HTVS_1-0028 localhost [tscc-13-20]
  0  29 227 | launched  tscc-13-20-0-62c75d79 glide-dock_HTVS_1-0029 localhost [tscc-13-20]
  0  30 226 | launched  tscc-13-20-0-62c75d7d glide-dock_HTVS_1-0030 localhost [tscc-13-20]
  0  31 225 | launched  tscc-13-20-0-62c75d81 glide-dock_HTVS_1-0031 localhost [tscc-13-20]
  0  32 224 | launched  tscc-13-20-0-62c75d86 glide-dock_HTVS_1-0032 localhost [tscc-13-20]
  0  33 223 | launched  tscc-13-20-0-62c75d8b glide-dock_HTVS_1-0033 localhost [tscc-13-20]
  0  34 222 | launched  tscc-13-20-0-62c75d8e glide-dock_HTVS_1-0034 localhost [tscc-13-20]
  0  35 221 | launched  tscc-13-20-0-62c75d91 glide-dock_HTVS_1-0035 localhost [tscc-13-20]
  0  36 220 | launched  tscc-13-20-0-62c75d96 glide-dock_HTVS_1-0036 localhost [tscc-13-20]
  0  37 219 | launched  tscc-13-20-0-62c75d9a glide-dock_HTVS_1-0037 localhost [tscc-13-20]
  0  38 218 | launched  tscc-13-20-0-62c75d9f glide-dock_HTVS_1-0038 localhost [tscc-13-20]
  0  39 217 | launched  tscc-13-20-0-62c75da4 glide-dock_HTVS_1-0039 localhost [tscc-13-20]
  0  40 216 | launched  tscc-13-20-0-62c75da8 glide-dock_HTVS_1-0040 localhost [tscc-13-20]
  0  41 215 | launched  tscc-13-20-0-62c75dac glide-dock_HTVS_1-0041 localhost [tscc-13-20]
  0  42 214 | launched  tscc-13-20-0-62c75db2 glide-dock_HTVS_1-0042 localhost [tscc-13-20]
  0  43 213 | launched  tscc-13-20-0-62c75db5 glide-dock_HTVS_1-0043 localhost [tscc-13-20]
  0  44 212 | launched  tscc-13-20-0-62c75dba glide-dock_HTVS_1-0044 localhost [tscc-13-20]
  0  45 211 | launched  tscc-13-20-0-62c75dc0 glide-dock_HTVS_1-0045 localhost [tscc-13-20]
  0  46 210 | launched  tscc-13-20-0-62c75dc4 glide-dock_HTVS_1-0046 localhost [tscc-13-20]
  0  47 209 | launched  tscc-13-20-0-62c75dcb glide-dock_HTVS_1-0047 localhost [tscc-13-20]
  0  48 208 | launched  tscc-13-20-0-62c75dce glide-dock_HTVS_1-0048 localhost [tscc-13-20]
  0  49 207 | launched  tscc-13-20-0-62c75dd4 glide-dock_HTVS_1-0049 localhost [tscc-13-20]
  0  50 206 | launched  tscc-13-20-0-62c75dd8 glide-dock_HTVS_1-0050 localhost [tscc-13-20]
  0  51 205 | launched  tscc-13-20-0-62c75ddc glide-dock_HTVS_1-0051 localhost [tscc-13-20]
  0  52 204 | launched  tscc-13-20-0-62c75de1 glide-dock_HTVS_1-0052 localhost [tscc-13-20]
  0  53 203 | launched  tscc-13-20-0-62c75de4 glide-dock_HTVS_1-0053 localhost [tscc-13-20]
  0  54 202 | launched  tscc-13-20-0-62c75de8 glide-dock_HTVS_1-0054 localhost [tscc-13-20]
  0  55 201 | launched  tscc-13-20-0-62c75deb glide-dock_HTVS_1-0055 localhost [tscc-13-20]
  0  56 200 | launched  tscc-13-20-0-62c75df0 glide-dock_HTVS_1-0056 localhost [tscc-13-20]
  0  57 199 | launched  tscc-13-20-0-62c75df5 glide-dock_HTVS_1-0057 localhost [tscc-13-20]
  0  58 198 | launched  tscc-13-20-0-62c75df9 glide-dock_HTVS_1-0058 localhost [tscc-13-20]
  0  59 197 | launched  tscc-13-20-0-62c75dfe glide-dock_HTVS_1-0059 localhost [tscc-13-20]
  0  60 196 | launched  tscc-13-20-0-62c75e02 glide-dock_HTVS_1-0060 localhost [tscc-13-20]
  0  61 195 | launched  tscc-13-20-0-62c75e09 glide-dock_HTVS_1-0061 localhost [tscc-13-20]
  0  62 194 | launched  tscc-13-20-0-62c75e0e glide-dock_HTVS_1-0062 localhost [tscc-13-20]
  0  63 193 | launched  tscc-13-20-0-62c75e12 glide-dock_HTVS_1-0063 localhost [tscc-13-20]
  0  64 192 | launched  tscc-13-20-0-62c75e16 glide-dock_HTVS_1-0064 localhost [tscc-13-20]
  1  63 192 | finished  tscc-13-20-0-62c75e12 glide-dock_HTVS_1-0063 localhost [tscc-13-20]
  1  64 191 | launched  tscc-13-20-0-62c76226 glide-dock_HTVS_1-0065 localhost [tscc-13-20]
  2  63 191 | finished  tscc-13-20-0-62c75de4 glide-dock_HTVS_1-0053 localhost [tscc-13-20]
  2  64 190 | launched  tscc-13-20-0-62c76278 glide-dock_HTVS_1-0066 localhost [tscc-13-20]
  3  63 190 | finished  tscc-13-20-0-62c75de1 glide-dock_HTVS_1-0052 localhost [tscc-13-20]
  3  64 189 | launched  tscc-13-20-0-62c76298 glide-dock_HTVS_1-0067 localhost [tscc-13-20]
  4  63 189 | finished  tscc-13-20-0-62c75d40 glide-dock_HTVS_1-0015 localhost [tscc-13-20]
  4  64 188 | launched  tscc-13-20-0-62c762d3 glide-dock_HTVS_1-0068 localhost [tscc-13-20]
  5  63 188 | finished  tscc-13-20-0-62c75d1b glide-dock_HTVS_1-0005 localhost [tscc-13-20]
  5  64 187 | launched  tscc-13-20-0-62c76338 glide-dock_HTVS_1-0069 localhost [tscc-13-20]
  6  63 187 | finished  tscc-13-20-0-62c75d13 glide-dock_HTVS_1-0002 localhost [tscc-13-20]
  6  64 186 | launched  tscc-13-20-0-62c7635c glide-dock_HTVS_1-0070 localhost [tscc-13-20]
  7  63 186 | finished  tscc-13-20-0-62c75d18 glide-dock_HTVS_1-0004 localhost [tscc-13-20]
  7  64 185 | launched  tscc-13-20-0-62c76380 glide-dock_HTVS_1-0071 localhost [tscc-13-20]
  8  63 185 | finished  tscc-13-20-0-62c75d15 glide-dock_HTVS_1-0003 localhost [tscc-13-20]
  9  62 185 | finished  tscc-13-20-0-62c75d37 glide-dock_HTVS_1-0012 localhost [tscc-13-20]
 10  61 185 | finished  tscc-13-20-0-62c75d44 glide-dock_HTVS_1-0016 localhost [tscc-13-20]
 11  60 185 | finished  tscc-13-20-0-62c75d54 glide-dock_HTVS_1-0020 localhost [tscc-13-20]
 11  61 184 | launched  tscc-13-20-0-62c763f8 glide-dock_HTVS_1-0072 localhost [tscc-13-20]
 11  62 183 | launched  tscc-13-20-0-62c763fc glide-dock_HTVS_1-0073 localhost [tscc-13-20]
 11  63 182 | launched  tscc-13-20-0-62c76401 glide-dock_HTVS_1-0074 localhost [tscc-13-20]
 11  64 181 | launched  tscc-13-20-0-62c76406 glide-dock_HTVS_1-0075 localhost [tscc-13-20]
 12  63 181 | finished  tscc-13-20-0-62c75d1f glide-dock_HTVS_1-0006 localhost [tscc-13-20]
 13  62 181 | finished  tscc-13-20-0-62c75d48 glide-dock_HTVS_1-0017 localhost [tscc-13-20]
 14  61 181 | finished  tscc-13-20-0-62c75d50 glide-dock_HTVS_1-0019 localhost [tscc-13-20]
 15  60 181 | finished  tscc-13-20-0-62c75dac glide-dock_HTVS_1-0041 localhost [tscc-13-20]
 16  59 181 | finished  tscc-13-20-0-62c75dba glide-dock_HTVS_1-0044 localhost [tscc-13-20]
 17  58 181 | finished  tscc-13-20-0-62c75dc4 glide-dock_HTVS_1-0046 localhost [tscc-13-20]
 18  57 181 | finished  tscc-13-20-0-62c75e0e glide-dock_HTVS_1-0062 localhost [tscc-13-20]
 19  56 181 | finished  tscc-13-20-0-62c75e16 glide-dock_HTVS_1-0064 localhost [tscc-13-20]
 19  57 180 | launched  tscc-13-20-0-62c764f9 glide-dock_HTVS_1-0076 localhost [tscc-13-20]
 19  58 179 | launched  tscc-13-20-0-62c764fc glide-dock_HTVS_1-0077 localhost [tscc-13-20]
 19  59 178 | launched  tscc-13-20-0-62c764ff glide-dock_HTVS_1-0078 localhost [tscc-13-20]
 19  60 177 | launched  tscc-13-20-0-62c76503 glide-dock_HTVS_1-0079 localhost [tscc-13-20]
 19  61 176 | launched  tscc-13-20-0-62c76507 glide-dock_HTVS_1-0080 localhost [tscc-13-20]
 20  60 176 | finished  tscc-13-20-0-62c75d23 glide-dock_HTVS_1-0007 localhost [tscc-13-20]
 21  59 176 | finished  tscc-13-20-0-62c75d34 glide-dock_HTVS_1-0011 localhost [tscc-13-20]
 22  58 176 | finished  tscc-13-20-0-62c75d3a glide-dock_HTVS_1-0013 localhost [tscc-13-20]
 23  57 176 | finished  tscc-13-20-0-62c75d3d glide-dock_HTVS_1-0014 localhost [tscc-13-20]
 24  56 176 | finished  tscc-13-20-0-62c75d4d glide-dock_HTVS_1-0018 localhost [tscc-13-20]
 25  55 176 | finished  tscc-13-20-0-62c75d58 glide-dock_HTVS_1-0021 localhost [tscc-13-20]
 26  54 176 | finished  tscc-13-20-0-62c75d5c glide-dock_HTVS_1-0022 localhost [tscc-13-20]
 27  53 176 | finished  tscc-13-20-0-62c75d61 glide-dock_HTVS_1-0023 localhost [tscc-13-20]
 28  52 176 | finished  tscc-13-20-0-62c75d66 glide-dock_HTVS_1-0024 localhost [tscc-13-20]
 29  51 176 | finished  tscc-13-20-0-62c75d69 glide-dock_HTVS_1-0025 localhost [tscc-13-20]
 30  50 176 | finished  tscc-13-20-0-62c75d6e glide-dock_HTVS_1-0026 localhost [tscc-13-20]
 31  49 176 | finished  tscc-13-20-0-62c75d71 glide-dock_HTVS_1-0027 localhost [tscc-13-20]
 32  48 176 | finished  tscc-13-20-0-62c75d76 glide-dock_HTVS_1-0028 localhost [tscc-13-20]
 33  47 176 | finished  tscc-13-20-0-62c75d79 glide-dock_HTVS_1-0029 localhost [tscc-13-20]
 34  46 176 | finished  tscc-13-20-0-62c75d7d glide-dock_HTVS_1-0030 localhost [tscc-13-20]
 35  45 176 | finished  tscc-13-20-0-62c75d81 glide-dock_HTVS_1-0031 localhost [tscc-13-20]
 36  44 176 | finished  tscc-13-20-0-62c75d86 glide-dock_HTVS_1-0032 localhost [tscc-13-20]
 37  43 176 | finished  tscc-13-20-0-62c75d8b glide-dock_HTVS_1-0033 localhost [tscc-13-20]
 38  42 176 | finished  tscc-13-20-0-62c75d8e glide-dock_HTVS_1-0034 localhost [tscc-13-20]
 39  41 176 | finished  tscc-13-20-0-62c75d91 glide-dock_HTVS_1-0035 localhost [tscc-13-20]
 40  40 176 | finished  tscc-13-20-0-62c75d96 glide-dock_HTVS_1-0036 localhost [tscc-13-20]
 41  39 176 | finished  tscc-13-20-0-62c75d9a glide-dock_HTVS_1-0037 localhost [tscc-13-20]
 42  38 176 | finished  tscc-13-20-0-62c75da4 glide-dock_HTVS_1-0039 localhost [tscc-13-20]
 43  37 176 | finished  tscc-13-20-0-62c75da8 glide-dock_HTVS_1-0040 localhost [tscc-13-20]
 44  36 176 | finished  tscc-13-20-0-62c75db2 glide-dock_HTVS_1-0042 localhost [tscc-13-20]
 45  35 176 | finished  tscc-13-20-0-62c75db5 glide-dock_HTVS_1-0043 localhost [tscc-13-20]
 46  34 176 | finished  tscc-13-20-0-62c75dc0 glide-dock_HTVS_1-0045 localhost [tscc-13-20]
 47  33 176 | finished  tscc-13-20-0-62c75dcb glide-dock_HTVS_1-0047 localhost [tscc-13-20]
 48  32 176 | finished  tscc-13-20-0-62c75dce glide-dock_HTVS_1-0048 localhost [tscc-13-20]
 49  31 176 | finished  tscc-13-20-0-62c75dd4 glide-dock_HTVS_1-0049 localhost [tscc-13-20]
 50  30 176 | finished  tscc-13-20-0-62c75dd8 glide-dock_HTVS_1-0050 localhost [tscc-13-20]
 51  29 176 | finished  tscc-13-20-0-62c75ddc glide-dock_HTVS_1-0051 localhost [tscc-13-20]
 52  28 176 | finished  tscc-13-20-0-62c75de8 glide-dock_HTVS_1-0054 localhost [tscc-13-20]
 53  27 176 | finished  tscc-13-20-0-62c75deb glide-dock_HTVS_1-0055 localhost [tscc-13-20]
 54  26 176 | finished  tscc-13-20-0-62c75df0 glide-dock_HTVS_1-0056 localhost [tscc-13-20]
 55  25 176 | finished  tscc-13-20-0-62c75df5 glide-dock_HTVS_1-0057 localhost [tscc-13-20]
 56  24 176 | finished  tscc-13-20-0-62c75df9 glide-dock_HTVS_1-0058 localhost [tscc-13-20]
 57  23 176 | finished  tscc-13-20-0-62c75dfe glide-dock_HTVS_1-0059 localhost [tscc-13-20]
 58  22 176 | finished  tscc-13-20-0-62c75e02 glide-dock_HTVS_1-0060 localhost [tscc-13-20]
 59  21 176 | finished  tscc-13-20-0-62c75e09 glide-dock_HTVS_1-0061 localhost [tscc-13-20]
 60  20 176 | finished  tscc-13-20-0-62c76226 glide-dock_HTVS_1-0065 localhost [tscc-13-20]
 61  19 176 | finished  tscc-13-20-0-62c76298 glide-dock_HTVS_1-0067 localhost [tscc-13-20]
 61  20 175 | launched  tscc-13-20-0-62c76865 glide-dock_HTVS_1-0081 localhost [tscc-13-20]
 61  21 174 | launched  tscc-13-20-0-62c76868 glide-dock_HTVS_1-0082 localhost [tscc-13-20]
 61  22 173 | launched  tscc-13-20-0-62c7686b glide-dock_HTVS_1-0083 localhost [tscc-13-20]
 61  23 172 | launched  tscc-13-20-0-62c7686f glide-dock_HTVS_1-0084 localhost [tscc-13-20]
 61  24 171 | launched  tscc-13-20-0-62c76872 glide-dock_HTVS_1-0085 localhost [tscc-13-20]
 62  23 171 | finished  tscc-13-20-0-62c75d10 glide-dock_HTVS_1-0001 localhost [tscc-13-20]
 63  22 171 | finished  tscc-13-20-0-62c75d26 glide-dock_HTVS_1-0008 localhost [tscc-13-20]
 64  21 171 | finished  tscc-13-20-0-62c75d2c glide-dock_HTVS_1-0009 localhost [tscc-13-20]
 65  20 171 | finished  tscc-13-20-0-62c75d30 glide-dock_HTVS_1-0010 localhost [tscc-13-20]
 66  19 171 | finished  tscc-13-20-0-62c75d9f glide-dock_HTVS_1-0038 localhost [tscc-13-20]
 66  20 170 | launched  tscc-13-20-0-62c768ea glide-dock_HTVS_1-0086 localhost [tscc-13-20]
 66  21 169 | launched  tscc-13-20-0-62c768ed glide-dock_HTVS_1-0087 localhost [tscc-13-20]
 66  22 168 | launched  tscc-13-20-0-62c768f0 glide-dock_HTVS_1-0088 localhost [tscc-13-20]
 66  23 167 | launched  tscc-13-20-0-62c768f4 glide-dock_HTVS_1-0089 localhost [tscc-13-20]
 66  24 166 | launched  tscc-13-20-0-62c768f7 glide-dock_HTVS_1-0090 localhost [tscc-13-20]
 67  23 166 | finished  tscc-13-20-0-62c76278 glide-dock_HTVS_1-0066 localhost [tscc-13-20]
 68  22 166 | finished  tscc-13-20-0-62c76338 glide-dock_HTVS_1-0069 localhost [tscc-13-20]
 68  23 165 | launched  tscc-13-20-0-62c76934 glide-dock_HTVS_1-0091 localhost [tscc-13-20]
 68  24 164 | launched  tscc-13-20-0-62c76937 glide-dock_HTVS_1-0092 localhost [tscc-13-20]
 68  25 163 | launched  tscc-13-20-0-62c7693b glide-dock_HTVS_1-0093 localhost [tscc-13-20]
 68  26 162 | launched  tscc-13-20-0-62c7693f glide-dock_HTVS_1-0094 localhost [tscc-13-20]
 68  27 161 | launched  tscc-13-20-0-62c76942 glide-dock_HTVS_1-0095 localhost [tscc-13-20]
 69  26 161 | finished  tscc-13-20-0-62c7635c glide-dock_HTVS_1-0070 localhost [tscc-13-20]
 69  27 160 | launched  tscc-13-20-0-62c76964 glide-dock_HTVS_1-0096 localhost [tscc-13-20]
 69  28 159 | launched  tscc-13-20-0-62c76968 glide-dock_HTVS_1-0097 localhost [tscc-13-20]
 69  29 158 | launched  tscc-13-20-0-62c7696c glide-dock_HTVS_1-0098 localhost [tscc-13-20]
 69  30 157 | launched  tscc-13-20-0-62c76970 glide-dock_HTVS_1-0099 localhost [tscc-13-20]
 69  31 156 | launched  tscc-13-20-0-62c76974 glide-dock_HTVS_1-0100 localhost [tscc-13-20]
 70  30 156 | finished  tscc-13-20-0-62c763fc glide-dock_HTVS_1-0073 localhost [tscc-13-20]
 70  31 155 | launched  tscc-13-20-0-62c76991 glide-dock_HTVS_1-0101 localhost [tscc-13-20]
 70  32 154 | launched  tscc-13-20-0-62c76994 glide-dock_HTVS_1-0102 localhost [tscc-13-20]
 70  33 153 | launched  tscc-13-20-0-62c76997 glide-dock_HTVS_1-0103 localhost [tscc-13-20]
 70  34 152 | launched  tscc-13-20-0-62c7699a glide-dock_HTVS_1-0104 localhost [tscc-13-20]
 70  35 151 | launched  tscc-13-20-0-62c7699e glide-dock_HTVS_1-0105 localhost [tscc-13-20]
 71  34 151 | finished  tscc-13-20-0-62c76406 glide-dock_HTVS_1-0075 localhost [tscc-13-20]
 71  35 150 | launched  tscc-13-20-0-62c769be glide-dock_HTVS_1-0106 localhost [tscc-13-20]
 71  36 149 | launched  tscc-13-20-0-62c769c2 glide-dock_HTVS_1-0107 localhost [tscc-13-20]
 71  37 148 | launched  tscc-13-20-0-62c769c5 glide-dock_HTVS_1-0108 localhost [tscc-13-20]
 71  38 147 | launched  tscc-13-20-0-62c769ca glide-dock_HTVS_1-0109 localhost [tscc-13-20]
 71  39 146 | launched  tscc-13-20-0-62c769ce glide-dock_HTVS_1-0110 localhost [tscc-13-20]
 71  40 145 | launched  tscc-13-20-0-62c769d1 glide-dock_HTVS_1-0111 localhost [tscc-13-20]
 71  41 144 | launched  tscc-13-20-0-62c769d6 glide-dock_HTVS_1-0112 localhost [tscc-13-20]
 71  42 143 | launched  tscc-13-20-0-62c769db glide-dock_HTVS_1-0113 localhost [tscc-13-20]
 71  43 142 | launched  tscc-13-20-0-62c769e1 glide-dock_HTVS_1-0114 localhost [tscc-13-20]
 71  44 141 | launched  tscc-13-20-0-62c769e7 glide-dock_HTVS_1-0115 localhost [tscc-13-20]
 71  45 140 | launched  tscc-13-20-0-62c769ea glide-dock_HTVS_1-0116 localhost [tscc-13-20]
 71  46 139 | launched  tscc-13-20-0-62c769ee glide-dock_HTVS_1-0117 localhost [tscc-13-20]
 71  47 138 | launched  tscc-13-20-0-62c769f3 glide-dock_HTVS_1-0118 localhost [tscc-13-20]
 71  48 137 | launched  tscc-13-20-0-62c769f8 glide-dock_HTVS_1-0119 localhost [tscc-13-20]
 71  49 136 | launched  tscc-13-20-0-62c769fd glide-dock_HTVS_1-0120 localhost [tscc-13-20]
 71  50 135 | launched  tscc-13-20-0-62c76a01 glide-dock_HTVS_1-0121 localhost [tscc-13-20]
 71  51 134 | launched  tscc-13-20-0-62c76a06 glide-dock_HTVS_1-0122 localhost [tscc-13-20]
 71  52 133 | launched  tscc-13-20-0-62c76a0a glide-dock_HTVS_1-0123 localhost [tscc-13-20]
 71  53 132 | launched  tscc-13-20-0-62c76a0f glide-dock_HTVS_1-0124 localhost [tscc-13-20]
 71  54 131 | launched  tscc-13-20-0-62c76a13 glide-dock_HTVS_1-0125 localhost [tscc-13-20]
 72  53 131 | finished  tscc-13-20-0-62c764ff glide-dock_HTVS_1-0078 localhost [tscc-13-20]
 72  54 130 | launched  tscc-13-20-0-62c76a36 glide-dock_HTVS_1-0126 localhost [tscc-13-20]
 72  55 129 | launched  tscc-13-20-0-62c76a3b glide-dock_HTVS_1-0127 localhost [tscc-13-20]
 72  56 128 | launched  tscc-13-20-0-62c76a3f glide-dock_HTVS_1-0128 localhost [tscc-13-20]
 72  57 127 | launched  tscc-13-20-0-62c76a43 glide-dock_HTVS_1-0129 localhost [tscc-13-20]
 72  58 126 | launched  tscc-13-20-0-62c76a47 glide-dock_HTVS_1-0130 localhost [tscc-13-20]
 72  59 125 | launched  tscc-13-20-0-62c76a4c glide-dock_HTVS_1-0131 localhost [tscc-13-20]
 72  60 124 | launched  tscc-13-20-0-62c76a50 glide-dock_HTVS_1-0132 localhost [tscc-13-20]
 72  61 123 | launched  tscc-13-20-0-62c76a55 glide-dock_HTVS_1-0133 localhost [tscc-13-20]
 72  62 122 | launched  tscc-13-20-0-62c76a5a glide-dock_HTVS_1-0134 localhost [tscc-13-20]
 72  63 121 | launched  tscc-13-20-0-62c76a5e glide-dock_HTVS_1-0135 localhost [tscc-13-20]
 72  64 120 | launched  tscc-13-20-0-62c76a64 glide-dock_HTVS_1-0136 localhost [tscc-13-20]
 73  63 120 | finished  tscc-13-20-0-62c76503 glide-dock_HTVS_1-0079 localhost [tscc-13-20]
 73  64 119 | launched  tscc-13-20-0-62c76aa8 glide-dock_HTVS_1-0137 localhost [tscc-13-20]
 74  63 119 | finished  tscc-13-20-0-62c76401 glide-dock_HTVS_1-0074 localhost [tscc-13-20]
 75  62 119 | finished  tscc-13-20-0-62c764fc glide-dock_HTVS_1-0077 localhost [tscc-13-20]
 75  63 118 | launched  tscc-13-20-0-62c76ae8 glide-dock_HTVS_1-0138 localhost [tscc-13-20]
 75  64 117 | launched  tscc-13-20-0-62c76aec glide-dock_HTVS_1-0139 localhost [tscc-13-20]
 76  63 117 | finished  tscc-13-20-0-62c764f9 glide-dock_HTVS_1-0076 localhost [tscc-13-20]
 76  64 116 | launched  tscc-13-20-0-62c76b91 glide-dock_HTVS_1-0140 localhost [tscc-13-20]
 77  63 116 | finished  tscc-13-20-0-62c763f8 glide-dock_HTVS_1-0072 localhost [tscc-13-20]
 77  64 115 | launched  tscc-13-20-0-62c76bbf glide-dock_HTVS_1-0141 localhost [tscc-13-20]
 78  63 115 | finished  tscc-13-20-0-62c76380 glide-dock_HTVS_1-0071 localhost [tscc-13-20]
 78  64 114 | launched  tscc-13-20-0-62c76bec glide-dock_HTVS_1-0142 localhost [tscc-13-20]
 79  63 114 | finished  tscc-13-20-0-62c762d3 glide-dock_HTVS_1-0068 localhost [tscc-13-20]
 79  64 113 | launched  tscc-13-20-0-62c76c70 glide-dock_HTVS_1-0143 localhost [tscc-13-20]
 80  63 113 | finished  tscc-13-20-0-62c76507 glide-dock_HTVS_1-0080 localhost [tscc-13-20]
 80  64 112 | launched  tscc-13-20-0-62c76d48 glide-dock_HTVS_1-0144 localhost [tscc-13-20]
 81  63 112 | finished  tscc-13-20-0-62c7686b glide-dock_HTVS_1-0083 localhost [tscc-13-20]
 81  64 111 | launched  tscc-13-20-0-62c76e22 glide-dock_HTVS_1-0145 localhost [tscc-13-20]
 82  63 111 | finished  tscc-13-20-0-62c76868 glide-dock_HTVS_1-0082 localhost [tscc-13-20]
 82  64 110 | launched  tscc-13-20-0-62c76eac glide-dock_HTVS_1-0146 localhost [tscc-13-20]
 83  63 110 | finished  tscc-13-20-0-62c7693f glide-dock_HTVS_1-0094 localhost [tscc-13-20]
 83  64 109 | launched  tscc-13-20-0-62c76f15 glide-dock_HTVS_1-0147 localhost [tscc-13-20]
 84  63 109 | finished  tscc-13-20-0-62c76865 glide-dock_HTVS_1-0081 localhost [tscc-13-20]
 85  62 109 | finished  tscc-13-20-0-62c768f0 glide-dock_HTVS_1-0088 localhost [tscc-13-20]
 86  61 109 | finished  tscc-13-20-0-62c768f4 glide-dock_HTVS_1-0089 localhost [tscc-13-20]
 86  62 108 | launched  tscc-13-20-0-62c76f6b glide-dock_HTVS_1-0148 localhost [tscc-13-20]
 86  63 107 | launched  tscc-13-20-0-62c76f6f glide-dock_HTVS_1-0149 localhost [tscc-13-20]
 86  64 106 | launched  tscc-13-20-0-62c76f73 glide-dock_HTVS_1-0150 localhost [tscc-13-20]
 87  63 106 | finished  tscc-13-20-0-62c768ea glide-dock_HTVS_1-0086 localhost [tscc-13-20]
 87  64 105 | launched  tscc-13-20-0-62c76f97 glide-dock_HTVS_1-0151 localhost [tscc-13-20]
 88  63 105 | finished  tscc-13-20-0-62c7693b glide-dock_HTVS_1-0093 localhost [tscc-13-20]
 88  64 104 | launched  tscc-13-20-0-62c76fed glide-dock_HTVS_1-0152 localhost [tscc-13-20]
 89  63 104 | finished  tscc-13-20-0-62c76872 glide-dock_HTVS_1-0085 localhost [tscc-13-20]
 90  62 104 | finished  tscc-13-20-0-62c768f7 glide-dock_HTVS_1-0090 localhost [tscc-13-20]
 91  61 104 | finished  tscc-13-20-0-62c76974 glide-dock_HTVS_1-0100 localhost [tscc-13-20]
 91  62 103 | launched  tscc-13-20-0-62c77047 glide-dock_HTVS_1-0153 localhost [tscc-13-20]
 91  63 102 | launched  tscc-13-20-0-62c7704b glide-dock_HTVS_1-0154 localhost [tscc-13-20]
 91  64 101 | launched  tscc-13-20-0-62c7704f glide-dock_HTVS_1-0155 localhost [tscc-13-20]
 92  63 101 | finished  tscc-13-20-0-62c768ed glide-dock_HTVS_1-0087 localhost [tscc-13-20]
 93  62 101 | finished  tscc-13-20-0-62c76934 glide-dock_HTVS_1-0091 localhost [tscc-13-20]
 94  61 101 | finished  tscc-13-20-0-62c76968 glide-dock_HTVS_1-0097 localhost [tscc-13-20]
 95  60 101 | finished  tscc-13-20-0-62c76970 glide-dock_HTVS_1-0099 localhost [tscc-13-20]
 96  59 101 | finished  tscc-13-20-0-62c7699e glide-dock_HTVS_1-0105 localhost [tscc-13-20]
 97  58 101 | finished  tscc-13-20-0-62c769ee glide-dock_HTVS_1-0117 localhost [tscc-13-20]
 98  57 101 | finished  tscc-13-20-0-62c769f3 glide-dock_HTVS_1-0118 localhost [tscc-13-20]
 99  56 101 | finished  tscc-13-20-0-62c769fd glide-dock_HTVS_1-0120 localhost [tscc-13-20]
 99  57 100 | launched  tscc-13-20-0-62c77122 glide-dock_HTVS_1-0156 localhost [tscc-13-20]
 99  58  99 | launched  tscc-13-20-0-62c77125 glide-dock_HTVS_1-0157 localhost [tscc-13-20]
 99  59  98 | launched  tscc-13-20-0-62c77128 glide-dock_HTVS_1-0158 localhost [tscc-13-20]
 99  60  97 | launched  tscc-13-20-0-62c7712c glide-dock_HTVS_1-0159 localhost [tscc-13-20]
 99  61  96 | launched  tscc-13-20-0-62c77131 glide-dock_HTVS_1-0160 localhost [tscc-13-20]
100  60  96 | finished  tscc-13-20-0-62c76964 glide-dock_HTVS_1-0096 localhost [tscc-13-20]
101  59  96 | finished  tscc-13-20-0-62c76991 glide-dock_HTVS_1-0101 localhost [tscc-13-20]
102  58  96 | finished  tscc-13-20-0-62c76994 glide-dock_HTVS_1-0102 localhost [tscc-13-20]
103  57  96 | finished  tscc-13-20-0-62c76997 glide-dock_HTVS_1-0103 localhost [tscc-13-20]
104  56  96 | finished  tscc-13-20-0-62c769be glide-dock_HTVS_1-0106 localhost [tscc-13-20]
105  55  96 | finished  tscc-13-20-0-62c769c2 glide-dock_HTVS_1-0107 localhost [tscc-13-20]
106  54  96 | finished  tscc-13-20-0-62c769c5 glide-dock_HTVS_1-0108 localhost [tscc-13-20]
107  53  96 | finished  tscc-13-20-0-62c769ca glide-dock_HTVS_1-0109 localhost [tscc-13-20]
108  52  96 | finished  tscc-13-20-0-62c769ce glide-dock_HTVS_1-0110 localhost [tscc-13-20]
109  51  96 | finished  tscc-13-20-0-62c769d1 glide-dock_HTVS_1-0111 localhost [tscc-13-20]
110  50  96 | finished  tscc-13-20-0-62c769d6 glide-dock_HTVS_1-0112 localhost [tscc-13-20]
111  49  96 | finished  tscc-13-20-0-62c769db glide-dock_HTVS_1-0113 localhost [tscc-13-20]
112  48  96 | finished  tscc-13-20-0-62c769e1 glide-dock_HTVS_1-0114 localhost [tscc-13-20]
113  47  96 | finished  tscc-13-20-0-62c769e7 glide-dock_HTVS_1-0115 localhost [tscc-13-20]
114  46  96 | finished  tscc-13-20-0-62c769ea glide-dock_HTVS_1-0116 localhost [tscc-13-20]
115  45  96 | finished  tscc-13-20-0-62c769f8 glide-dock_HTVS_1-0119 localhost [tscc-13-20]
116  44  96 | finished  tscc-13-20-0-62c76a01 glide-dock_HTVS_1-0121 localhost [tscc-13-20]
117  43  96 | finished  tscc-13-20-0-62c76a06 glide-dock_HTVS_1-0122 localhost [tscc-13-20]
118  42  96 | finished  tscc-13-20-0-62c76a0a glide-dock_HTVS_1-0123 localhost [tscc-13-20]
119  41  96 | finished  tscc-13-20-0-62c76a0f glide-dock_HTVS_1-0124 localhost [tscc-13-20]
120  40  96 | finished  tscc-13-20-0-62c76a13 glide-dock_HTVS_1-0125 localhost [tscc-13-20]
121  39  96 | finished  tscc-13-20-0-62c76a36 glide-dock_HTVS_1-0126 localhost [tscc-13-20]
122  38  96 | finished  tscc-13-20-0-62c76a3b glide-dock_HTVS_1-0127 localhost [tscc-13-20]
123  37  96 | finished  tscc-13-20-0-62c76a3f glide-dock_HTVS_1-0128 localhost [tscc-13-20]
124  36  96 | finished  tscc-13-20-0-62c76a43 glide-dock_HTVS_1-0129 localhost [tscc-13-20]
125  35  96 | finished  tscc-13-20-0-62c76a47 glide-dock_HTVS_1-0130 localhost [tscc-13-20]
126  34  96 | finished  tscc-13-20-0-62c76a4c glide-dock_HTVS_1-0131 localhost [tscc-13-20]
127  33  96 | finished  tscc-13-20-0-62c76a50 glide-dock_HTVS_1-0132 localhost [tscc-13-20]
128  32  96 | finished  tscc-13-20-0-62c76a55 glide-dock_HTVS_1-0133 localhost [tscc-13-20]
129  31  96 | finished  tscc-13-20-0-62c76a5a glide-dock_HTVS_1-0134 localhost [tscc-13-20]
130  30  96 | finished  tscc-13-20-0-62c76a5e glide-dock_HTVS_1-0135 localhost [tscc-13-20]
131  29  96 | finished  tscc-13-20-0-62c76a64 glide-dock_HTVS_1-0136 localhost [tscc-13-20]
132  28  96 | finished  tscc-13-20-0-62c76aa8 glide-dock_HTVS_1-0137 localhost [tscc-13-20]
133  27  96 | finished  tscc-13-20-0-62c76ae8 glide-dock_HTVS_1-0138 localhost [tscc-13-20]
134  26  96 | finished  tscc-13-20-0-62c76aec glide-dock_HTVS_1-0139 localhost [tscc-13-20]
135  25  96 | finished  tscc-13-20-0-62c76b91 glide-dock_HTVS_1-0140 localhost [tscc-13-20]
136  24  96 | finished  tscc-13-20-0-62c76bbf glide-dock_HTVS_1-0141 localhost [tscc-13-20]
137  23  96 | finished  tscc-13-20-0-62c76bec glide-dock_HTVS_1-0142 localhost [tscc-13-20]
138  22  96 | finished  tscc-13-20-0-62c76c70 glide-dock_HTVS_1-0143 localhost [tscc-13-20]
138  23  95 | launched  tscc-13-20-0-62c773e0 glide-dock_HTVS_1-0161 localhost [tscc-13-20]
138  24  94 | launched  tscc-13-20-0-62c773e4 glide-dock_HTVS_1-0162 localhost [tscc-13-20]
138  25  93 | launched  tscc-13-20-0-62c773e7 glide-dock_HTVS_1-0163 localhost [tscc-13-20]
138  26  92 | launched  tscc-13-20-0-62c773eb glide-dock_HTVS_1-0164 localhost [tscc-13-20]
138  27  91 | launched  tscc-13-20-0-62c773ee glide-dock_HTVS_1-0165 localhost [tscc-13-20]
139  26  91 | finished  tscc-13-20-0-62c7686f glide-dock_HTVS_1-0084 localhost [tscc-13-20]
140  25  91 | finished  tscc-13-20-0-62c76937 glide-dock_HTVS_1-0092 localhost [tscc-13-20]
141  24  91 | finished  tscc-13-20-0-62c76942 glide-dock_HTVS_1-0095 localhost [tscc-13-20]
142  23  91 | finished  tscc-13-20-0-62c7696c glide-dock_HTVS_1-0098 localhost [tscc-13-20]
143  22  91 | finished  tscc-13-20-0-62c7699a glide-dock_HTVS_1-0104 localhost [tscc-13-20]
143  23  90 | launched  tscc-13-20-0-62c77459 glide-dock_HTVS_1-0166 localhost [tscc-13-20]
143  24  89 | launched  tscc-13-20-0-62c7745c glide-dock_HTVS_1-0167 localhost [tscc-13-20]
143  25  88 | launched  tscc-13-20-0-62c77460 glide-dock_HTVS_1-0168 localhost [tscc-13-20]
143  26  87 | launched  tscc-13-20-0-62c77465 glide-dock_HTVS_1-0169 localhost [tscc-13-20]
143  27  86 | launched  tscc-13-20-0-62c77469 glide-dock_HTVS_1-0170 localhost [tscc-13-20]
144  26  86 | finished  tscc-13-20-0-62c76e22 glide-dock_HTVS_1-0145 localhost [tscc-13-20]
145  25  86 | finished  tscc-13-20-0-62c76eac glide-dock_HTVS_1-0146 localhost [tscc-13-20]
146  24  86 | finished  tscc-13-20-0-62c76f15 glide-dock_HTVS_1-0147 localhost [tscc-13-20]
146  25  85 | launched  tscc-13-20-0-62c774aa glide-dock_HTVS_1-0171 localhost [tscc-13-20]
146  26  84 | launched  tscc-13-20-0-62c774ad glide-dock_HTVS_1-0172 localhost [tscc-13-20]
146  27  83 | launched  tscc-13-20-0-62c774b0 glide-dock_HTVS_1-0173 localhost [tscc-13-20]
146  28  82 | launched  tscc-13-20-0-62c774b7 glide-dock_HTVS_1-0174 localhost [tscc-13-20]
146  29  81 | launched  tscc-13-20-0-62c774bb glide-dock_HTVS_1-0175 localhost [tscc-13-20]
147  28  81 | finished  tscc-13-20-0-62c76d48 glide-dock_HTVS_1-0144 localhost [tscc-13-20]
147  29  80 | launched  tscc-13-20-0-62c774d6 glide-dock_HTVS_1-0176 localhost [tscc-13-20]
147  30  79 | launched  tscc-13-20-0-62c774da glide-dock_HTVS_1-0177 localhost [tscc-13-20]
147  31  78 | launched  tscc-13-20-0-62c774df glide-dock_HTVS_1-0178 localhost [tscc-13-20]
147  32  77 | launched  tscc-13-20-0-62c774e3 glide-dock_HTVS_1-0179 localhost [tscc-13-20]
147  33  76 | launched  tscc-13-20-0-62c774e9 glide-dock_HTVS_1-0180 localhost [tscc-13-20]
147  34  75 | launched  tscc-13-20-0-62c774ee glide-dock_HTVS_1-0181 localhost [tscc-13-20]
147  35  74 | launched  tscc-13-20-0-62c774f2 glide-dock_HTVS_1-0182 localhost [tscc-13-20]
147  36  73 | launched  tscc-13-20-0-62c774f6 glide-dock_HTVS_1-0183 localhost [tscc-13-20]
147  37  72 | launched  tscc-13-20-0-62c774fb glide-dock_HTVS_1-0184 localhost [tscc-13-20]
147  38  71 | launched  tscc-13-20-0-62c77500 glide-dock_HTVS_1-0185 localhost [tscc-13-20]
147  39  70 | launched  tscc-13-20-0-62c77504 glide-dock_HTVS_1-0186 localhost [tscc-13-20]
147  40  69 | launched  tscc-13-20-0-62c77508 glide-dock_HTVS_1-0187 localhost [tscc-13-20]
147  41  68 | launched  tscc-13-20-0-62c7750d glide-dock_HTVS_1-0188 localhost [tscc-13-20]
147  42  67 | launched  tscc-13-20-0-62c77511 glide-dock_HTVS_1-0189 localhost [tscc-13-20]
147  43  66 | launched  tscc-13-20-0-62c77516 glide-dock_HTVS_1-0190 localhost [tscc-13-20]
147  44  65 | launched  tscc-13-20-0-62c7751b glide-dock_HTVS_1-0191 localhost [tscc-13-20]
147  45  64 | launched  tscc-13-20-0-62c7751f glide-dock_HTVS_1-0192 localhost [tscc-13-20]
147  46  63 | launched  tscc-13-20-0-62c77525 glide-dock_HTVS_1-0193 localhost [tscc-13-20]
147  47  62 | launched  tscc-13-20-0-62c77529 glide-dock_HTVS_1-0194 localhost [tscc-13-20]
147  48  61 | launched  tscc-13-20-0-62c7752d glide-dock_HTVS_1-0195 localhost [tscc-13-20]
147  49  60 | launched  tscc-13-20-0-62c77532 glide-dock_HTVS_1-0196 localhost [tscc-13-20]
147  50  59 | launched  tscc-13-20-0-62c77536 glide-dock_HTVS_1-0197 localhost [tscc-13-20]
147  51  58 | launched  tscc-13-20-0-62c7753a glide-dock_HTVS_1-0198 localhost [tscc-13-20]
147  52  57 | launched  tscc-13-20-0-62c7753f glide-dock_HTVS_1-0199 localhost [tscc-13-20]
147  53  56 | launched  tscc-13-20-0-62c77543 glide-dock_HTVS_1-0200 localhost [tscc-13-20]
147  54  55 | launched  tscc-13-20-0-62c7754a glide-dock_HTVS_1-0201 localhost [tscc-13-20]
147  55  54 | launched  tscc-13-20-0-62c7754e glide-dock_HTVS_1-0202 localhost [tscc-13-20]
147  56  53 | launched  tscc-13-20-0-62c77553 glide-dock_HTVS_1-0203 localhost [tscc-13-20]
147  57  52 | launched  tscc-13-20-0-62c77557 glide-dock_HTVS_1-0204 localhost [tscc-13-20]
147  58  51 | launched  tscc-13-20-0-62c7755c glide-dock_HTVS_1-0205 localhost [tscc-13-20]
147  59  50 | launched  tscc-13-20-0-62c77564 glide-dock_HTVS_1-0206 localhost [tscc-13-20]
147  60  49 | launched  tscc-13-20-0-62c77569 glide-dock_HTVS_1-0207 localhost [tscc-13-20]
147  61  48 | launched  tscc-13-20-0-62c7756e glide-dock_HTVS_1-0208 localhost [tscc-13-20]
147  62  47 | launched  tscc-13-20-0-62c77573 glide-dock_HTVS_1-0209 localhost [tscc-13-20]
147  63  46 | launched  tscc-13-20-0-62c77577 glide-dock_HTVS_1-0210 localhost [tscc-13-20]
148  62  46 | finished  tscc-13-20-0-62c76f6b glide-dock_HTVS_1-0148 localhost [tscc-13-20]
149  61  46 | finished  tscc-13-20-0-62c76f97 glide-dock_HTVS_1-0151 localhost [tscc-13-20]
149  62  45 | launched  tscc-13-20-0-62c775b7 glide-dock_HTVS_1-0211 localhost [tscc-13-20]
149  63  44 | launched  tscc-13-20-0-62c775bb glide-dock_HTVS_1-0212 localhost [tscc-13-20]
149  64  43 | launched  tscc-13-20-0-62c775c0 glide-dock_HTVS_1-0213 localhost [tscc-13-20]
150  63  43 | finished  tscc-13-20-0-62c76f6f glide-dock_HTVS_1-0149 localhost [tscc-13-20]
150  64  42 | launched  tscc-13-20-0-62c775e1 glide-dock_HTVS_1-0214 localhost [tscc-13-20]
151  63  42 | finished  tscc-13-20-0-62c76fed glide-dock_HTVS_1-0152 localhost [tscc-13-20]
151  64  41 | launched  tscc-13-20-0-62c7763d glide-dock_HTVS_1-0215 localhost [tscc-13-20]
152  63  41 | finished  tscc-13-20-0-62c76f73 glide-dock_HTVS_1-0150 localhost [tscc-13-20]
152  64  40 | launched  tscc-13-20-0-62c776a6 glide-dock_HTVS_1-0216 localhost [tscc-13-20]
153  63  40 | finished  tscc-13-20-0-62c7704f glide-dock_HTVS_1-0155 localhost [tscc-13-20]
153  64  39 | launched  tscc-13-20-0-62c776c9 glide-dock_HTVS_1-0217 localhost [tscc-13-20]
154  63  39 | finished  tscc-13-20-0-62c77047 glide-dock_HTVS_1-0153 localhost [tscc-13-20]
155  62  39 | finished  tscc-13-20-0-62c77128 glide-dock_HTVS_1-0158 localhost [tscc-13-20]
155  63  38 | launched  tscc-13-20-0-62c77703 glide-dock_HTVS_1-0218 localhost [tscc-13-20]
155  64  37 | launched  tscc-13-20-0-62c77707 glide-dock_HTVS_1-0219 localhost [tscc-13-20]
156  63  37 | finished  tscc-13-20-0-62c77125 glide-dock_HTVS_1-0157 localhost [tscc-13-20]
157  62  37 | finished  tscc-13-20-0-62c7712c glide-dock_HTVS_1-0159 localhost [tscc-13-20]
157  63  36 | launched  tscc-13-20-0-62c77743 glide-dock_HTVS_1-0220 localhost [tscc-13-20]
157  64  35 | launched  tscc-13-20-0-62c77746 glide-dock_HTVS_1-0221 localhost [tscc-13-20]
158  63  35 | finished  tscc-13-20-0-62c7704b glide-dock_HTVS_1-0154 localhost [tscc-13-20]
159  62  35 | finished  tscc-13-20-0-62c77122 glide-dock_HTVS_1-0156 localhost [tscc-13-20]
159  63  34 | launched  tscc-13-20-0-62c7777d glide-dock_HTVS_1-0222 localhost [tscc-13-20]
159  64  33 | launched  tscc-13-20-0-62c77782 glide-dock_HTVS_1-0223 localhost [tscc-13-20]
160  63  33 | finished  tscc-13-20-0-62c77131 glide-dock_HTVS_1-0160 localhost [tscc-13-20]
160  64  32 | launched  tscc-13-20-0-62c778f7 glide-dock_HTVS_1-0224 localhost [tscc-13-20]
161  63  32 | finished  tscc-13-20-0-62c7755c glide-dock_HTVS_1-0205 localhost [tscc-13-20]
161  64  31 | launched  tscc-13-20-0-62c77a38 glide-dock_HTVS_1-0225 localhost [tscc-13-20]
162  63  31 | finished  tscc-13-20-0-62c77564 glide-dock_HTVS_1-0206 localhost [tscc-13-20]
162  64  30 | launched  tscc-13-20-0-62c77a5a glide-dock_HTVS_1-0226 localhost [tscc-13-20]
163  63  30 | finished  tscc-13-20-0-62c7750d glide-dock_HTVS_1-0188 localhost [tscc-13-20]
163  64  29 | launched  tscc-13-20-0-62c77aac glide-dock_HTVS_1-0227 localhost [tscc-13-20]
164  63  29 | finished  tscc-13-20-0-62c77504 glide-dock_HTVS_1-0186 localhost [tscc-13-20]
164  64  28 | launched  tscc-13-20-0-62c77adc glide-dock_HTVS_1-0228 localhost [tscc-13-20]
165  63  28 | finished  tscc-13-20-0-62c773e0 glide-dock_HTVS_1-0161 localhost [tscc-13-20]
166  62  28 | finished  tscc-13-20-0-62c774e9 glide-dock_HTVS_1-0180 localhost [tscc-13-20]
167  61  28 | finished  tscc-13-20-0-62c77573 glide-dock_HTVS_1-0209 localhost [tscc-13-20]
167  62  27 | launched  tscc-13-20-0-62c77b39 glide-dock_HTVS_1-0229 localhost [tscc-13-20]
167  63  26 | launched  tscc-13-20-0-62c77b3d glide-dock_HTVS_1-0230 localhost [tscc-13-20]
167  64  25 | launched  tscc-13-20-0-62c77b41 glide-dock_HTVS_1-0231 localhost [tscc-13-20]
168  63  25 | finished  tscc-13-20-0-62c773e4 glide-dock_HTVS_1-0162 localhost [tscc-13-20]
169  62  25 | finished  tscc-13-20-0-62c77465 glide-dock_HTVS_1-0169 localhost [tscc-13-20]
170  61  25 | finished  tscc-13-20-0-62c774ad glide-dock_HTVS_1-0172 localhost [tscc-13-20]
171  60  25 | finished  tscc-13-20-0-62c774b7 glide-dock_HTVS_1-0174 localhost [tscc-13-20]
172  59  25 | finished  tscc-13-20-0-62c774bb glide-dock_HTVS_1-0175 localhost [tscc-13-20]
173  58  25 | finished  tscc-13-20-0-62c77516 glide-dock_HTVS_1-0190 localhost [tscc-13-20]
174  57  25 | finished  tscc-13-20-0-62c7751b glide-dock_HTVS_1-0191 localhost [tscc-13-20]
175  56  25 | finished  tscc-13-20-0-62c7751f glide-dock_HTVS_1-0192 localhost [tscc-13-20]
176  55  25 | finished  tscc-13-20-0-62c77529 glide-dock_HTVS_1-0194 localhost [tscc-13-20]
177  54  25 | finished  tscc-13-20-0-62c77703 glide-dock_HTVS_1-0218 localhost [tscc-13-20]
177  55  24 | launched  tscc-13-20-0-62c77c38 glide-dock_HTVS_1-0232 localhost [tscc-13-20]
177  56  23 | launched  tscc-13-20-0-62c77c3c glide-dock_HTVS_1-0233 localhost [tscc-13-20]
177  57  22 | launched  tscc-13-20-0-62c77c40 glide-dock_HTVS_1-0234 localhost [tscc-13-20]
177  58  21 | launched  tscc-13-20-0-62c77c44 glide-dock_HTVS_1-0235 localhost [tscc-13-20]
177  59  20 | launched  tscc-13-20-0-62c77c49 glide-dock_HTVS_1-0236 localhost [tscc-13-20]
178  58  20 | finished  tscc-13-20-0-62c773e7 glide-dock_HTVS_1-0163 localhost [tscc-13-20]
179  57  20 | finished  tscc-13-20-0-62c773eb glide-dock_HTVS_1-0164 localhost [tscc-13-20]
180  56  20 | finished  tscc-13-20-0-62c773ee glide-dock_HTVS_1-0165 localhost [tscc-13-20]
181  55  20 | finished  tscc-13-20-0-62c77459 glide-dock_HTVS_1-0166 localhost [tscc-13-20]
182  54  20 | finished  tscc-13-20-0-62c7745c glide-dock_HTVS_1-0167 localhost [tscc-13-20]
183  53  20 | finished  tscc-13-20-0-62c77469 glide-dock_HTVS_1-0170 localhost [tscc-13-20]
184  52  20 | finished  tscc-13-20-0-62c774aa glide-dock_HTVS_1-0171 localhost [tscc-13-20]
185  51  20 | finished  tscc-13-20-0-62c774b0 glide-dock_HTVS_1-0173 localhost [tscc-13-20]
186  50  20 | finished  tscc-13-20-0-62c774d6 glide-dock_HTVS_1-0176 localhost [tscc-13-20]
187  49  20 | finished  tscc-13-20-0-62c774df glide-dock_HTVS_1-0178 localhost [tscc-13-20]
188  48  20 | finished  tscc-13-20-0-62c774e3 glide-dock_HTVS_1-0179 localhost [tscc-13-20]
189  47  20 | finished  tscc-13-20-0-62c774ee glide-dock_HTVS_1-0181 localhost [tscc-13-20]
190  46  20 | finished  tscc-13-20-0-62c774f2 glide-dock_HTVS_1-0182 localhost [tscc-13-20]
191  45  20 | finished  tscc-13-20-0-62c774f6 glide-dock_HTVS_1-0183 localhost [tscc-13-20]
192  44  20 | finished  tscc-13-20-0-62c774fb glide-dock_HTVS_1-0184 localhost [tscc-13-20]
193  43  20 | finished  tscc-13-20-0-62c77500 glide-dock_HTVS_1-0185 localhost [tscc-13-20]
194  42  20 | finished  tscc-13-20-0-62c77508 glide-dock_HTVS_1-0187 localhost [tscc-13-20]
195  41  20 | finished  tscc-13-20-0-62c77511 glide-dock_HTVS_1-0189 localhost [tscc-13-20]
196  40  20 | finished  tscc-13-20-0-62c77525 glide-dock_HTVS_1-0193 localhost [tscc-13-20]
197  39  20 | finished  tscc-13-20-0-62c7752d glide-dock_HTVS_1-0195 localhost [tscc-13-20]
198  38  20 | finished  tscc-13-20-0-62c77532 glide-dock_HTVS_1-0196 localhost [tscc-13-20]
199  37  20 | finished  tscc-13-20-0-62c77536 glide-dock_HTVS_1-0197 localhost [tscc-13-20]
200  36  20 | finished  tscc-13-20-0-62c7753a glide-dock_HTVS_1-0198 localhost [tscc-13-20]
201  35  20 | finished  tscc-13-20-0-62c7753f glide-dock_HTVS_1-0199 localhost [tscc-13-20]
202  34  20 | finished  tscc-13-20-0-62c77543 glide-dock_HTVS_1-0200 localhost [tscc-13-20]
203  33  20 | finished  tscc-13-20-0-62c7754a glide-dock_HTVS_1-0201 localhost [tscc-13-20]
204  32  20 | finished  tscc-13-20-0-62c7754e glide-dock_HTVS_1-0202 localhost [tscc-13-20]
205  31  20 | finished  tscc-13-20-0-62c77553 glide-dock_HTVS_1-0203 localhost [tscc-13-20]
206  30  20 | finished  tscc-13-20-0-62c77557 glide-dock_HTVS_1-0204 localhost [tscc-13-20]
207  29  20 | finished  tscc-13-20-0-62c77569 glide-dock_HTVS_1-0207 localhost [tscc-13-20]
208  28  20 | finished  tscc-13-20-0-62c7756e glide-dock_HTVS_1-0208 localhost [tscc-13-20]
209  27  20 | finished  tscc-13-20-0-62c77577 glide-dock_HTVS_1-0210 localhost [tscc-13-20]
210  26  20 | finished  tscc-13-20-0-62c775b7 glide-dock_HTVS_1-0211 localhost [tscc-13-20]
211  25  20 | finished  tscc-13-20-0-62c775bb glide-dock_HTVS_1-0212 localhost [tscc-13-20]
212  24  20 | finished  tscc-13-20-0-62c775c0 glide-dock_HTVS_1-0213 localhost [tscc-13-20]
213  23  20 | finished  tscc-13-20-0-62c775e1 glide-dock_HTVS_1-0214 localhost [tscc-13-20]
214  22  20 | finished  tscc-13-20-0-62c7763d glide-dock_HTVS_1-0215 localhost [tscc-13-20]
215  21  20 | finished  tscc-13-20-0-62c776c9 glide-dock_HTVS_1-0217 localhost [tscc-13-20]
216  20  20 | finished  tscc-13-20-0-62c77707 glide-dock_HTVS_1-0219 localhost [tscc-13-20]
217  19  20 | finished  tscc-13-20-0-62c77743 glide-dock_HTVS_1-0220 localhost [tscc-13-20]
218  18  20 | finished  tscc-13-20-0-62c77746 glide-dock_HTVS_1-0221 localhost [tscc-13-20]
219  17  20 | finished  tscc-13-20-0-62c7777d glide-dock_HTVS_1-0222 localhost [tscc-13-20]
220  16  20 | finished  tscc-13-20-0-62c77782 glide-dock_HTVS_1-0223 localhost [tscc-13-20]
221  15  20 | finished  tscc-13-20-0-62c778f7 glide-dock_HTVS_1-0224 localhost [tscc-13-20]
222  14  20 | finished  tscc-13-20-0-62c77b39 glide-dock_HTVS_1-0229 localhost [tscc-13-20]
223  13  20 | finished  tscc-13-20-0-62c77b3d glide-dock_HTVS_1-0230 localhost [tscc-13-20]
223  14  19 | launched  tscc-13-20-0-62c77f60 glide-dock_HTVS_1-0237 localhost [tscc-13-20]
223  15  18 | launched  tscc-13-20-0-62c77f63 glide-dock_HTVS_1-0238 localhost [tscc-13-20]
223  16  17 | launched  tscc-13-20-0-62c77f67 glide-dock_HTVS_1-0239 localhost [tscc-13-20]
223  17  16 | launched  tscc-13-20-0-62c77f6a glide-dock_HTVS_1-0240 localhost [tscc-13-20]
223  18  15 | launched  tscc-13-20-0-62c77f6e glide-dock_HTVS_1-0241 localhost [tscc-13-20]
224  17  15 | finished  tscc-13-20-0-62c77460 glide-dock_HTVS_1-0168 localhost [tscc-13-20]
225  16  15 | finished  tscc-13-20-0-62c774da glide-dock_HTVS_1-0177 localhost [tscc-13-20]
226  15  15 | finished  tscc-13-20-0-62c776a6 glide-dock_HTVS_1-0216 localhost [tscc-13-20]
227  14  15 | finished  tscc-13-20-0-62c77a5a glide-dock_HTVS_1-0226 localhost [tscc-13-20]
227  15  14 | launched  tscc-13-20-0-62c77fc2 glide-dock_HTVS_1-0242 localhost [tscc-13-20]
227  16  13 | launched  tscc-13-20-0-62c77fc6 glide-dock_HTVS_1-0243 localhost [tscc-13-20]
227  17  12 | launched  tscc-13-20-0-62c77fca glide-dock_HTVS_1-0244 localhost [tscc-13-20]
227  18  11 | launched  tscc-13-20-0-62c77fcd glide-dock_HTVS_1-0245 localhost [tscc-13-20]
227  19  10 | launched  tscc-13-20-0-62c77fd1 glide-dock_HTVS_1-0246 localhost [tscc-13-20]
228  18  10 | finished  tscc-13-20-0-62c77a38 glide-dock_HTVS_1-0225 localhost [tscc-13-20]
229  17  10 | finished  tscc-13-20-0-62c77aac glide-dock_HTVS_1-0227 localhost [tscc-13-20]
230  16  10 | finished  tscc-13-20-0-62c77adc glide-dock_HTVS_1-0228 localhost [tscc-13-20]
231  15  10 | finished  tscc-13-20-0-62c77b41 glide-dock_HTVS_1-0231 localhost [tscc-13-20]
231  16   9 | launched  tscc-13-20-0-62c7801c glide-dock_HTVS_1-0247 localhost [tscc-13-20]
231  17   8 | launched  tscc-13-20-0-62c7801f glide-dock_HTVS_1-0248 localhost [tscc-13-20]
231  18   7 | launched  tscc-13-20-0-62c78024 glide-dock_HTVS_1-0249 localhost [tscc-13-20]
231  19   6 | launched  tscc-13-20-0-62c78028 glide-dock_HTVS_1-0250 localhost [tscc-13-20]
231  20   5 | launched  tscc-13-20-0-62c7802c glide-dock_HTVS_1-0251 localhost [tscc-13-20]
232  19   5 | finished  tscc-13-20-0-62c77c38 glide-dock_HTVS_1-0232 localhost [tscc-13-20]
232  20   4 | launched  tscc-13-20-0-62c78046 glide-dock_HTVS_1-0252 localhost [tscc-13-20]
232  21   3 | launched  tscc-13-20-0-62c7804a glide-dock_HTVS_1-0253 localhost [tscc-13-20]
232  22   2 | launched  tscc-13-20-0-62c7804d glide-dock_HTVS_1-0254 localhost [tscc-13-20]
232  23   1 | launched  tscc-13-20-0-62c78051 glide-dock_HTVS_1-0255 localhost [tscc-13-20]
232  24   0 | launched  tscc-13-20-0-62c78056 glide-dock_HTVS_1-0256 localhost [tscc-13-20]
233  23   0 | finished  tscc-13-20-0-62c77c3c glide-dock_HTVS_1-0233 localhost [tscc-13-20]
234  22   0 | finished  tscc-13-20-0-62c77c40 glide-dock_HTVS_1-0234 localhost [tscc-13-20]
235  21   0 | finished  tscc-13-20-0-62c77c44 glide-dock_HTVS_1-0235 localhost [tscc-13-20]
236  20   0 | finished  tscc-13-20-0-62c77c49 glide-dock_HTVS_1-0236 localhost [tscc-13-20]
237  19   0 | finished  tscc-13-20-0-62c78051 glide-dock_HTVS_1-0255 localhost [tscc-13-20]
238  18   0 | finished  tscc-13-20-0-62c77f67 glide-dock_HTVS_1-0239 localhost [tscc-13-20]
239  17   0 | finished  tscc-13-20-0-62c77f6e glide-dock_HTVS_1-0241 localhost [tscc-13-20]
240  16   0 | finished  tscc-13-20-0-62c77f63 glide-dock_HTVS_1-0238 localhost [tscc-13-20]
241  15   0 | finished  tscc-13-20-0-62c77f6a glide-dock_HTVS_1-0240 localhost [tscc-13-20]
242  14   0 | finished  tscc-13-20-0-62c77fc2 glide-dock_HTVS_1-0242 localhost [tscc-13-20]
243  13   0 | finished  tscc-13-20-0-62c77fca glide-dock_HTVS_1-0244 localhost [tscc-13-20]
244  12   0 | finished  tscc-13-20-0-62c77f60 glide-dock_HTVS_1-0237 localhost [tscc-13-20]
245  11   0 | finished  tscc-13-20-0-62c77fc6 glide-dock_HTVS_1-0243 localhost [tscc-13-20]
246  10   0 | finished  tscc-13-20-0-62c7801f glide-dock_HTVS_1-0248 localhost [tscc-13-20]
247   9   0 | finished  tscc-13-20-0-62c78024 glide-dock_HTVS_1-0249 localhost [tscc-13-20]
248   8   0 | finished  tscc-13-20-0-62c7804d glide-dock_HTVS_1-0254 localhost [tscc-13-20]
249   7   0 | finished  tscc-13-20-0-62c78028 glide-dock_HTVS_1-0250 localhost [tscc-13-20]
250   6   0 | finished  tscc-13-20-0-62c78056 glide-dock_HTVS_1-0256 localhost [tscc-13-20]
251   5   0 | finished  tscc-13-20-0-62c7804a glide-dock_HTVS_1-0253 localhost [tscc-13-20]
252   4   0 | finished  tscc-13-20-0-62c7802c glide-dock_HTVS_1-0251 localhost [tscc-13-20]
253   3   0 | finished  tscc-13-20-0-62c77fd1 glide-dock_HTVS_1-0246 localhost [tscc-13-20]
254   2   0 | finished  tscc-13-20-0-62c78046 glide-dock_HTVS_1-0252 localhost [tscc-13-20]
255   1   0 | finished  tscc-13-20-0-62c7801c glide-dock_HTVS_1-0247 localhost [tscc-13-20]
256   0   0 | finished  tscc-13-20-0-62c77fcd glide-dock_HTVS_1-0245 localhost [tscc-13-20]

All jobs have completed.

256 of 256 job(s) succeeded; 0 job(s) failed.

All jobs succeeded: 930464 ligands done.
Writing poses to glide-dock_HTVS_1_pv.maegz
Combining log files to glide-dock_HTVS_1_subjobs.log
Archiving subjob pose files in glide-dock_HTVS_1_subjob_poses.zip
Archiving subjob input and log files in glide-dock_HTVS_1_subjobs.tar.gz
Cleaning up...

Elapsed times:
- preprocessing: 382.6 s
- running subjobs: 10562.9 s
- postprocessing: 1421.2 s
- cleanup: 803.7 s

All Glide docking subjobs: Total CPU time = 365383 seconds (4 d 5 h 29 min 43 s)

Finished at: Thu Jul  7 18:57:20 2022
Total elapsed time for Glide script = 13197 seconds (3 h 39 min 57 s)
