
====================================
            Glide Script            
====================================

mmshare         2cb27f0eb7
glide-src       1e5ffd4733
psp-src         6c93e2fe77
macromodel-src  d47a6cf2e1
epik-src        46d635d642

--------------------------------------------------------------------------------
JobId          : tscc-13-18-0-62c8bb25
Name           : glide-dock_HTVS_1
Program        : Glide
Host           : tscc-13-18.sdsc.edu
Dir            : /oasis/tscc/scratch/cseitz/docking/mtb/disulfide/oxygen_channel/oxygen_1845/lifechemicals
HostEntry      : localhost
JobHost        : tscc-13-18.sdsc.edu
JobDir         : /oasis/tscc/scratch/cseitz/docking/mtb/disulfide/oxygen_channel/oxygen_1845/lifechemicals/cseitz/glide-dock_HTVS_1
JobSchrodinger : /home/ux453813/pkg/schrodinger2021-1
Commandline    : /home/ux453813/pkg/schrodinger2021-1/glide -WAIT glide-dock_HTVS_1.in -OVERWRITE -adjust -HOST localhost:64 -NJOBS 256 -NOLOCAL
StartTime      : 2022-07-08-16:18:02
--------------------------------------------------------------------------------

Running locally: False
Max retries: 2
Input file: glide-dock_HTVS_1.in

Setting up docking job
Separating ligands...
..................................................     50000
..................................................    100000
..................................................    150000
..................................................    200000
..................................................    250000
..................................................    300000
..................................................    350000
..................................................    400000
..................................................    450000
..................................................    500000
..................................................    550000
..................................................    600000
..................................................    650000
..................................................    700000
..................................................    750000
..................................................    800000
..................................................    850000
..................................................    900000
..............................                        930464
Number of structures that are to be docked: 930464
Setting up Glide docking jobs...

Running subjobs on hosts:
  localhost (Max: 64)
Number of jobs:       256
Max retries per job:  2
Max allowed failures: unlimited
Verbosity:            normal

Starting JobDJ...

Keep one job on driver host: False
JobDJ columns:
  C: Number of completed subjobs
  A: Number of active subjobs (e.g., submitted, running)
  W: Number of waiting/pending subjobs

  C   A   W | Activity  JobId  JobName  JobHost
--- --- --- | --------- -----------------------
  0   1 255 | launched  tscc-13-18-0-62c8bcae glide-dock_HTVS_1-0001 localhost [tscc-13-18]
  0   2 254 | launched  tscc-13-18-0-62c8bcb0 glide-dock_HTVS_1-0002 localhost [tscc-13-18]
  0   3 253 | launched  tscc-13-18-0-62c8bcb3 glide-dock_HTVS_1-0003 localhost [tscc-13-18]
  0   4 252 | launched  tscc-13-18-0-62c8bcb5 glide-dock_HTVS_1-0004 localhost [tscc-13-18]
  0   5 251 | launched  tscc-13-18-0-62c8bcb8 glide-dock_HTVS_1-0005 localhost [tscc-13-18]
  0   6 250 | launched  tscc-13-18-0-62c8bcba glide-dock_HTVS_1-0006 localhost [tscc-13-18]
  0   7 249 | launched  tscc-13-18-0-62c8bcbd glide-dock_HTVS_1-0007 localhost [tscc-13-18]
  0   8 248 | launched  tscc-13-18-0-62c8bcbf glide-dock_HTVS_1-0008 localhost [tscc-13-18]
  0   9 247 | launched  tscc-13-18-0-62c8bcc2 glide-dock_HTVS_1-0009 localhost [tscc-13-18]
  0  10 246 | launched  tscc-13-18-0-62c8bcc4 glide-dock_HTVS_1-0010 localhost [tscc-13-18]
  0  11 245 | launched  tscc-13-18-0-62c8bcc7 glide-dock_HTVS_1-0011 localhost [tscc-13-18]
  0  12 244 | launched  tscc-13-18-0-62c8bcc9 glide-dock_HTVS_1-0012 localhost [tscc-13-18]
  0  13 243 | launched  tscc-13-18-0-62c8bccc glide-dock_HTVS_1-0013 localhost [tscc-13-18]
  0  14 242 | launched  tscc-13-18-0-62c8bcce glide-dock_HTVS_1-0014 localhost [tscc-13-18]
  0  15 241 | launched  tscc-13-18-0-62c8bcd1 glide-dock_HTVS_1-0015 localhost [tscc-13-18]
  0  16 240 | launched  tscc-13-18-0-62c8bcd3 glide-dock_HTVS_1-0016 localhost [tscc-13-18]
  0  17 239 | launched  tscc-13-18-0-62c8bcd5 glide-dock_HTVS_1-0017 localhost [tscc-13-18]
  0  18 238 | launched  tscc-13-18-0-62c8bcd8 glide-dock_HTVS_1-0018 localhost [tscc-13-18]
  0  19 237 | launched  tscc-13-18-0-62c8bcda glide-dock_HTVS_1-0019 localhost [tscc-13-18]
  0  20 236 | launched  tscc-13-18-0-62c8bcdd glide-dock_HTVS_1-0020 localhost [tscc-13-18]
  0  21 235 | launched  tscc-13-18-0-62c8bcdf glide-dock_HTVS_1-0021 localhost [tscc-13-18]
  0  22 234 | launched  tscc-13-18-0-62c8bce1 glide-dock_HTVS_1-0022 localhost [tscc-13-18]
  0  23 233 | launched  tscc-13-18-0-62c8bce4 glide-dock_HTVS_1-0023 localhost [tscc-13-18]
  0  24 232 | launched  tscc-13-18-0-62c8bce6 glide-dock_HTVS_1-0024 localhost [tscc-13-18]
  0  25 231 | launched  tscc-13-18-0-62c8bce8 glide-dock_HTVS_1-0025 localhost [tscc-13-18]
  0  26 230 | launched  tscc-13-18-0-62c8bceb glide-dock_HTVS_1-0026 localhost [tscc-13-18]
  0  27 229 | launched  tscc-13-18-0-62c8bced glide-dock_HTVS_1-0027 localhost [tscc-13-18]
  0  28 228 | launched  tscc-13-18-0-62c8bcf0 glide-dock_HTVS_1-0028 localhost [tscc-13-18]
  0  29 227 | launched  tscc-13-18-0-62c8bcf2 glide-dock_HTVS_1-0029 localhost [tscc-13-18]
  0  30 226 | launched  tscc-13-18-0-62c8bcf5 glide-dock_HTVS_1-0030 localhost [tscc-13-18]
  0  31 225 | launched  tscc-13-18-0-62c8bcf7 glide-dock_HTVS_1-0031 localhost [tscc-13-18]
  0  32 224 | launched  tscc-13-18-0-62c8bcfa glide-dock_HTVS_1-0032 localhost [tscc-13-18]
  0  33 223 | launched  tscc-13-18-0-62c8bcfc glide-dock_HTVS_1-0033 localhost [tscc-13-18]
  0  34 222 | launched  tscc-13-18-0-62c8bcff glide-dock_HTVS_1-0034 localhost [tscc-13-18]
  0  35 221 | launched  tscc-13-18-0-62c8bd01 glide-dock_HTVS_1-0035 localhost [tscc-13-18]
  0  36 220 | launched  tscc-13-18-0-62c8bd03 glide-dock_HTVS_1-0036 localhost [tscc-13-18]
  0  37 219 | launched  tscc-13-18-0-62c8bd06 glide-dock_HTVS_1-0037 localhost [tscc-13-18]
  0  38 218 | launched  tscc-13-18-0-62c8bd09 glide-dock_HTVS_1-0038 localhost [tscc-13-18]
  0  39 217 | launched  tscc-13-18-0-62c8bd0b glide-dock_HTVS_1-0039 localhost [tscc-13-18]
  0  40 216 | launched  tscc-13-18-0-62c8bd0e glide-dock_HTVS_1-0040 localhost [tscc-13-18]
  0  41 215 | launched  tscc-13-18-0-62c8bd11 glide-dock_HTVS_1-0041 localhost [tscc-13-18]
  0  42 214 | launched  tscc-13-18-0-62c8bd14 glide-dock_HTVS_1-0042 localhost [tscc-13-18]
  0  43 213 | launched  tscc-13-18-0-62c8bd17 glide-dock_HTVS_1-0043 localhost [tscc-13-18]
  0  44 212 | launched  tscc-13-18-0-62c8bd1a glide-dock_HTVS_1-0044 localhost [tscc-13-18]
  0  45 211 | launched  tscc-13-18-0-62c8bd1c glide-dock_HTVS_1-0045 localhost [tscc-13-18]
  0  46 210 | launched  tscc-13-18-0-62c8bd1f glide-dock_HTVS_1-0046 localhost [tscc-13-18]
  0  47 209 | launched  tscc-13-18-0-62c8bd22 glide-dock_HTVS_1-0047 localhost [tscc-13-18]
  0  48 208 | launched  tscc-13-18-0-62c8bd24 glide-dock_HTVS_1-0048 localhost [tscc-13-18]
  0  49 207 | launched  tscc-13-18-0-62c8bd27 glide-dock_HTVS_1-0049 localhost [tscc-13-18]
  0  50 206 | launched  tscc-13-18-0-62c8bd2a glide-dock_HTVS_1-0050 localhost [tscc-13-18]
  0  51 205 | launched  tscc-13-18-0-62c8bd2c glide-dock_HTVS_1-0051 localhost [tscc-13-18]
  0  52 204 | launched  tscc-13-18-0-62c8bd2f glide-dock_HTVS_1-0052 localhost [tscc-13-18]
  0  53 203 | launched  tscc-13-18-0-62c8bd32 glide-dock_HTVS_1-0053 localhost [tscc-13-18]
  0  54 202 | launched  tscc-13-18-0-62c8bd34 glide-dock_HTVS_1-0054 localhost [tscc-13-18]
  0  55 201 | launched  tscc-13-18-0-62c8bd37 glide-dock_HTVS_1-0055 localhost [tscc-13-18]
  0  56 200 | launched  tscc-13-18-0-62c8bd3a glide-dock_HTVS_1-0056 localhost [tscc-13-18]
  0  57 199 | launched  tscc-13-18-0-62c8bd3d glide-dock_HTVS_1-0057 localhost [tscc-13-18]
  0  58 198 | launched  tscc-13-18-0-62c8bd3f glide-dock_HTVS_1-0058 localhost [tscc-13-18]
  0  59 197 | launched  tscc-13-18-0-62c8bd42 glide-dock_HTVS_1-0059 localhost [tscc-13-18]
  0  60 196 | launched  tscc-13-18-0-62c8bd45 glide-dock_HTVS_1-0060 localhost [tscc-13-18]
  0  61 195 | launched  tscc-13-18-0-62c8bd47 glide-dock_HTVS_1-0061 localhost [tscc-13-18]
  0  62 194 | launched  tscc-13-18-0-62c8bd4a glide-dock_HTVS_1-0062 localhost [tscc-13-18]
  0  63 193 | launched  tscc-13-18-0-62c8bd4d glide-dock_HTVS_1-0063 localhost [tscc-13-18]
  0  64 192 | launched  tscc-13-18-0-62c8bd4f glide-dock_HTVS_1-0064 localhost [tscc-13-18]
  1  63 192 | finished  tscc-13-18-0-62c8bcd1 glide-dock_HTVS_1-0015 localhost [tscc-13-18]
  1  64 191 | launched  tscc-13-18-0-62c8c2c4 glide-dock_HTVS_1-0065 localhost [tscc-13-18]
  2  63 191 | finished  tscc-13-18-0-62c8bcd3 glide-dock_HTVS_1-0016 localhost [tscc-13-18]
  2  64 190 | launched  tscc-13-18-0-62c8c2e1 glide-dock_HTVS_1-0066 localhost [tscc-13-18]
  3  63 190 | finished  tscc-13-18-0-62c8bcb8 glide-dock_HTVS_1-0005 localhost [tscc-13-18]
  3  64 189 | launched  tscc-13-18-0-62c8c3a9 glide-dock_HTVS_1-0067 localhost [tscc-13-18]
  4  63 189 | finished  tscc-13-18-0-62c8bcb5 glide-dock_HTVS_1-0004 localhost [tscc-13-18]
  5  62 189 | finished  tscc-13-18-0-62c8bd1f glide-dock_HTVS_1-0046 localhost [tscc-13-18]
  5  63 188 | launched  tscc-13-18-0-62c8c3da glide-dock_HTVS_1-0068 localhost [tscc-13-18]
  5  64 187 | launched  tscc-13-18-0-62c8c3dd glide-dock_HTVS_1-0069 localhost [tscc-13-18]
  6  63 187 | finished  tscc-13-18-0-62c8bcd5 glide-dock_HTVS_1-0017 localhost [tscc-13-18]
  7  62 187 | finished  tscc-13-18-0-62c8bcda glide-dock_HTVS_1-0019 localhost [tscc-13-18]
  8  61 187 | finished  tscc-13-18-0-62c8bcdd glide-dock_HTVS_1-0020 localhost [tscc-13-18]
  9  60 187 | finished  tscc-13-18-0-62c8bcf5 glide-dock_HTVS_1-0030 localhost [tscc-13-18]
 10  59 187 | finished  tscc-13-18-0-62c8bd03 glide-dock_HTVS_1-0036 localhost [tscc-13-18]
 11  58 187 | finished  tscc-13-18-0-62c8bd11 glide-dock_HTVS_1-0041 localhost [tscc-13-18]
 12  57 187 | finished  tscc-13-18-0-62c8bd14 glide-dock_HTVS_1-0042 localhost [tscc-13-18]
 13  56 187 | finished  tscc-13-18-0-62c8bd1a glide-dock_HTVS_1-0044 localhost [tscc-13-18]
 14  55 187 | finished  tscc-13-18-0-62c8bd22 glide-dock_HTVS_1-0047 localhost [tscc-13-18]
 15  54 187 | finished  tscc-13-18-0-62c8bd2a glide-dock_HTVS_1-0050 localhost [tscc-13-18]
 16  53 187 | finished  tscc-13-18-0-62c8bd2f glide-dock_HTVS_1-0052 localhost [tscc-13-18]
 17  52 187 | finished  tscc-13-18-0-62c8bd32 glide-dock_HTVS_1-0053 localhost [tscc-13-18]
 18  51 187 | finished  tscc-13-18-0-62c8bd4a glide-dock_HTVS_1-0062 localhost [tscc-13-18]
 19  50 187 | finished  tscc-13-18-0-62c8bd4d glide-dock_HTVS_1-0063 localhost [tscc-13-18]
 19  51 186 | launched  tscc-13-18-0-62c8c50d glide-dock_HTVS_1-0070 localhost [tscc-13-18]
 19  52 185 | launched  tscc-13-18-0-62c8c50f glide-dock_HTVS_1-0071 localhost [tscc-13-18]
 19  53 184 | launched  tscc-13-18-0-62c8c512 glide-dock_HTVS_1-0072 localhost [tscc-13-18]
 19  54 183 | launched  tscc-13-18-0-62c8c514 glide-dock_HTVS_1-0073 localhost [tscc-13-18]
 19  55 182 | launched  tscc-13-18-0-62c8c516 glide-dock_HTVS_1-0074 localhost [tscc-13-18]
 20  54 182 | finished  tscc-13-18-0-62c8bcb0 glide-dock_HTVS_1-0002 localhost [tscc-13-18]
 21  53 182 | finished  tscc-13-18-0-62c8bcb3 glide-dock_HTVS_1-0003 localhost [tscc-13-18]
 22  52 182 | finished  tscc-13-18-0-62c8bcba glide-dock_HTVS_1-0006 localhost [tscc-13-18]
 23  51 182 | finished  tscc-13-18-0-62c8bcbd glide-dock_HTVS_1-0007 localhost [tscc-13-18]
 24  50 182 | finished  tscc-13-18-0-62c8bcc9 glide-dock_HTVS_1-0012 localhost [tscc-13-18]
 25  49 182 | finished  tscc-13-18-0-62c8bccc glide-dock_HTVS_1-0013 localhost [tscc-13-18]
 26  48 182 | finished  tscc-13-18-0-62c8bcce glide-dock_HTVS_1-0014 localhost [tscc-13-18]
 27  47 182 | finished  tscc-13-18-0-62c8bcd8 glide-dock_HTVS_1-0018 localhost [tscc-13-18]
 28  46 182 | finished  tscc-13-18-0-62c8bce1 glide-dock_HTVS_1-0022 localhost [tscc-13-18]
 29  45 182 | finished  tscc-13-18-0-62c8bce4 glide-dock_HTVS_1-0023 localhost [tscc-13-18]
 30  44 182 | finished  tscc-13-18-0-62c8bce6 glide-dock_HTVS_1-0024 localhost [tscc-13-18]
 31  43 182 | finished  tscc-13-18-0-62c8bced glide-dock_HTVS_1-0027 localhost [tscc-13-18]
 32  42 182 | finished  tscc-13-18-0-62c8bcf2 glide-dock_HTVS_1-0029 localhost [tscc-13-18]
 33  41 182 | finished  tscc-13-18-0-62c8bcf7 glide-dock_HTVS_1-0031 localhost [tscc-13-18]
 34  40 182 | finished  tscc-13-18-0-62c8bcff glide-dock_HTVS_1-0034 localhost [tscc-13-18]
 35  39 182 | finished  tscc-13-18-0-62c8bd01 glide-dock_HTVS_1-0035 localhost [tscc-13-18]
 36  38 182 | finished  tscc-13-18-0-62c8bd06 glide-dock_HTVS_1-0037 localhost [tscc-13-18]
 37  37 182 | finished  tscc-13-18-0-62c8bd0b glide-dock_HTVS_1-0039 localhost [tscc-13-18]
 38  36 182 | finished  tscc-13-18-0-62c8bd1c glide-dock_HTVS_1-0045 localhost [tscc-13-18]
 39  35 182 | finished  tscc-13-18-0-62c8bd2c glide-dock_HTVS_1-0051 localhost [tscc-13-18]
 40  34 182 | finished  tscc-13-18-0-62c8bd3d glide-dock_HTVS_1-0057 localhost [tscc-13-18]
 41  33 182 | finished  tscc-13-18-0-62c8bd45 glide-dock_HTVS_1-0060 localhost [tscc-13-18]
 42  32 182 | finished  tscc-13-18-0-62c8bd47 glide-dock_HTVS_1-0061 localhost [tscc-13-18]
 42  33 181 | launched  tscc-13-18-0-62c8c68b glide-dock_HTVS_1-0075 localhost [tscc-13-18]
 42  34 180 | launched  tscc-13-18-0-62c8c68d glide-dock_HTVS_1-0076 localhost [tscc-13-18]
 42  35 179 | launched  tscc-13-18-0-62c8c690 glide-dock_HTVS_1-0077 localhost [tscc-13-18]
 42  36 178 | launched  tscc-13-18-0-62c8c692 glide-dock_HTVS_1-0078 localhost [tscc-13-18]
 42  37 177 | launched  tscc-13-18-0-62c8c694 glide-dock_HTVS_1-0079 localhost [tscc-13-18]
 43  36 177 | finished  tscc-13-18-0-62c8bcae glide-dock_HTVS_1-0001 localhost [tscc-13-18]
 44  35 177 | finished  tscc-13-18-0-62c8bcc2 glide-dock_HTVS_1-0009 localhost [tscc-13-18]
 45  34 177 | finished  tscc-13-18-0-62c8bcc4 glide-dock_HTVS_1-0010 localhost [tscc-13-18]
 46  33 177 | finished  tscc-13-18-0-62c8bcc7 glide-dock_HTVS_1-0011 localhost [tscc-13-18]
 47  32 177 | finished  tscc-13-18-0-62c8bcdf glide-dock_HTVS_1-0021 localhost [tscc-13-18]
 48  31 177 | finished  tscc-13-18-0-62c8bce8 glide-dock_HTVS_1-0025 localhost [tscc-13-18]
 49  30 177 | finished  tscc-13-18-0-62c8bceb glide-dock_HTVS_1-0026 localhost [tscc-13-18]
 50  29 177 | finished  tscc-13-18-0-62c8bcf0 glide-dock_HTVS_1-0028 localhost [tscc-13-18]
 51  28 177 | finished  tscc-13-18-0-62c8bcfa glide-dock_HTVS_1-0032 localhost [tscc-13-18]
 52  27 177 | finished  tscc-13-18-0-62c8bcfc glide-dock_HTVS_1-0033 localhost [tscc-13-18]
 53  26 177 | finished  tscc-13-18-0-62c8bd09 glide-dock_HTVS_1-0038 localhost [tscc-13-18]
 54  25 177 | finished  tscc-13-18-0-62c8bd0e glide-dock_HTVS_1-0040 localhost [tscc-13-18]
 55  24 177 | finished  tscc-13-18-0-62c8bd17 glide-dock_HTVS_1-0043 localhost [tscc-13-18]
 56  23 177 | finished  tscc-13-18-0-62c8bd24 glide-dock_HTVS_1-0048 localhost [tscc-13-18]
 57  22 177 | finished  tscc-13-18-0-62c8bd27 glide-dock_HTVS_1-0049 localhost [tscc-13-18]
 58  21 177 | finished  tscc-13-18-0-62c8bd34 glide-dock_HTVS_1-0054 localhost [tscc-13-18]
 59  20 177 | finished  tscc-13-18-0-62c8bd37 glide-dock_HTVS_1-0055 localhost [tscc-13-18]
 60  19 177 | finished  tscc-13-18-0-62c8bd3a glide-dock_HTVS_1-0056 localhost [tscc-13-18]
 61  18 177 | finished  tscc-13-18-0-62c8bd3f glide-dock_HTVS_1-0058 localhost [tscc-13-18]
 62  17 177 | finished  tscc-13-18-0-62c8bd42 glide-dock_HTVS_1-0059 localhost [tscc-13-18]
 63  16 177 | finished  tscc-13-18-0-62c8bd4f glide-dock_HTVS_1-0064 localhost [tscc-13-18]
 63  17 176 | launched  tscc-13-18-0-62c8c7de glide-dock_HTVS_1-0080 localhost [tscc-13-18]
 63  18 175 | launched  tscc-13-18-0-62c8c7e0 glide-dock_HTVS_1-0081 localhost [tscc-13-18]
 63  19 174 | launched  tscc-13-18-0-62c8c7e2 glide-dock_HTVS_1-0082 localhost [tscc-13-18]
 63  20 173 | launched  tscc-13-18-0-62c8c7e5 glide-dock_HTVS_1-0083 localhost [tscc-13-18]
 63  21 172 | launched  tscc-13-18-0-62c8c7e7 glide-dock_HTVS_1-0084 localhost [tscc-13-18]
 64  20 172 | finished  tscc-13-18-0-62c8bcbf glide-dock_HTVS_1-0008 localhost [tscc-13-18]
 64  21 171 | launched  tscc-13-18-0-62c8c805 glide-dock_HTVS_1-0085 localhost [tscc-13-18]
 64  22 170 | launched  tscc-13-18-0-62c8c807 glide-dock_HTVS_1-0086 localhost [tscc-13-18]
 64  23 169 | launched  tscc-13-18-0-62c8c80a glide-dock_HTVS_1-0087 localhost [tscc-13-18]
 64  24 168 | launched  tscc-13-18-0-62c8c80c glide-dock_HTVS_1-0088 localhost [tscc-13-18]
 64  25 167 | launched  tscc-13-18-0-62c8c80f glide-dock_HTVS_1-0089 localhost [tscc-13-18]
 64  26 166 | launched  tscc-13-18-0-62c8c812 glide-dock_HTVS_1-0090 localhost [tscc-13-18]
 64  27 165 | launched  tscc-13-18-0-62c8c814 glide-dock_HTVS_1-0091 localhost [tscc-13-18]
 64  28 164 | launched  tscc-13-18-0-62c8c817 glide-dock_HTVS_1-0092 localhost [tscc-13-18]
 64  29 163 | launched  tscc-13-18-0-62c8c81a glide-dock_HTVS_1-0093 localhost [tscc-13-18]
 64  30 162 | launched  tscc-13-18-0-62c8c81c glide-dock_HTVS_1-0094 localhost [tscc-13-18]
 64  31 161 | launched  tscc-13-18-0-62c8c81f glide-dock_HTVS_1-0095 localhost [tscc-13-18]
 64  32 160 | launched  tscc-13-18-0-62c8c821 glide-dock_HTVS_1-0096 localhost [tscc-13-18]
 64  33 159 | launched  tscc-13-18-0-62c8c824 glide-dock_HTVS_1-0097 localhost [tscc-13-18]
 64  34 158 | launched  tscc-13-18-0-62c8c826 glide-dock_HTVS_1-0098 localhost [tscc-13-18]
 64  35 157 | launched  tscc-13-18-0-62c8c829 glide-dock_HTVS_1-0099 localhost [tscc-13-18]
 64  36 156 | launched  tscc-13-18-0-62c8c82c glide-dock_HTVS_1-0100 localhost [tscc-13-18]
 64  37 155 | launched  tscc-13-18-0-62c8c82e glide-dock_HTVS_1-0101 localhost [tscc-13-18]
 64  38 154 | launched  tscc-13-18-0-62c8c831 glide-dock_HTVS_1-0102 localhost [tscc-13-18]
 64  39 153 | launched  tscc-13-18-0-62c8c833 glide-dock_HTVS_1-0103 localhost [tscc-13-18]
 64  40 152 | launched  tscc-13-18-0-62c8c836 glide-dock_HTVS_1-0104 localhost [tscc-13-18]
 65  39 152 | finished  tscc-13-18-0-62c8c2c4 glide-dock_HTVS_1-0065 localhost [tscc-13-18]
 65  40 151 | launched  tscc-13-18-0-62c8c858 glide-dock_HTVS_1-0105 localhost [tscc-13-18]
 65  41 150 | launched  tscc-13-18-0-62c8c85a glide-dock_HTVS_1-0106 localhost [tscc-13-18]
 65  42 149 | launched  tscc-13-18-0-62c8c85d glide-dock_HTVS_1-0107 localhost [tscc-13-18]
 65  43 148 | launched  tscc-13-18-0-62c8c85f glide-dock_HTVS_1-0108 localhost [tscc-13-18]
 65  44 147 | launched  tscc-13-18-0-62c8c862 glide-dock_HTVS_1-0109 localhost [tscc-13-18]
 66  43 147 | finished  tscc-13-18-0-62c8c3a9 glide-dock_HTVS_1-0067 localhost [tscc-13-18]
 66  44 146 | launched  tscc-13-18-0-62c8c881 glide-dock_HTVS_1-0110 localhost [tscc-13-18]
 66  45 145 | launched  tscc-13-18-0-62c8c883 glide-dock_HTVS_1-0111 localhost [tscc-13-18]
 66  46 144 | launched  tscc-13-18-0-62c8c886 glide-dock_HTVS_1-0112 localhost [tscc-13-18]
 66  47 143 | launched  tscc-13-18-0-62c8c889 glide-dock_HTVS_1-0113 localhost [tscc-13-18]
 66  48 142 | launched  tscc-13-18-0-62c8c88c glide-dock_HTVS_1-0114 localhost [tscc-13-18]
 66  49 141 | launched  tscc-13-18-0-62c8c88e glide-dock_HTVS_1-0115 localhost [tscc-13-18]
 66  50 140 | launched  tscc-13-18-0-62c8c891 glide-dock_HTVS_1-0116 localhost [tscc-13-18]
 66  51 139 | launched  tscc-13-18-0-62c8c893 glide-dock_HTVS_1-0117 localhost [tscc-13-18]
 66  52 138 | launched  tscc-13-18-0-62c8c896 glide-dock_HTVS_1-0118 localhost [tscc-13-18]
 66  53 137 | launched  tscc-13-18-0-62c8c899 glide-dock_HTVS_1-0119 localhost [tscc-13-18]
 66  54 136 | launched  tscc-13-18-0-62c8c89b glide-dock_HTVS_1-0120 localhost [tscc-13-18]
 66  55 135 | launched  tscc-13-18-0-62c8c89e glide-dock_HTVS_1-0121 localhost [tscc-13-18]
 66  56 134 | launched  tscc-13-18-0-62c8c8a1 glide-dock_HTVS_1-0122 localhost [tscc-13-18]
 66  57 133 | launched  tscc-13-18-0-62c8c8a4 glide-dock_HTVS_1-0123 localhost [tscc-13-18]
 66  58 132 | launched  tscc-13-18-0-62c8c8a6 glide-dock_HTVS_1-0124 localhost [tscc-13-18]
 67  57 132 | finished  tscc-13-18-0-62c8c2e1 glide-dock_HTVS_1-0066 localhost [tscc-13-18]
 67  58 131 | launched  tscc-13-18-0-62c8c8c9 glide-dock_HTVS_1-0125 localhost [tscc-13-18]
 67  59 130 | launched  tscc-13-18-0-62c8c8cc glide-dock_HTVS_1-0126 localhost [tscc-13-18]
 67  60 129 | launched  tscc-13-18-0-62c8c8cf glide-dock_HTVS_1-0127 localhost [tscc-13-18]
 67  61 128 | launched  tscc-13-18-0-62c8c8d2 glide-dock_HTVS_1-0128 localhost [tscc-13-18]
 67  62 127 | launched  tscc-13-18-0-62c8c8d5 glide-dock_HTVS_1-0129 localhost [tscc-13-18]
 67  63 126 | launched  tscc-13-18-0-62c8c8d7 glide-dock_HTVS_1-0130 localhost [tscc-13-18]
 67  64 125 | launched  tscc-13-18-0-62c8c8da glide-dock_HTVS_1-0131 localhost [tscc-13-18]
 68  63 125 | finished  tscc-13-18-0-62c8c3dd glide-dock_HTVS_1-0069 localhost [tscc-13-18]
 68  64 124 | launched  tscc-13-18-0-62c8c91b glide-dock_HTVS_1-0132 localhost [tscc-13-18]
 69  63 124 | finished  tscc-13-18-0-62c8c514 glide-dock_HTVS_1-0073 localhost [tscc-13-18]
 69  64 123 | launched  tscc-13-18-0-62c8cabf glide-dock_HTVS_1-0133 localhost [tscc-13-18]
 70  63 123 | finished  tscc-13-18-0-62c8c50d glide-dock_HTVS_1-0070 localhost [tscc-13-18]
 70  64 122 | launched  tscc-13-18-0-62c8cb58 glide-dock_HTVS_1-0134 localhost [tscc-13-18]
 71  63 122 | finished  tscc-13-18-0-62c8c692 glide-dock_HTVS_1-0078 localhost [tscc-13-18]
 71  64 121 | launched  tscc-13-18-0-62c8cc25 glide-dock_HTVS_1-0135 localhost [tscc-13-18]
 72  63 121 | finished  tscc-13-18-0-62c8c516 glide-dock_HTVS_1-0074 localhost [tscc-13-18]
 72  64 120 | launched  tscc-13-18-0-62c8ccad glide-dock_HTVS_1-0136 localhost [tscc-13-18]
 73  63 120 | finished  tscc-13-18-0-62c8c694 glide-dock_HTVS_1-0079 localhost [tscc-13-18]
 73  64 119 | launched  tscc-13-18-0-62c8cd04 glide-dock_HTVS_1-0137 localhost [tscc-13-18]
 74  63 119 | finished  tscc-13-18-0-62c8c68b glide-dock_HTVS_1-0075 localhost [tscc-13-18]
 75  62 119 | finished  tscc-13-18-0-62c8c80c glide-dock_HTVS_1-0088 localhost [tscc-13-18]
 76  61 119 | finished  tscc-13-18-0-62c8c80f glide-dock_HTVS_1-0089 localhost [tscc-13-18]
 77  60 119 | finished  tscc-13-18-0-62c8c812 glide-dock_HTVS_1-0090 localhost [tscc-13-18]
 78  59 119 | finished  tscc-13-18-0-62c8c814 glide-dock_HTVS_1-0091 localhost [tscc-13-18]
 79  58 119 | finished  tscc-13-18-0-62c8c81a glide-dock_HTVS_1-0093 localhost [tscc-13-18]
 80  57 119 | finished  tscc-13-18-0-62c8c81c glide-dock_HTVS_1-0094 localhost [tscc-13-18]
 81  56 119 | finished  tscc-13-18-0-62c8c821 glide-dock_HTVS_1-0096 localhost [tscc-13-18]
 82  55 119 | finished  tscc-13-18-0-62c8c824 glide-dock_HTVS_1-0097 localhost [tscc-13-18]
 83  54 119 | finished  tscc-13-18-0-62c8c826 glide-dock_HTVS_1-0098 localhost [tscc-13-18]
 84  53 119 | finished  tscc-13-18-0-62c8c829 glide-dock_HTVS_1-0099 localhost [tscc-13-18]
 85  52 119 | finished  tscc-13-18-0-62c8c82c glide-dock_HTVS_1-0100 localhost [tscc-13-18]
 86  51 119 | finished  tscc-13-18-0-62c8c82e glide-dock_HTVS_1-0101 localhost [tscc-13-18]
 87  50 119 | finished  tscc-13-18-0-62c8c831 glide-dock_HTVS_1-0102 localhost [tscc-13-18]
 88  49 119 | finished  tscc-13-18-0-62c8c833 glide-dock_HTVS_1-0103 localhost [tscc-13-18]
 89  48 119 | finished  tscc-13-18-0-62c8c836 glide-dock_HTVS_1-0104 localhost [tscc-13-18]
 90  47 119 | finished  tscc-13-18-0-62c8c858 glide-dock_HTVS_1-0105 localhost [tscc-13-18]
 91  46 119 | finished  tscc-13-18-0-62c8c85a glide-dock_HTVS_1-0106 localhost [tscc-13-18]
 92  45 119 | finished  tscc-13-18-0-62c8c85d glide-dock_HTVS_1-0107 localhost [tscc-13-18]
 93  44 119 | finished  tscc-13-18-0-62c8c85f glide-dock_HTVS_1-0108 localhost [tscc-13-18]
 94  43 119 | finished  tscc-13-18-0-62c8c862 glide-dock_HTVS_1-0109 localhost [tscc-13-18]
 95  42 119 | finished  tscc-13-18-0-62c8c881 glide-dock_HTVS_1-0110 localhost [tscc-13-18]
 96  41 119 | finished  tscc-13-18-0-62c8c883 glide-dock_HTVS_1-0111 localhost [tscc-13-18]
 97  40 119 | finished  tscc-13-18-0-62c8c886 glide-dock_HTVS_1-0112 localhost [tscc-13-18]
 98  39 119 | finished  tscc-13-18-0-62c8c889 glide-dock_HTVS_1-0113 localhost [tscc-13-18]
 99  38 119 | finished  tscc-13-18-0-62c8c88c glide-dock_HTVS_1-0114 localhost [tscc-13-18]
100  37 119 | finished  tscc-13-18-0-62c8c88e glide-dock_HTVS_1-0115 localhost [tscc-13-18]
101  36 119 | finished  tscc-13-18-0-62c8c891 glide-dock_HTVS_1-0116 localhost [tscc-13-18]
102  35 119 | finished  tscc-13-18-0-62c8c893 glide-dock_HTVS_1-0117 localhost [tscc-13-18]
103  34 119 | finished  tscc-13-18-0-62c8c896 glide-dock_HTVS_1-0118 localhost [tscc-13-18]
104  33 119 | finished  tscc-13-18-0-62c8c899 glide-dock_HTVS_1-0119 localhost [tscc-13-18]
105  32 119 | finished  tscc-13-18-0-62c8c89b glide-dock_HTVS_1-0120 localhost [tscc-13-18]
106  31 119 | finished  tscc-13-18-0-62c8c89e glide-dock_HTVS_1-0121 localhost [tscc-13-18]
107  30 119 | finished  tscc-13-18-0-62c8c8a1 glide-dock_HTVS_1-0122 localhost [tscc-13-18]
108  29 119 | finished  tscc-13-18-0-62c8c8a4 glide-dock_HTVS_1-0123 localhost [tscc-13-18]
109  28 119 | finished  tscc-13-18-0-62c8c8a6 glide-dock_HTVS_1-0124 localhost [tscc-13-18]
110  27 119 | finished  tscc-13-18-0-62c8c8c9 glide-dock_HTVS_1-0125 localhost [tscc-13-18]
111  26 119 | finished  tscc-13-18-0-62c8c8cc glide-dock_HTVS_1-0126 localhost [tscc-13-18]
112  25 119 | finished  tscc-13-18-0-62c8c8cf glide-dock_HTVS_1-0127 localhost [tscc-13-18]
113  24 119 | finished  tscc-13-18-0-62c8c8d2 glide-dock_HTVS_1-0128 localhost [tscc-13-18]
114  23 119 | finished  tscc-13-18-0-62c8c8d5 glide-dock_HTVS_1-0129 localhost [tscc-13-18]
115  22 119 | finished  tscc-13-18-0-62c8c8d7 glide-dock_HTVS_1-0130 localhost [tscc-13-18]
116  21 119 | finished  tscc-13-18-0-62c8c8da glide-dock_HTVS_1-0131 localhost [tscc-13-18]
117  20 119 | finished  tscc-13-18-0-62c8c91b glide-dock_HTVS_1-0132 localhost [tscc-13-18]
118  19 119 | finished  tscc-13-18-0-62c8cabf glide-dock_HTVS_1-0133 localhost [tscc-13-18]
119  18 119 | finished  tscc-13-18-0-62c8cb58 glide-dock_HTVS_1-0134 localhost [tscc-13-18]
120  17 119 | finished  tscc-13-18-0-62c8cc25 glide-dock_HTVS_1-0135 localhost [tscc-13-18]
121  16 119 | finished  tscc-13-18-0-62c8ccad glide-dock_HTVS_1-0136 localhost [tscc-13-18]
122  15 119 | finished  tscc-13-18-0-62c8cd04 glide-dock_HTVS_1-0137 localhost [tscc-13-18]
122  16 118 | launched  tscc-13-18-0-62c8d3eb glide-dock_HTVS_1-0138 localhost [tscc-13-18]
122  17 117 | launched  tscc-13-18-0-62c8d3ee glide-dock_HTVS_1-0139 localhost [tscc-13-18]
122  18 116 | launched  tscc-13-18-0-62c8d3f0 glide-dock_HTVS_1-0140 localhost [tscc-13-18]
122  19 115 | launched  tscc-13-18-0-62c8d3f3 glide-dock_HTVS_1-0141 localhost [tscc-13-18]
122  20 114 | launched  tscc-13-18-0-62c8d3f5 glide-dock_HTVS_1-0142 localhost [tscc-13-18]
123  19 114 | finished  tscc-13-18-0-62c8c3da glide-dock_HTVS_1-0068 localhost [tscc-13-18]
124  18 114 | finished  tscc-13-18-0-62c8c50f glide-dock_HTVS_1-0071 localhost [tscc-13-18]
125  17 114 | finished  tscc-13-18-0-62c8c512 glide-dock_HTVS_1-0072 localhost [tscc-13-18]
126  16 114 | finished  tscc-13-18-0-62c8c68d glide-dock_HTVS_1-0076 localhost [tscc-13-18]
127  15 114 | finished  tscc-13-18-0-62c8c690 glide-dock_HTVS_1-0077 localhost [tscc-13-18]
128  14 114 | finished  tscc-13-18-0-62c8c7de glide-dock_HTVS_1-0080 localhost [tscc-13-18]
129  13 114 | finished  tscc-13-18-0-62c8c7e0 glide-dock_HTVS_1-0081 localhost [tscc-13-18]
130  12 114 | finished  tscc-13-18-0-62c8c7e2 glide-dock_HTVS_1-0082 localhost [tscc-13-18]
131  11 114 | finished  tscc-13-18-0-62c8c7e5 glide-dock_HTVS_1-0083 localhost [tscc-13-18]
132  10 114 | finished  tscc-13-18-0-62c8c7e7 glide-dock_HTVS_1-0084 localhost [tscc-13-18]
133   9 114 | finished  tscc-13-18-0-62c8c805 glide-dock_HTVS_1-0085 localhost [tscc-13-18]
134   8 114 | finished  tscc-13-18-0-62c8c807 glide-dock_HTVS_1-0086 localhost [tscc-13-18]
135   7 114 | finished  tscc-13-18-0-62c8c80a glide-dock_HTVS_1-0087 localhost [tscc-13-18]
136   6 114 | finished  tscc-13-18-0-62c8c817 glide-dock_HTVS_1-0092 localhost [tscc-13-18]
137   5 114 | finished  tscc-13-18-0-62c8c81f glide-dock_HTVS_1-0095 localhost [tscc-13-18]
137   6 113 | launched  tscc-13-18-0-62c8d4c1 glide-dock_HTVS_1-0143 localhost [tscc-13-18]
137   7 112 | launched  tscc-13-18-0-62c8d4c4 glide-dock_HTVS_1-0144 localhost [tscc-13-18]
137   8 111 | launched  tscc-13-18-0-62c8d4c6 glide-dock_HTVS_1-0145 localhost [tscc-13-18]
137   9 110 | launched  tscc-13-18-0-62c8d4c9 glide-dock_HTVS_1-0146 localhost [tscc-13-18]
137  10 109 | launched  tscc-13-18-0-62c8d4cb glide-dock_HTVS_1-0147 localhost [tscc-13-18]
137  11 108 | launched  tscc-13-18-0-62c8d4ce glide-dock_HTVS_1-0148 localhost [tscc-13-18]
137  12 107 | launched  tscc-13-18-0-62c8d4d1 glide-dock_HTVS_1-0149 localhost [tscc-13-18]
137  13 106 | launched  tscc-13-18-0-62c8d4d3 glide-dock_HTVS_1-0150 localhost [tscc-13-18]
137  14 105 | launched  tscc-13-18-0-62c8d4d6 glide-dock_HTVS_1-0151 localhost [tscc-13-18]
137  15 104 | launched  tscc-13-18-0-62c8d4d8 glide-dock_HTVS_1-0152 localhost [tscc-13-18]
137  16 103 | launched  tscc-13-18-0-62c8d4db glide-dock_HTVS_1-0153 localhost [tscc-13-18]
137  17 102 | launched  tscc-13-18-0-62c8d4de glide-dock_HTVS_1-0154 localhost [tscc-13-18]
137  18 101 | launched  tscc-13-18-0-62c8d4e1 glide-dock_HTVS_1-0155 localhost [tscc-13-18]
137  19 100 | launched  tscc-13-18-0-62c8d4e3 glide-dock_HTVS_1-0156 localhost [tscc-13-18]
137  20  99 | launched  tscc-13-18-0-62c8d4e6 glide-dock_HTVS_1-0157 localhost [tscc-13-18]
137  21  98 | launched  tscc-13-18-0-62c8d4e9 glide-dock_HTVS_1-0158 localhost [tscc-13-18]
137  22  97 | launched  tscc-13-18-0-62c8d4eb glide-dock_HTVS_1-0159 localhost [tscc-13-18]
137  23  96 | launched  tscc-13-18-0-62c8d4ee glide-dock_HTVS_1-0160 localhost [tscc-13-18]
137  24  95 | launched  tscc-13-18-0-62c8d4f1 glide-dock_HTVS_1-0161 localhost [tscc-13-18]
137  25  94 | launched  tscc-13-18-0-62c8d4f3 glide-dock_HTVS_1-0162 localhost [tscc-13-18]
137  26  93 | launched  tscc-13-18-0-62c8d4f7 glide-dock_HTVS_1-0163 localhost [tscc-13-18]
137  27  92 | launched  tscc-13-18-0-62c8d4f9 glide-dock_HTVS_1-0164 localhost [tscc-13-18]
137  28  91 | launched  tscc-13-18-0-62c8d4fc glide-dock_HTVS_1-0165 localhost [tscc-13-18]
137  29  90 | launched  tscc-13-18-0-62c8d4ff glide-dock_HTVS_1-0166 localhost [tscc-13-18]
137  30  89 | launched  tscc-13-18-0-62c8d502 glide-dock_HTVS_1-0167 localhost [tscc-13-18]
137  31  88 | launched  tscc-13-18-0-62c8d504 glide-dock_HTVS_1-0168 localhost [tscc-13-18]
137  32  87 | launched  tscc-13-18-0-62c8d507 glide-dock_HTVS_1-0169 localhost [tscc-13-18]
137  33  86 | launched  tscc-13-18-0-62c8d50a glide-dock_HTVS_1-0170 localhost [tscc-13-18]
137  34  85 | launched  tscc-13-18-0-62c8d50d glide-dock_HTVS_1-0171 localhost [tscc-13-18]
137  35  84 | launched  tscc-13-18-0-62c8d50f glide-dock_HTVS_1-0172 localhost [tscc-13-18]
137  36  83 | launched  tscc-13-18-0-62c8d512 glide-dock_HTVS_1-0173 localhost [tscc-13-18]
137  37  82 | launched  tscc-13-18-0-62c8d515 glide-dock_HTVS_1-0174 localhost [tscc-13-18]
137  38  81 | launched  tscc-13-18-0-62c8d517 glide-dock_HTVS_1-0175 localhost [tscc-13-18]
137  39  80 | launched  tscc-13-18-0-62c8d51a glide-dock_HTVS_1-0176 localhost [tscc-13-18]
137  40  79 | launched  tscc-13-18-0-62c8d51d glide-dock_HTVS_1-0177 localhost [tscc-13-18]
137  41  78 | launched  tscc-13-18-0-62c8d520 glide-dock_HTVS_1-0178 localhost [tscc-13-18]
137  42  77 | launched  tscc-13-18-0-62c8d522 glide-dock_HTVS_1-0179 localhost [tscc-13-18]
137  43  76 | launched  tscc-13-18-0-62c8d525 glide-dock_HTVS_1-0180 localhost [tscc-13-18]
137  44  75 | launched  tscc-13-18-0-62c8d528 glide-dock_HTVS_1-0181 localhost [tscc-13-18]
137  45  74 | launched  tscc-13-18-0-62c8d52a glide-dock_HTVS_1-0182 localhost [tscc-13-18]
137  46  73 | launched  tscc-13-18-0-62c8d52d glide-dock_HTVS_1-0183 localhost [tscc-13-18]
137  47  72 | launched  tscc-13-18-0-62c8d530 glide-dock_HTVS_1-0184 localhost [tscc-13-18]
137  48  71 | launched  tscc-13-18-0-62c8d533 glide-dock_HTVS_1-0185 localhost [tscc-13-18]
137  49  70 | launched  tscc-13-18-0-62c8d535 glide-dock_HTVS_1-0186 localhost [tscc-13-18]
137  50  69 | launched  tscc-13-18-0-62c8d538 glide-dock_HTVS_1-0187 localhost [tscc-13-18]
137  51  68 | launched  tscc-13-18-0-62c8d53b glide-dock_HTVS_1-0188 localhost [tscc-13-18]
137  52  67 | launched  tscc-13-18-0-62c8d53e glide-dock_HTVS_1-0189 localhost [tscc-13-18]
137  53  66 | launched  tscc-13-18-0-62c8d541 glide-dock_HTVS_1-0190 localhost [tscc-13-18]
137  54  65 | launched  tscc-13-18-0-62c8d544 glide-dock_HTVS_1-0191 localhost [tscc-13-18]
137  55  64 | launched  tscc-13-18-0-62c8d547 glide-dock_HTVS_1-0192 localhost [tscc-13-18]
137  56  63 | launched  tscc-13-18-0-62c8d54a glide-dock_HTVS_1-0193 localhost [tscc-13-18]
137  57  62 | launched  tscc-13-18-0-62c8d54d glide-dock_HTVS_1-0194 localhost [tscc-13-18]
137  58  61 | launched  tscc-13-18-0-62c8d550 glide-dock_HTVS_1-0195 localhost [tscc-13-18]
137  59  60 | launched  tscc-13-18-0-62c8d553 glide-dock_HTVS_1-0196 localhost [tscc-13-18]
137  60  59 | launched  tscc-13-18-0-62c8d556 glide-dock_HTVS_1-0197 localhost [tscc-13-18]
137  61  58 | launched  tscc-13-18-0-62c8d559 glide-dock_HTVS_1-0198 localhost [tscc-13-18]
137  62  57 | launched  tscc-13-18-0-62c8d55b glide-dock_HTVS_1-0199 localhost [tscc-13-18]
137  63  56 | launched  tscc-13-18-0-62c8d55e glide-dock_HTVS_1-0200 localhost [tscc-13-18]
137  64  55 | launched  tscc-13-18-0-62c8d561 glide-dock_HTVS_1-0201 localhost [tscc-13-18]
138  63  55 | finished  tscc-13-18-0-62c8d3f3 glide-dock_HTVS_1-0141 localhost [tscc-13-18]
138  64  54 | launched  tscc-13-18-0-62c8d9d5 glide-dock_HTVS_1-0202 localhost [tscc-13-18]
139  63  54 | finished  tscc-13-18-0-62c8d3f5 glide-dock_HTVS_1-0142 localhost [tscc-13-18]
139  64  53 | launched  tscc-13-18-0-62c8d9f6 glide-dock_HTVS_1-0203 localhost [tscc-13-18]
140  63  53 | finished  tscc-13-18-0-62c8d3f0 glide-dock_HTVS_1-0140 localhost [tscc-13-18]
140  64  52 | launched  tscc-13-18-0-62c8da22 glide-dock_HTVS_1-0204 localhost [tscc-13-18]
141  63  52 | finished  tscc-13-18-0-62c8d3eb glide-dock_HTVS_1-0138 localhost [tscc-13-18]
141  64  51 | launched  tscc-13-18-0-62c8da72 glide-dock_HTVS_1-0205 localhost [tscc-13-18]
142  63  51 | finished  tscc-13-18-0-62c8d4cb glide-dock_HTVS_1-0147 localhost [tscc-13-18]
142  64  50 | launched  tscc-13-18-0-62c8db72 glide-dock_HTVS_1-0206 localhost [tscc-13-18]
143  63  50 | finished  tscc-13-18-0-62c8d53b glide-dock_HTVS_1-0188 localhost [tscc-13-18]
144  62  50 | finished  tscc-13-18-0-62c8d544 glide-dock_HTVS_1-0191 localhost [tscc-13-18]
144  63  49 | launched  tscc-13-18-0-62c8db9f glide-dock_HTVS_1-0207 localhost [tscc-13-18]
144  64  48 | launched  tscc-13-18-0-62c8dba2 glide-dock_HTVS_1-0208 localhost [tscc-13-18]
145  63  48 | finished  tscc-13-18-0-62c8d54d glide-dock_HTVS_1-0194 localhost [tscc-13-18]
145  64  47 | launched  tscc-13-18-0-62c8dbbe glide-dock_HTVS_1-0209 localhost [tscc-13-18]
146  63  47 | finished  tscc-13-18-0-62c8d535 glide-dock_HTVS_1-0186 localhost [tscc-13-18]
146  64  46 | launched  tscc-13-18-0-62c8dbfa glide-dock_HTVS_1-0210 localhost [tscc-13-18]
147  63  46 | finished  tscc-13-18-0-62c8d4d6 glide-dock_HTVS_1-0151 localhost [tscc-13-18]
148  62  46 | finished  tscc-13-18-0-62c8d4e9 glide-dock_HTVS_1-0158 localhost [tscc-13-18]
149  61  46 | finished  tscc-13-18-0-62c8d50d glide-dock_HTVS_1-0171 localhost [tscc-13-18]
150  60  46 | finished  tscc-13-18-0-62c8d538 glide-dock_HTVS_1-0187 localhost [tscc-13-18]
151  59  46 | finished  tscc-13-18-0-62c8d541 glide-dock_HTVS_1-0190 localhost [tscc-13-18]
152  58  46 | finished  tscc-13-18-0-62c8d547 glide-dock_HTVS_1-0192 localhost [tscc-13-18]
153  57  46 | finished  tscc-13-18-0-62c8d54a glide-dock_HTVS_1-0193 localhost [tscc-13-18]
153  58  45 | launched  tscc-13-18-0-62c8dcb0 glide-dock_HTVS_1-0211 localhost [tscc-13-18]
153  59  44 | launched  tscc-13-18-0-62c8dcb2 glide-dock_HTVS_1-0212 localhost [tscc-13-18]
153  60  43 | launched  tscc-13-18-0-62c8dcb5 glide-dock_HTVS_1-0213 localhost [tscc-13-18]
153  61  42 | launched  tscc-13-18-0-62c8dcb8 glide-dock_HTVS_1-0214 localhost [tscc-13-18]
153  62  41 | launched  tscc-13-18-0-62c8dcba glide-dock_HTVS_1-0215 localhost [tscc-13-18]
154  61  41 | finished  tscc-13-18-0-62c8d3ee glide-dock_HTVS_1-0139 localhost [tscc-13-18]
155  60  41 | finished  tscc-13-18-0-62c8d4c6 glide-dock_HTVS_1-0145 localhost [tscc-13-18]
156  59  41 | finished  tscc-13-18-0-62c8d4c9 glide-dock_HTVS_1-0146 localhost [tscc-13-18]
157  58  41 | finished  tscc-13-18-0-62c8d4ce glide-dock_HTVS_1-0148 localhost [tscc-13-18]
158  57  41 | finished  tscc-13-18-0-62c8d4db glide-dock_HTVS_1-0153 localhost [tscc-13-18]
159  56  41 | finished  tscc-13-18-0-62c8d4e1 glide-dock_HTVS_1-0155 localhost [tscc-13-18]
160  55  41 | finished  tscc-13-18-0-62c8d4e3 glide-dock_HTVS_1-0156 localhost [tscc-13-18]
161  54  41 | finished  tscc-13-18-0-62c8d4e6 glide-dock_HTVS_1-0157 localhost [tscc-13-18]
162  53  41 | finished  tscc-13-18-0-62c8d507 glide-dock_HTVS_1-0169 localhost [tscc-13-18]
163  52  41 | finished  tscc-13-18-0-62c8d50f glide-dock_HTVS_1-0172 localhost [tscc-13-18]
164  51  41 | finished  tscc-13-18-0-62c8d515 glide-dock_HTVS_1-0174 localhost [tscc-13-18]
165  50  41 | finished  tscc-13-18-0-62c8d520 glide-dock_HTVS_1-0178 localhost [tscc-13-18]
166  49  41 | finished  tscc-13-18-0-62c8d522 glide-dock_HTVS_1-0179 localhost [tscc-13-18]
167  48  41 | finished  tscc-13-18-0-62c8d525 glide-dock_HTVS_1-0180 localhost [tscc-13-18]
168  47  41 | finished  tscc-13-18-0-62c8d528 glide-dock_HTVS_1-0181 localhost [tscc-13-18]
169  46  41 | finished  tscc-13-18-0-62c8d52a glide-dock_HTVS_1-0182 localhost [tscc-13-18]
170  45  41 | finished  tscc-13-18-0-62c8d52d glide-dock_HTVS_1-0183 localhost [tscc-13-18]
171  44  41 | finished  tscc-13-18-0-62c8d530 glide-dock_HTVS_1-0184 localhost [tscc-13-18]
172  43  41 | finished  tscc-13-18-0-62c8d533 glide-dock_HTVS_1-0185 localhost [tscc-13-18]
172  44  40 | launched  tscc-13-18-0-62c8de5f glide-dock_HTVS_1-0216 localhost [tscc-13-18]
172  45  39 | launched  tscc-13-18-0-62c8de61 glide-dock_HTVS_1-0217 localhost [tscc-13-18]
172  46  38 | launched  tscc-13-18-0-62c8de64 glide-dock_HTVS_1-0218 localhost [tscc-13-18]
172  47  37 | launched  tscc-13-18-0-62c8de66 glide-dock_HTVS_1-0219 localhost [tscc-13-18]
172  48  36 | launched  tscc-13-18-0-62c8de68 glide-dock_HTVS_1-0220 localhost [tscc-13-18]
173  47  36 | finished  tscc-13-18-0-62c8d4c1 glide-dock_HTVS_1-0143 localhost [tscc-13-18]
174  46  36 | finished  tscc-13-18-0-62c8d4c4 glide-dock_HTVS_1-0144 localhost [tscc-13-18]
175  45  36 | finished  tscc-13-18-0-62c8d4d1 glide-dock_HTVS_1-0149 localhost [tscc-13-18]
176  44  36 | finished  tscc-13-18-0-62c8d4d3 glide-dock_HTVS_1-0150 localhost [tscc-13-18]
177  43  36 | finished  tscc-13-18-0-62c8d4d8 glide-dock_HTVS_1-0152 localhost [tscc-13-18]
178  42  36 | finished  tscc-13-18-0-62c8d4de glide-dock_HTVS_1-0154 localhost [tscc-13-18]
179  41  36 | finished  tscc-13-18-0-62c8d4eb glide-dock_HTVS_1-0159 localhost [tscc-13-18]
180  40  36 | finished  tscc-13-18-0-62c8d4ee glide-dock_HTVS_1-0160 localhost [tscc-13-18]
181  39  36 | finished  tscc-13-18-0-62c8d4f1 glide-dock_HTVS_1-0161 localhost [tscc-13-18]
182  38  36 | finished  tscc-13-18-0-62c8d4f3 glide-dock_HTVS_1-0162 localhost [tscc-13-18]
183  37  36 | finished  tscc-13-18-0-62c8d4f7 glide-dock_HTVS_1-0163 localhost [tscc-13-18]
184  36  36 | finished  tscc-13-18-0-62c8d4f9 glide-dock_HTVS_1-0164 localhost [tscc-13-18]
185  35  36 | finished  tscc-13-18-0-62c8d4fc glide-dock_HTVS_1-0165 localhost [tscc-13-18]
186  34  36 | finished  tscc-13-18-0-62c8d4ff glide-dock_HTVS_1-0166 localhost [tscc-13-18]
187  33  36 | finished  tscc-13-18-0-62c8d502 glide-dock_HTVS_1-0167 localhost [tscc-13-18]
188  32  36 | finished  tscc-13-18-0-62c8d504 glide-dock_HTVS_1-0168 localhost [tscc-13-18]
189  31  36 | finished  tscc-13-18-0-62c8d50a glide-dock_HTVS_1-0170 localhost [tscc-13-18]
190  30  36 | finished  tscc-13-18-0-62c8d512 glide-dock_HTVS_1-0173 localhost [tscc-13-18]
191  29  36 | finished  tscc-13-18-0-62c8d517 glide-dock_HTVS_1-0175 localhost [tscc-13-18]
192  28  36 | finished  tscc-13-18-0-62c8d51a glide-dock_HTVS_1-0176 localhost [tscc-13-18]
193  27  36 | finished  tscc-13-18-0-62c8d51d glide-dock_HTVS_1-0177 localhost [tscc-13-18]
194  26  36 | finished  tscc-13-18-0-62c8d53e glide-dock_HTVS_1-0189 localhost [tscc-13-18]
195  25  36 | finished  tscc-13-18-0-62c8d550 glide-dock_HTVS_1-0195 localhost [tscc-13-18]
196  24  36 | finished  tscc-13-18-0-62c8d553 glide-dock_HTVS_1-0196 localhost [tscc-13-18]
197  23  36 | finished  tscc-13-18-0-62c8d556 glide-dock_HTVS_1-0197 localhost [tscc-13-18]
198  22  36 | finished  tscc-13-18-0-62c8d559 glide-dock_HTVS_1-0198 localhost [tscc-13-18]
199  21  36 | finished  tscc-13-18-0-62c8d55b glide-dock_HTVS_1-0199 localhost [tscc-13-18]
200  20  36 | finished  tscc-13-18-0-62c8d55e glide-dock_HTVS_1-0200 localhost [tscc-13-18]
201  19  36 | finished  tscc-13-18-0-62c8d561 glide-dock_HTVS_1-0201 localhost [tscc-13-18]
202  18  36 | finished  tscc-13-18-0-62c8d9d5 glide-dock_HTVS_1-0202 localhost [tscc-13-18]
203  17  36 | finished  tscc-13-18-0-62c8d9f6 glide-dock_HTVS_1-0203 localhost [tscc-13-18]
204  16  36 | finished  tscc-13-18-0-62c8da22 glide-dock_HTVS_1-0204 localhost [tscc-13-18]
204  17  35 | launched  tscc-13-18-0-62c8e054 glide-dock_HTVS_1-0221 localhost [tscc-13-18]
204  18  34 | launched  tscc-13-18-0-62c8e057 glide-dock_HTVS_1-0222 localhost [tscc-13-18]
204  19  33 | launched  tscc-13-18-0-62c8e059 glide-dock_HTVS_1-0223 localhost [tscc-13-18]
204  20  32 | launched  tscc-13-18-0-62c8e05c glide-dock_HTVS_1-0224 localhost [tscc-13-18]
204  21  31 | launched  tscc-13-18-0-62c8e05e glide-dock_HTVS_1-0225 localhost [tscc-13-18]
205  20  31 | finished  tscc-13-18-0-62c8da72 glide-dock_HTVS_1-0205 localhost [tscc-13-18]
206  19  31 | finished  tscc-13-18-0-62c8db72 glide-dock_HTVS_1-0206 localhost [tscc-13-18]
207  18  31 | finished  tscc-13-18-0-62c8dbbe glide-dock_HTVS_1-0209 localhost [tscc-13-18]
207  19  30 | launched  tscc-13-18-0-62c8e097 glide-dock_HTVS_1-0226 localhost [tscc-13-18]
207  20  29 | launched  tscc-13-18-0-62c8e099 glide-dock_HTVS_1-0227 localhost [tscc-13-18]
207  21  28 | launched  tscc-13-18-0-62c8e09c glide-dock_HTVS_1-0228 localhost [tscc-13-18]
207  22  27 | launched  tscc-13-18-0-62c8e09f glide-dock_HTVS_1-0229 localhost [tscc-13-18]
207  23  26 | launched  tscc-13-18-0-62c8e0a1 glide-dock_HTVS_1-0230 localhost [tscc-13-18]
207  24  25 | launched  tscc-13-18-0-62c8e0a3 glide-dock_HTVS_1-0231 localhost [tscc-13-18]
207  25  24 | launched  tscc-13-18-0-62c8e0a6 glide-dock_HTVS_1-0232 localhost [tscc-13-18]
207  26  23 | launched  tscc-13-18-0-62c8e0a9 glide-dock_HTVS_1-0233 localhost [tscc-13-18]
207  27  22 | launched  tscc-13-18-0-62c8e0ac glide-dock_HTVS_1-0234 localhost [tscc-13-18]
207  28  21 | launched  tscc-13-18-0-62c8e0ae glide-dock_HTVS_1-0235 localhost [tscc-13-18]
207  29  20 | launched  tscc-13-18-0-62c8e0b1 glide-dock_HTVS_1-0236 localhost [tscc-13-18]
207  30  19 | launched  tscc-13-18-0-62c8e0b4 glide-dock_HTVS_1-0237 localhost [tscc-13-18]
207  31  18 | launched  tscc-13-18-0-62c8e0b6 glide-dock_HTVS_1-0238 localhost [tscc-13-18]
207  32  17 | launched  tscc-13-18-0-62c8e0b9 glide-dock_HTVS_1-0239 localhost [tscc-13-18]
207  33  16 | launched  tscc-13-18-0-62c8e0bc glide-dock_HTVS_1-0240 localhost [tscc-13-18]
207  34  15 | launched  tscc-13-18-0-62c8e0be glide-dock_HTVS_1-0241 localhost [tscc-13-18]
207  35  14 | launched  tscc-13-18-0-62c8e0c1 glide-dock_HTVS_1-0242 localhost [tscc-13-18]
207  36  13 | launched  tscc-13-18-0-62c8e0c4 glide-dock_HTVS_1-0243 localhost [tscc-13-18]
207  37  12 | launched  tscc-13-18-0-62c8e0c6 glide-dock_HTVS_1-0244 localhost [tscc-13-18]
207  38  11 | launched  tscc-13-18-0-62c8e0c9 glide-dock_HTVS_1-0245 localhost [tscc-13-18]
207  39  10 | launched  tscc-13-18-0-62c8e0cc glide-dock_HTVS_1-0246 localhost [tscc-13-18]
207  40   9 | launched  tscc-13-18-0-62c8e0cf glide-dock_HTVS_1-0247 localhost [tscc-13-18]
207  41   8 | launched  tscc-13-18-0-62c8e0d1 glide-dock_HTVS_1-0248 localhost [tscc-13-18]
207  42   7 | launched  tscc-13-18-0-62c8e0d4 glide-dock_HTVS_1-0249 localhost [tscc-13-18]
207  43   6 | launched  tscc-13-18-0-62c8e0d7 glide-dock_HTVS_1-0250 localhost [tscc-13-18]
207  44   5 | launched  tscc-13-18-0-62c8e0d9 glide-dock_HTVS_1-0251 localhost [tscc-13-18]
207  45   4 | launched  tscc-13-18-0-62c8e0dc glide-dock_HTVS_1-0252 localhost [tscc-13-18]
207  46   3 | launched  tscc-13-18-0-62c8e0df glide-dock_HTVS_1-0253 localhost [tscc-13-18]
207  47   2 | launched  tscc-13-18-0-62c8e0e2 glide-dock_HTVS_1-0254 localhost [tscc-13-18]
207  48   1 | launched  tscc-13-18-0-62c8e0e5 glide-dock_HTVS_1-0255 localhost [tscc-13-18]
207  49   0 | launched  tscc-13-18-0-62c8e0e7 glide-dock_HTVS_1-0256 localhost [tscc-13-18]
208  48   0 | finished  tscc-13-18-0-62c8dcb2 glide-dock_HTVS_1-0212 localhost [tscc-13-18]
209  47   0 | finished  tscc-13-18-0-62c8dcb5 glide-dock_HTVS_1-0213 localhost [tscc-13-18]
210  46   0 | finished  tscc-13-18-0-62c8dcb8 glide-dock_HTVS_1-0214 localhost [tscc-13-18]
211  45   0 | finished  tscc-13-18-0-62c8dcba glide-dock_HTVS_1-0215 localhost [tscc-13-18]
212  44   0 | finished  tscc-13-18-0-62c8dbfa glide-dock_HTVS_1-0210 localhost [tscc-13-18]
213  43   0 | finished  tscc-13-18-0-62c8dcb0 glide-dock_HTVS_1-0211 localhost [tscc-13-18]
214  42   0 | finished  tscc-13-18-0-62c8db9f glide-dock_HTVS_1-0207 localhost [tscc-13-18]
215  41   0 | finished  tscc-13-18-0-62c8de64 glide-dock_HTVS_1-0218 localhost [tscc-13-18]
216  40   0 | finished  tscc-13-18-0-62c8de61 glide-dock_HTVS_1-0217 localhost [tscc-13-18]
217  39   0 | finished  tscc-13-18-0-62c8de68 glide-dock_HTVS_1-0220 localhost [tscc-13-18]
218  38   0 | finished  tscc-13-18-0-62c8dba2 glide-dock_HTVS_1-0208 localhost [tscc-13-18]
219  37   0 | finished  tscc-13-18-0-62c8e0a1 glide-dock_HTVS_1-0230 localhost [tscc-13-18]
220  36   0 | finished  tscc-13-18-0-62c8e057 glide-dock_HTVS_1-0222 localhost [tscc-13-18]
221  35   0 | finished  tscc-13-18-0-62c8e0a6 glide-dock_HTVS_1-0232 localhost [tscc-13-18]
222  34   0 | finished  tscc-13-18-0-62c8de66 glide-dock_HTVS_1-0219 localhost [tscc-13-18]
223  33   0 | finished  tscc-13-18-0-62c8e0a3 glide-dock_HTVS_1-0231 localhost [tscc-13-18]
224  32   0 | finished  tscc-13-18-0-62c8e0a9 glide-dock_HTVS_1-0233 localhost [tscc-13-18]
225  31   0 | finished  tscc-13-18-0-62c8e0ac glide-dock_HTVS_1-0234 localhost [tscc-13-18]
226  30   0 | finished  tscc-13-18-0-62c8e0ae glide-dock_HTVS_1-0235 localhost [tscc-13-18]
227  29   0 | finished  tscc-13-18-0-62c8e0b4 glide-dock_HTVS_1-0237 localhost [tscc-13-18]
228  28   0 | finished  tscc-13-18-0-62c8e0b6 glide-dock_HTVS_1-0238 localhost [tscc-13-18]
229  27   0 | finished  tscc-13-18-0-62c8e0b9 glide-dock_HTVS_1-0239 localhost [tscc-13-18]
230  26   0 | finished  tscc-13-18-0-62c8e0bc glide-dock_HTVS_1-0240 localhost [tscc-13-18]
231  25   0 | finished  tscc-13-18-0-62c8e0be glide-dock_HTVS_1-0241 localhost [tscc-13-18]
232  24   0 | finished  tscc-13-18-0-62c8e0c1 glide-dock_HTVS_1-0242 localhost [tscc-13-18]
233  23   0 | finished  tscc-13-18-0-62c8e0c4 glide-dock_HTVS_1-0243 localhost [tscc-13-18]
234  22   0 | finished  tscc-13-18-0-62c8e0c6 glide-dock_HTVS_1-0244 localhost [tscc-13-18]
235  21   0 | finished  tscc-13-18-0-62c8e0cc glide-dock_HTVS_1-0246 localhost [tscc-13-18]
236  20   0 | finished  tscc-13-18-0-62c8e0cf glide-dock_HTVS_1-0247 localhost [tscc-13-18]
237  19   0 | finished  tscc-13-18-0-62c8e0d1 glide-dock_HTVS_1-0248 localhost [tscc-13-18]
238  18   0 | finished  tscc-13-18-0-62c8e0d4 glide-dock_HTVS_1-0249 localhost [tscc-13-18]
239  17   0 | finished  tscc-13-18-0-62c8e0d7 glide-dock_HTVS_1-0250 localhost [tscc-13-18]
240  16   0 | finished  tscc-13-18-0-62c8e0d9 glide-dock_HTVS_1-0251 localhost [tscc-13-18]
241  15   0 | finished  tscc-13-18-0-62c8e0dc glide-dock_HTVS_1-0252 localhost [tscc-13-18]
242  14   0 | finished  tscc-13-18-0-62c8e0df glide-dock_HTVS_1-0253 localhost [tscc-13-18]
243  13   0 | finished  tscc-13-18-0-62c8e0e2 glide-dock_HTVS_1-0254 localhost [tscc-13-18]
244  12   0 | finished  tscc-13-18-0-62c8e0e5 glide-dock_HTVS_1-0255 localhost [tscc-13-18]
245  11   0 | finished  tscc-13-18-0-62c8e0e7 glide-dock_HTVS_1-0256 localhost [tscc-13-18]
246  10   0 | finished  tscc-13-18-0-62c8de5f glide-dock_HTVS_1-0216 localhost [tscc-13-18]
247   9   0 | finished  tscc-13-18-0-62c8e054 glide-dock_HTVS_1-0221 localhost [tscc-13-18]
248   8   0 | finished  tscc-13-18-0-62c8e059 glide-dock_HTVS_1-0223 localhost [tscc-13-18]
249   7   0 | finished  tscc-13-18-0-62c8e05c glide-dock_HTVS_1-0224 localhost [tscc-13-18]
250   6   0 | finished  tscc-13-18-0-62c8e05e glide-dock_HTVS_1-0225 localhost [tscc-13-18]
251   5   0 | finished  tscc-13-18-0-62c8e097 glide-dock_HTVS_1-0226 localhost [tscc-13-18]
252   4   0 | finished  tscc-13-18-0-62c8e099 glide-dock_HTVS_1-0227 localhost [tscc-13-18]
253   3   0 | finished  tscc-13-18-0-62c8e09c glide-dock_HTVS_1-0228 localhost [tscc-13-18]
254   2   0 | finished  tscc-13-18-0-62c8e09f glide-dock_HTVS_1-0229 localhost [tscc-13-18]
255   1   0 | finished  tscc-13-18-0-62c8e0b1 glide-dock_HTVS_1-0236 localhost [tscc-13-18]
256   0   0 | finished  tscc-13-18-0-62c8e0c9 glide-dock_HTVS_1-0245 localhost [tscc-13-18]

All jobs have completed.

256 of 256 job(s) succeeded; 0 job(s) failed.

All jobs succeeded: 930464 ligands done.
Writing poses to glide-dock_HTVS_1_pv.maegz
Combining log files to glide-dock_HTVS_1_subjobs.log
Archiving subjob pose files in glide-dock_HTVS_1_subjob_poses.zip
Archiving subjob input and log files in glide-dock_HTVS_1_subjobs.tar.gz
Cleaning up...

Elapsed times:
- preprocessing: 372.3 s
- running subjobs: 11132.8 s
- postprocessing: 472.8 s
- cleanup: 646.3 s

All Glide docking subjobs: Total CPU time = 453636 seconds (5 d 6 h 36 s)

Finished at: Fri Jul  8 19:48:39 2022
Total elapsed time for Glide script = 12635 seconds (3 h 30 min 35 s)
