
====================================
            Glide Script            
====================================

mmshare         2cb27f0eb7
glide-src       1e5ffd4733
psp-src         6c93e2fe77
macromodel-src  d47a6cf2e1
epik-src        46d635d642

--------------------------------------------------------------------------------
JobId          : tscc-13-20-0-636de8fd
Name           : glide-dock_HTVS_1
Program        : Glide
Host           : tscc-13-20.sdsc.edu
Dir            : /oasis/tscc/scratch/cseitz/docking/ecoli/oxygen_channel/oxygen_598/lifechemicals/htvs
HostEntry      : localhost
JobHost        : tscc-13-20.sdsc.edu
JobDir         : /oasis/tscc/scratch/cseitz/docking/ecoli/oxygen_channel/oxygen_598/enamine/htvs/cseitz/glide-dock_HTVS_1.1
JobSchrodinger : /home/ux453813/pkg/schrodinger2021-1
Commandline    : /home/ux453813/pkg/schrodinger2021-1/glide -WAIT glide-dock_HTVS_1.in -OVERWRITE -adjust -HOST localhost:64 -NJOBS 256 -NOLOCAL
StartTime      : 2022-11-10-22:17:50
--------------------------------------------------------------------------------

Running locally: False
Max retries: 2
Input file: glide-dock_HTVS_1.in

Setting up docking job
Separating ligands...
..................................................     50000
..................................................    100000
..................................................    150000
..................................................    200000
..................................................    250000
..................................................    300000
..................................................    350000
..................................................    400000
..................................................    450000
..................................................    500000
..................................................    550000
..................................................    600000
..................................................    650000
..................................................    700000
..................................................    750000
..................................................    800000
..................................................    850000
..................................................    900000
..............................                        930464
Number of structures that are to be docked: 930464
Setting up Glide docking jobs...

Running subjobs on hosts:
  localhost (Max: 64)
Number of jobs:       256
Max retries per job:  2
Max allowed failures: unlimited
Verbosity:            normal

Starting JobDJ...

Keep one job on driver host: False
JobDJ columns:
  C: Number of completed subjobs
  A: Number of active subjobs (e.g., submitted, running)
  W: Number of waiting/pending subjobs

  C   A   W | Activity  JobId  JobName  JobHost
--- --- --- | --------- -----------------------
  0   1 255 | launched  tscc-13-20-0-636dea69 glide-dock_HTVS_1-0001 localhost [tscc-13-20]
  0   2 254 | launched  tscc-13-20-0-636dea6b glide-dock_HTVS_1-0002 localhost [tscc-13-20]
  0   3 253 | launched  tscc-13-20-0-636dea6e glide-dock_HTVS_1-0003 localhost [tscc-13-20]
  0   4 252 | launched  tscc-13-20-0-636dea72 glide-dock_HTVS_1-0004 localhost [tscc-13-20]
  0   5 251 | launched  tscc-13-20-0-636dea76 glide-dock_HTVS_1-0005 localhost [tscc-13-20]
  0   6 250 | launched  tscc-13-20-0-636dea7a glide-dock_HTVS_1-0006 localhost [tscc-13-20]
  0   7 249 | launched  tscc-13-20-0-636dea7e glide-dock_HTVS_1-0007 localhost [tscc-13-20]
  0   8 248 | launched  tscc-13-20-0-636dea81 glide-dock_HTVS_1-0008 localhost [tscc-13-20]
  0   9 247 | launched  tscc-13-20-0-636dea85 glide-dock_HTVS_1-0009 localhost [tscc-13-20]
  0  10 246 | launched  tscc-13-20-0-636dea89 glide-dock_HTVS_1-0010 localhost [tscc-13-20]
  0  11 245 | launched  tscc-13-20-0-636dea8d glide-dock_HTVS_1-0011 localhost [tscc-13-20]
  0  12 244 | launched  tscc-13-20-0-636dea90 glide-dock_HTVS_1-0012 localhost [tscc-13-20]
  0  13 243 | launched  tscc-13-20-0-636dea93 glide-dock_HTVS_1-0013 localhost [tscc-13-20]
  0  14 242 | launched  tscc-13-20-0-636dea95 glide-dock_HTVS_1-0014 localhost [tscc-13-20]
  0  15 241 | launched  tscc-13-20-0-636dea98 glide-dock_HTVS_1-0015 localhost [tscc-13-20]
  0  16 240 | launched  tscc-13-20-0-636dea9d glide-dock_HTVS_1-0016 localhost [tscc-13-20]
  0  17 239 | launched  tscc-13-20-0-636deaa1 glide-dock_HTVS_1-0017 localhost [tscc-13-20]
  0  18 238 | launched  tscc-13-20-0-636deaa5 glide-dock_HTVS_1-0018 localhost [tscc-13-20]
  0  19 237 | launched  tscc-13-20-0-636deaa8 glide-dock_HTVS_1-0019 localhost [tscc-13-20]
  0  20 236 | launched  tscc-13-20-0-636deaab glide-dock_HTVS_1-0020 localhost [tscc-13-20]
  0  21 235 | launched  tscc-13-20-0-636deaae glide-dock_HTVS_1-0021 localhost [tscc-13-20]
  0  22 234 | launched  tscc-13-20-0-636deab2 glide-dock_HTVS_1-0022 localhost [tscc-13-20]
  0  23 233 | launched  tscc-13-20-0-636deab6 glide-dock_HTVS_1-0023 localhost [tscc-13-20]
  0  24 232 | launched  tscc-13-20-0-636deab9 glide-dock_HTVS_1-0024 localhost [tscc-13-20]
  0  25 231 | launched  tscc-13-20-0-636deabd glide-dock_HTVS_1-0025 localhost [tscc-13-20]
  0  26 230 | launched  tscc-13-20-0-636deac0 glide-dock_HTVS_1-0026 localhost [tscc-13-20]
  0  27 229 | launched  tscc-13-20-0-636deac3 glide-dock_HTVS_1-0027 localhost [tscc-13-20]
  0  28 228 | launched  tscc-13-20-0-636deac7 glide-dock_HTVS_1-0028 localhost [tscc-13-20]
  0  29 227 | launched  tscc-13-20-0-636deaca glide-dock_HTVS_1-0029 localhost [tscc-13-20]
  0  30 226 | launched  tscc-13-20-0-636deacd glide-dock_HTVS_1-0030 localhost [tscc-13-20]
  0  31 225 | launched  tscc-13-20-0-636dead0 glide-dock_HTVS_1-0031 localhost [tscc-13-20]
  0  32 224 | launched  tscc-13-20-0-636dead4 glide-dock_HTVS_1-0032 localhost [tscc-13-20]
  0  33 223 | launched  tscc-13-20-0-636dead8 glide-dock_HTVS_1-0033 localhost [tscc-13-20]
  0  34 222 | launched  tscc-13-20-0-636deadb glide-dock_HTVS_1-0034 localhost [tscc-13-20]
  0  35 221 | launched  tscc-13-20-0-636deadf glide-dock_HTVS_1-0035 localhost [tscc-13-20]
  0  36 220 | launched  tscc-13-20-0-636deae6 glide-dock_HTVS_1-0036 localhost [tscc-13-20]
  0  37 219 | launched  tscc-13-20-0-636deae9 glide-dock_HTVS_1-0037 localhost [tscc-13-20]
  0  38 218 | launched  tscc-13-20-0-636deaed glide-dock_HTVS_1-0038 localhost [tscc-13-20]
  0  39 217 | launched  tscc-13-20-0-636deaf0 glide-dock_HTVS_1-0039 localhost [tscc-13-20]
  0  40 216 | launched  tscc-13-20-0-636deaf3 glide-dock_HTVS_1-0040 localhost [tscc-13-20]
  0  41 215 | launched  tscc-13-20-0-636deaf7 glide-dock_HTVS_1-0041 localhost [tscc-13-20]
  0  42 214 | launched  tscc-13-20-0-636deaf9 glide-dock_HTVS_1-0042 localhost [tscc-13-20]
  0  43 213 | launched  tscc-13-20-0-636deafc glide-dock_HTVS_1-0043 localhost [tscc-13-20]
  0  44 212 | launched  tscc-13-20-0-636deafe glide-dock_HTVS_1-0044 localhost [tscc-13-20]
  0  45 211 | launched  tscc-13-20-0-636deb02 glide-dock_HTVS_1-0045 localhost [tscc-13-20]
  0  46 210 | launched  tscc-13-20-0-636deb07 glide-dock_HTVS_1-0046 localhost [tscc-13-20]
  0  47 209 | launched  tscc-13-20-0-636deb0a glide-dock_HTVS_1-0047 localhost [tscc-13-20]
  0  48 208 | launched  tscc-13-20-0-636deb0d glide-dock_HTVS_1-0048 localhost [tscc-13-20]
  0  49 207 | launched  tscc-13-20-0-636deb11 glide-dock_HTVS_1-0049 localhost [tscc-13-20]
  0  50 206 | launched  tscc-13-20-0-636deb14 glide-dock_HTVS_1-0050 localhost [tscc-13-20]
  0  51 205 | launched  tscc-13-20-0-636deb18 glide-dock_HTVS_1-0051 localhost [tscc-13-20]
  0  52 204 | launched  tscc-13-20-0-636deb1b glide-dock_HTVS_1-0052 localhost [tscc-13-20]
  0  53 203 | launched  tscc-13-20-0-636deb1f glide-dock_HTVS_1-0053 localhost [tscc-13-20]
  0  54 202 | launched  tscc-13-20-0-636deb23 glide-dock_HTVS_1-0054 localhost [tscc-13-20]
  0  55 201 | launched  tscc-13-20-0-636deb27 glide-dock_HTVS_1-0055 localhost [tscc-13-20]
  0  56 200 | launched  tscc-13-20-0-636deb2b glide-dock_HTVS_1-0056 localhost [tscc-13-20]
  0  57 199 | launched  tscc-13-20-0-636deb31 glide-dock_HTVS_1-0057 localhost [tscc-13-20]
  0  58 198 | launched  tscc-13-20-0-636deb34 glide-dock_HTVS_1-0058 localhost [tscc-13-20]
  0  59 197 | launched  tscc-13-20-0-636deb3b glide-dock_HTVS_1-0059 localhost [tscc-13-20]
  0  60 196 | launched  tscc-13-20-0-636deb40 glide-dock_HTVS_1-0060 localhost [tscc-13-20]
  0  61 195 | launched  tscc-13-20-0-636deb45 glide-dock_HTVS_1-0061 localhost [tscc-13-20]
  0  62 194 | launched  tscc-13-20-0-636deb4a glide-dock_HTVS_1-0062 localhost [tscc-13-20]
  0  63 193 | launched  tscc-13-20-0-636deb4e glide-dock_HTVS_1-0063 localhost [tscc-13-20]
  0  64 192 | launched  tscc-13-20-0-636deb51 glide-dock_HTVS_1-0064 localhost [tscc-13-20]
  1  63 192 | finished  tscc-13-20-0-636dea98 glide-dock_HTVS_1-0015 localhost [tscc-13-20]
  1  64 191 | launched  tscc-13-20-0-636df446 glide-dock_HTVS_1-0065 localhost [tscc-13-20]
  2  63 191 | finished  tscc-13-20-0-636dea9d glide-dock_HTVS_1-0016 localhost [tscc-13-20]
  2  64 190 | launched  tscc-13-20-0-636df466 glide-dock_HTVS_1-0066 localhost [tscc-13-20]
  3  63 190 | finished  tscc-13-20-0-636deb1b glide-dock_HTVS_1-0052 localhost [tscc-13-20]
  3  64 189 | launched  tscc-13-20-0-636df614 glide-dock_HTVS_1-0067 localhost [tscc-13-20]
  4  63 189 | finished  tscc-13-20-0-636deb4e glide-dock_HTVS_1-0063 localhost [tscc-13-20]
  4  64 188 | launched  tscc-13-20-0-636df627 glide-dock_HTVS_1-0068 localhost [tscc-13-20]
  5  63 188 | finished  tscc-13-20-0-636deaf7 glide-dock_HTVS_1-0041 localhost [tscc-13-20]
  5  64 187 | launched  tscc-13-20-0-636df632 glide-dock_HTVS_1-0069 localhost [tscc-13-20]
  6  63 187 | finished  tscc-13-20-0-636deb07 glide-dock_HTVS_1-0046 localhost [tscc-13-20]
  6  64 186 | launched  tscc-13-20-0-636df640 glide-dock_HTVS_1-0070 localhost [tscc-13-20]
  7  63 186 | finished  tscc-13-20-0-636deb1f glide-dock_HTVS_1-0053 localhost [tscc-13-20]
  7  64 185 | launched  tscc-13-20-0-636df69a glide-dock_HTVS_1-0071 localhost [tscc-13-20]
  8  63 185 | finished  tscc-13-20-0-636deaab glide-dock_HTVS_1-0020 localhost [tscc-13-20]
  8  64 184 | launched  tscc-13-20-0-636df6d0 glide-dock_HTVS_1-0072 localhost [tscc-13-20]
  9  63 184 | finished  tscc-13-20-0-636dea90 glide-dock_HTVS_1-0012 localhost [tscc-13-20]
  9  64 183 | launched  tscc-13-20-0-636df6dd glide-dock_HTVS_1-0073 localhost [tscc-13-20]
 10  63 183 | finished  tscc-13-20-0-636deaa8 glide-dock_HTVS_1-0019 localhost [tscc-13-20]
 10  64 182 | launched  tscc-13-20-0-636df739 glide-dock_HTVS_1-0074 localhost [tscc-13-20]
 11  63 182 | finished  tscc-13-20-0-636dea76 glide-dock_HTVS_1-0005 localhost [tscc-13-20]
 11  64 181 | launched  tscc-13-20-0-636df755 glide-dock_HTVS_1-0075 localhost [tscc-13-20]
 12  63 181 | finished  tscc-13-20-0-636deaf9 glide-dock_HTVS_1-0042 localhost [tscc-13-20]
 12  64 180 | launched  tscc-13-20-0-636df789 glide-dock_HTVS_1-0076 localhost [tscc-13-20]
 13  63 180 | finished  tscc-13-20-0-636deaa1 glide-dock_HTVS_1-0017 localhost [tscc-13-20]
 13  64 179 | launched  tscc-13-20-0-636df79a glide-dock_HTVS_1-0077 localhost [tscc-13-20]
 14  63 179 | finished  tscc-13-20-0-636deb14 glide-dock_HTVS_1-0050 localhost [tscc-13-20]
 14  64 178 | launched  tscc-13-20-0-636df7c8 glide-dock_HTVS_1-0078 localhost [tscc-13-20]
 15  63 178 | finished  tscc-13-20-0-636dea72 glide-dock_HTVS_1-0004 localhost [tscc-13-20]
 15  64 177 | launched  tscc-13-20-0-636df7d2 glide-dock_HTVS_1-0079 localhost [tscc-13-20]
 16  63 177 | finished  tscc-13-20-0-636deafe glide-dock_HTVS_1-0044 localhost [tscc-13-20]
 16  64 176 | launched  tscc-13-20-0-636df856 glide-dock_HTVS_1-0080 localhost [tscc-13-20]
 17  63 176 | finished  tscc-13-20-0-636deacd glide-dock_HTVS_1-0030 localhost [tscc-13-20]
 17  64 175 | launched  tscc-13-20-0-636df87e glide-dock_HTVS_1-0081 localhost [tscc-13-20]
 18  63 175 | finished  tscc-13-20-0-636dea95 glide-dock_HTVS_1-0014 localhost [tscc-13-20]
 18  64 174 | launched  tscc-13-20-0-636df893 glide-dock_HTVS_1-0082 localhost [tscc-13-20]
 19  63 174 | finished  tscc-13-20-0-636deb0a glide-dock_HTVS_1-0047 localhost [tscc-13-20]
 19  64 173 | launched  tscc-13-20-0-636df8ff glide-dock_HTVS_1-0083 localhost [tscc-13-20]
 20  63 173 | finished  tscc-13-20-0-636dea6b glide-dock_HTVS_1-0002 localhost [tscc-13-20]
 20  64 172 | launched  tscc-13-20-0-636df90b glide-dock_HTVS_1-0084 localhost [tscc-13-20]
 21  63 172 | finished  tscc-13-20-0-636dea6e glide-dock_HTVS_1-0003 localhost [tscc-13-20]
 21  64 171 | launched  tscc-13-20-0-636df91f glide-dock_HTVS_1-0085 localhost [tscc-13-20]
 22  63 171 | finished  tscc-13-20-0-636deb4a glide-dock_HTVS_1-0062 localhost [tscc-13-20]
 22  64 170 | launched  tscc-13-20-0-636df938 glide-dock_HTVS_1-0086 localhost [tscc-13-20]
 23  63 170 | finished  tscc-13-20-0-636deae6 glide-dock_HTVS_1-0036 localhost [tscc-13-20]
 23  64 169 | launched  tscc-13-20-0-636df948 glide-dock_HTVS_1-0087 localhost [tscc-13-20]
 24  63 169 | finished  tscc-13-20-0-636deaf0 glide-dock_HTVS_1-0039 localhost [tscc-13-20]
 24  64 168 | launched  tscc-13-20-0-636df970 glide-dock_HTVS_1-0088 localhost [tscc-13-20]
 25  63 168 | finished  tscc-13-20-0-636deb40 glide-dock_HTVS_1-0060 localhost [tscc-13-20]
 25  64 167 | launched  tscc-13-20-0-636df988 glide-dock_HTVS_1-0089 localhost [tscc-13-20]
 26  63 167 | finished  tscc-13-20-0-636deaca glide-dock_HTVS_1-0029 localhost [tscc-13-20]
 26  64 166 | launched  tscc-13-20-0-636df996 glide-dock_HTVS_1-0090 localhost [tscc-13-20]
 27  63 166 | finished  tscc-13-20-0-636deadb glide-dock_HTVS_1-0034 localhost [tscc-13-20]
 27  64 165 | launched  tscc-13-20-0-636df9a1 glide-dock_HTVS_1-0091 localhost [tscc-13-20]
 28  63 165 | finished  tscc-13-20-0-636deaa5 glide-dock_HTVS_1-0018 localhost [tscc-13-20]
 28  64 164 | launched  tscc-13-20-0-636df9bd glide-dock_HTVS_1-0092 localhost [tscc-13-20]
 29  63 164 | finished  tscc-13-20-0-636deb45 glide-dock_HTVS_1-0061 localhost [tscc-13-20]
 29  64 163 | launched  tscc-13-20-0-636df9d1 glide-dock_HTVS_1-0093 localhost [tscc-13-20]
 30  63 163 | finished  tscc-13-20-0-636deb02 glide-dock_HTVS_1-0045 localhost [tscc-13-20]
 30  64 162 | launched  tscc-13-20-0-636df9eb glide-dock_HTVS_1-0094 localhost [tscc-13-20]
 31  63 162 | finished  tscc-13-20-0-636deac3 glide-dock_HTVS_1-0027 localhost [tscc-13-20]
 32  62 162 | finished  tscc-13-20-0-636deb31 glide-dock_HTVS_1-0057 localhost [tscc-13-20]
 32  63 161 | launched  tscc-13-20-0-636dfa0d glide-dock_HTVS_1-0095 localhost [tscc-13-20]
 32  64 160 | launched  tscc-13-20-0-636dfa10 glide-dock_HTVS_1-0096 localhost [tscc-13-20]
 33  63 160 | finished  tscc-13-20-0-636deae9 glide-dock_HTVS_1-0037 localhost [tscc-13-20]
 33  64 159 | launched  tscc-13-20-0-636dfa28 glide-dock_HTVS_1-0097 localhost [tscc-13-20]
 34  63 159 | finished  tscc-13-20-0-636deab2 glide-dock_HTVS_1-0022 localhost [tscc-13-20]
 34  64 158 | launched  tscc-13-20-0-636dfa34 glide-dock_HTVS_1-0098 localhost [tscc-13-20]
 35  63 158 | finished  tscc-13-20-0-636dea7a glide-dock_HTVS_1-0006 localhost [tscc-13-20]
 36  62 158 | finished  tscc-13-20-0-636deb51 glide-dock_HTVS_1-0064 localhost [tscc-13-20]
 36  63 157 | launched  tscc-13-20-0-636dfa47 glide-dock_HTVS_1-0099 localhost [tscc-13-20]
 36  64 156 | launched  tscc-13-20-0-636dfa4a glide-dock_HTVS_1-0100 localhost [tscc-13-20]
 37  63 156 | finished  tscc-13-20-0-636deb18 glide-dock_HTVS_1-0051 localhost [tscc-13-20]
 37  64 155 | launched  tscc-13-20-0-636dfa63 glide-dock_HTVS_1-0101 localhost [tscc-13-20]
 38  63 155 | finished  tscc-13-20-0-636deab9 glide-dock_HTVS_1-0024 localhost [tscc-13-20]
 38  64 154 | launched  tscc-13-20-0-636dfa75 glide-dock_HTVS_1-0102 localhost [tscc-13-20]
 39  63 154 | finished  tscc-13-20-0-636dea93 glide-dock_HTVS_1-0013 localhost [tscc-13-20]
 39  64 153 | launched  tscc-13-20-0-636dfaa9 glide-dock_HTVS_1-0103 localhost [tscc-13-20]
 40  63 153 | finished  tscc-13-20-0-636deb11 glide-dock_HTVS_1-0049 localhost [tscc-13-20]
 40  64 152 | launched  tscc-13-20-0-636dfad2 glide-dock_HTVS_1-0104 localhost [tscc-13-20]
 41  63 152 | finished  tscc-13-20-0-636deb3b glide-dock_HTVS_1-0059 localhost [tscc-13-20]
 41  64 151 | launched  tscc-13-20-0-636dfb12 glide-dock_HTVS_1-0105 localhost [tscc-13-20]
 42  63 151 | finished  tscc-13-20-0-636deadf glide-dock_HTVS_1-0035 localhost [tscc-13-20]
 42  64 150 | launched  tscc-13-20-0-636dfb26 glide-dock_HTVS_1-0106 localhost [tscc-13-20]
 43  63 150 | finished  tscc-13-20-0-636dead0 glide-dock_HTVS_1-0031 localhost [tscc-13-20]
 43  64 149 | launched  tscc-13-20-0-636dfb6c glide-dock_HTVS_1-0107 localhost [tscc-13-20]
 44  63 149 | finished  tscc-13-20-0-636deb34 glide-dock_HTVS_1-0058 localhost [tscc-13-20]
 44  64 148 | launched  tscc-13-20-0-636dfba7 glide-dock_HTVS_1-0108 localhost [tscc-13-20]
 45  63 148 | finished  tscc-13-20-0-636dea8d glide-dock_HTVS_1-0011 localhost [tscc-13-20]
 45  64 147 | launched  tscc-13-20-0-636dfbe2 glide-dock_HTVS_1-0109 localhost [tscc-13-20]
 46  63 147 | finished  tscc-13-20-0-636deb23 glide-dock_HTVS_1-0054 localhost [tscc-13-20]
 46  64 146 | launched  tscc-13-20-0-636dfc1f glide-dock_HTVS_1-0110 localhost [tscc-13-20]
 47  63 146 | finished  tscc-13-20-0-636deabd glide-dock_HTVS_1-0025 localhost [tscc-13-20]
 47  64 145 | launched  tscc-13-20-0-636dfc35 glide-dock_HTVS_1-0111 localhost [tscc-13-20]
 48  63 145 | finished  tscc-13-20-0-636dea7e glide-dock_HTVS_1-0007 localhost [tscc-13-20]
 48  64 144 | launched  tscc-13-20-0-636dfc49 glide-dock_HTVS_1-0112 localhost [tscc-13-20]
 49  63 144 | finished  tscc-13-20-0-636deab6 glide-dock_HTVS_1-0023 localhost [tscc-13-20]
 49  64 143 | launched  tscc-13-20-0-636dfc68 glide-dock_HTVS_1-0113 localhost [tscc-13-20]
 50  63 143 | finished  tscc-13-20-0-636deb27 glide-dock_HTVS_1-0055 localhost [tscc-13-20]
 50  64 142 | launched  tscc-13-20-0-636dfc7f glide-dock_HTVS_1-0114 localhost [tscc-13-20]
 51  63 142 | finished  tscc-13-20-0-636deac0 glide-dock_HTVS_1-0026 localhost [tscc-13-20]
 51  64 141 | launched  tscc-13-20-0-636dfc8a glide-dock_HTVS_1-0115 localhost [tscc-13-20]
 52  63 141 | finished  tscc-13-20-0-636deaf3 glide-dock_HTVS_1-0040 localhost [tscc-13-20]
 52  64 140 | launched  tscc-13-20-0-636dfc9a glide-dock_HTVS_1-0116 localhost [tscc-13-20]
 53  63 140 | finished  tscc-13-20-0-636dead8 glide-dock_HTVS_1-0033 localhost [tscc-13-20]
 53  64 139 | launched  tscc-13-20-0-636dfca7 glide-dock_HTVS_1-0117 localhost [tscc-13-20]
 54  63 139 | finished  tscc-13-20-0-636deaae glide-dock_HTVS_1-0021 localhost [tscc-13-20]
 54  64 138 | launched  tscc-13-20-0-636dfd27 glide-dock_HTVS_1-0118 localhost [tscc-13-20]
 55  63 138 | finished  tscc-13-20-0-636dea85 glide-dock_HTVS_1-0009 localhost [tscc-13-20]
 55  64 137 | launched  tscc-13-20-0-636dfd45 glide-dock_HTVS_1-0119 localhost [tscc-13-20]
 56  63 137 | finished  tscc-13-20-0-636dead4 glide-dock_HTVS_1-0032 localhost [tscc-13-20]
 57  62 137 | finished  tscc-13-20-0-636deafc glide-dock_HTVS_1-0043 localhost [tscc-13-20]
 57  63 136 | launched  tscc-13-20-0-636dfd57 glide-dock_HTVS_1-0120 localhost [tscc-13-20]
 57  64 135 | launched  tscc-13-20-0-636dfd5a glide-dock_HTVS_1-0121 localhost [tscc-13-20]
 58  63 135 | finished  tscc-13-20-0-636deac7 glide-dock_HTVS_1-0028 localhost [tscc-13-20]
 58  64 134 | launched  tscc-13-20-0-636dfdb3 glide-dock_HTVS_1-0122 localhost [tscc-13-20]
 59  63 134 | finished  tscc-13-20-0-636dea69 glide-dock_HTVS_1-0001 localhost [tscc-13-20]
 59  64 133 | launched  tscc-13-20-0-636dfe5e glide-dock_HTVS_1-0123 localhost [tscc-13-20]
 60  63 133 | finished  tscc-13-20-0-636dea89 glide-dock_HTVS_1-0010 localhost [tscc-13-20]
 60  64 132 | launched  tscc-13-20-0-636dfe9e glide-dock_HTVS_1-0124 localhost [tscc-13-20]
 61  63 132 | finished  tscc-13-20-0-636deb2b glide-dock_HTVS_1-0056 localhost [tscc-13-20]
 61  64 131 | launched  tscc-13-20-0-636e00ed glide-dock_HTVS_1-0125 localhost [tscc-13-20]
 62  63 131 | finished  tscc-13-20-0-636df446 glide-dock_HTVS_1-0065 localhost [tscc-13-20]
 62  64 130 | launched  tscc-13-20-0-636e01a2 glide-dock_HTVS_1-0126 localhost [tscc-13-20]
 63  63 130 | finished  tscc-13-20-0-636dea81 glide-dock_HTVS_1-0008 localhost [tscc-13-20]
 63  64 129 | launched  tscc-13-20-0-636e0226 glide-dock_HTVS_1-0127 localhost [tscc-13-20]
 64  63 129 | finished  tscc-13-20-0-636deb0d glide-dock_HTVS_1-0048 localhost [tscc-13-20]
 64  64 128 | launched  tscc-13-20-0-636e0255 glide-dock_HTVS_1-0128 localhost [tscc-13-20]
 65  63 128 | finished  tscc-13-20-0-636df614 glide-dock_HTVS_1-0067 localhost [tscc-13-20]
 65  64 127 | launched  tscc-13-20-0-636e0266 glide-dock_HTVS_1-0129 localhost [tscc-13-20]
 66  63 127 | finished  tscc-13-20-0-636deaed glide-dock_HTVS_1-0038 localhost [tscc-13-20]
 66  64 126 | launched  tscc-13-20-0-636e02a4 glide-dock_HTVS_1-0130 localhost [tscc-13-20]
 67  63 126 | finished  tscc-13-20-0-636df970 glide-dock_HTVS_1-0088 localhost [tscc-13-20]
 67  64 125 | launched  tscc-13-20-0-636e02af glide-dock_HTVS_1-0131 localhost [tscc-13-20]
 68  63 125 | finished  tscc-13-20-0-636df466 glide-dock_HTVS_1-0066 localhost [tscc-13-20]
 68  64 124 | launched  tscc-13-20-0-636e03aa glide-dock_HTVS_1-0132 localhost [tscc-13-20]
 69  63 124 | finished  tscc-13-20-0-636df632 glide-dock_HTVS_1-0069 localhost [tscc-13-20]
 69  64 123 | launched  tscc-13-20-0-636e03d1 glide-dock_HTVS_1-0133 localhost [tscc-13-20]
 70  63 123 | finished  tscc-13-20-0-636df8ff glide-dock_HTVS_1-0083 localhost [tscc-13-20]
 70  64 122 | launched  tscc-13-20-0-636e044a glide-dock_HTVS_1-0134 localhost [tscc-13-20]
 71  63 122 | finished  tscc-13-20-0-636df7c8 glide-dock_HTVS_1-0078 localhost [tscc-13-20]
 71  64 121 | launched  tscc-13-20-0-636e0454 glide-dock_HTVS_1-0135 localhost [tscc-13-20]
 72  63 121 | finished  tscc-13-20-0-636df9eb glide-dock_HTVS_1-0094 localhost [tscc-13-20]
 72  64 120 | launched  tscc-13-20-0-636e0494 glide-dock_HTVS_1-0136 localhost [tscc-13-20]
 73  63 120 | finished  tscc-13-20-0-636df6dd glide-dock_HTVS_1-0073 localhost [tscc-13-20]
 73  64 119 | launched  tscc-13-20-0-636e04be glide-dock_HTVS_1-0137 localhost [tscc-13-20]
 74  63 119 | finished  tscc-13-20-0-636df988 glide-dock_HTVS_1-0089 localhost [tscc-13-20]
 74  64 118 | launched  tscc-13-20-0-636e04da glide-dock_HTVS_1-0138 localhost [tscc-13-20]
 75  63 118 | finished  tscc-13-20-0-636df640 glide-dock_HTVS_1-0070 localhost [tscc-13-20]
 75  64 117 | launched  tscc-13-20-0-636e057d glide-dock_HTVS_1-0139 localhost [tscc-13-20]
 76  63 117 | finished  tscc-13-20-0-636df755 glide-dock_HTVS_1-0075 localhost [tscc-13-20]
 76  64 116 | launched  tscc-13-20-0-636e05ba glide-dock_HTVS_1-0140 localhost [tscc-13-20]
 77  63 116 | finished  tscc-13-20-0-636df87e glide-dock_HTVS_1-0081 localhost [tscc-13-20]
 77  64 115 | launched  tscc-13-20-0-636e0603 glide-dock_HTVS_1-0141 localhost [tscc-13-20]
 78  63 115 | finished  tscc-13-20-0-636df7d2 glide-dock_HTVS_1-0079 localhost [tscc-13-20]
 78  64 114 | launched  tscc-13-20-0-636e065a glide-dock_HTVS_1-0142 localhost [tscc-13-20]
 79  63 114 | finished  tscc-13-20-0-636df938 glide-dock_HTVS_1-0086 localhost [tscc-13-20]
 79  64 113 | launched  tscc-13-20-0-636e0699 glide-dock_HTVS_1-0143 localhost [tscc-13-20]
 80  63 113 | finished  tscc-13-20-0-636df893 glide-dock_HTVS_1-0082 localhost [tscc-13-20]
 80  64 112 | launched  tscc-13-20-0-636e06d9 glide-dock_HTVS_1-0144 localhost [tscc-13-20]
 81  63 112 | finished  tscc-13-20-0-636dfa4a glide-dock_HTVS_1-0100 localhost [tscc-13-20]
 81  64 111 | launched  tscc-13-20-0-636e06e8 glide-dock_HTVS_1-0145 localhost [tscc-13-20]
 82  63 111 | finished  tscc-13-20-0-636dfca7 glide-dock_HTVS_1-0117 localhost [tscc-13-20]
 82  64 110 | launched  tscc-13-20-0-636e0708 glide-dock_HTVS_1-0146 localhost [tscc-13-20]
 83  63 110 | finished  tscc-13-20-0-636df9d1 glide-dock_HTVS_1-0093 localhost [tscc-13-20]
 83  64 109 | launched  tscc-13-20-0-636e07a6 glide-dock_HTVS_1-0147 localhost [tscc-13-20]
 84  63 109 | finished  tscc-13-20-0-636dfa75 glide-dock_HTVS_1-0102 localhost [tscc-13-20]
 84  64 108 | launched  tscc-13-20-0-636e07e4 glide-dock_HTVS_1-0148 localhost [tscc-13-20]
 85  63 108 | finished  tscc-13-20-0-636df79a glide-dock_HTVS_1-0077 localhost [tscc-13-20]
 85  64 107 | launched  tscc-13-20-0-636e07fc glide-dock_HTVS_1-0149 localhost [tscc-13-20]
 86  63 107 | finished  tscc-13-20-0-636dfb12 glide-dock_HTVS_1-0105 localhost [tscc-13-20]
 86  64 106 | launched  tscc-13-20-0-636e0825 glide-dock_HTVS_1-0150 localhost [tscc-13-20]
 87  63 106 | finished  tscc-13-20-0-636df996 glide-dock_HTVS_1-0090 localhost [tscc-13-20]
 87  64 105 | launched  tscc-13-20-0-636e082e glide-dock_HTVS_1-0151 localhost [tscc-13-20]
 88  63 105 | finished  tscc-13-20-0-636df9a1 glide-dock_HTVS_1-0091 localhost [tscc-13-20]
 89  62 105 | finished  tscc-13-20-0-636dfa63 glide-dock_HTVS_1-0101 localhost [tscc-13-20]
 89  63 104 | launched  tscc-13-20-0-636e0870 glide-dock_HTVS_1-0152 localhost [tscc-13-20]
 89  64 103 | launched  tscc-13-20-0-636e0872 glide-dock_HTVS_1-0153 localhost [tscc-13-20]
 90  63 103 | finished  tscc-13-20-0-636dfc9a glide-dock_HTVS_1-0116 localhost [tscc-13-20]
 90  64 102 | launched  tscc-13-20-0-636e0899 glide-dock_HTVS_1-0154 localhost [tscc-13-20]
 91  63 102 | finished  tscc-13-20-0-636dfc35 glide-dock_HTVS_1-0111 localhost [tscc-13-20]
 91  64 101 | launched  tscc-13-20-0-636e08c3 glide-dock_HTVS_1-0155 localhost [tscc-13-20]
 92  63 101 | finished  tscc-13-20-0-636dfa47 glide-dock_HTVS_1-0099 localhost [tscc-13-20]
 92  64 100 | launched  tscc-13-20-0-636e08cc glide-dock_HTVS_1-0156 localhost [tscc-13-20]
 93  63 100 | finished  tscc-13-20-0-636dfd27 glide-dock_HTVS_1-0118 localhost [tscc-13-20]
 93  64  99 | launched  tscc-13-20-0-636e08d4 glide-dock_HTVS_1-0157 localhost [tscc-13-20]
 94  63  99 | finished  tscc-13-20-0-636df948 glide-dock_HTVS_1-0087 localhost [tscc-13-20]
 94  64  98 | launched  tscc-13-20-0-636e08f4 glide-dock_HTVS_1-0158 localhost [tscc-13-20]
 95  63  98 | finished  tscc-13-20-0-636df91f glide-dock_HTVS_1-0085 localhost [tscc-13-20]
 95  64  97 | launched  tscc-13-20-0-636e091b glide-dock_HTVS_1-0159 localhost [tscc-13-20]
 96  63  97 | finished  tscc-13-20-0-636df739 glide-dock_HTVS_1-0074 localhost [tscc-13-20]
 96  64  96 | launched  tscc-13-20-0-636e0934 glide-dock_HTVS_1-0160 localhost [tscc-13-20]
 97  63  96 | finished  tscc-13-20-0-636dfc1f glide-dock_HTVS_1-0110 localhost [tscc-13-20]
 97  64  95 | launched  tscc-13-20-0-636e0960 glide-dock_HTVS_1-0161 localhost [tscc-13-20]
 98  63  95 | finished  tscc-13-20-0-636dfa28 glide-dock_HTVS_1-0097 localhost [tscc-13-20]
 98  64  94 | launched  tscc-13-20-0-636e096b glide-dock_HTVS_1-0162 localhost [tscc-13-20]
 99  63  94 | finished  tscc-13-20-0-636dfa10 glide-dock_HTVS_1-0096 localhost [tscc-13-20]
 99  64  93 | launched  tscc-13-20-0-636e0984 glide-dock_HTVS_1-0163 localhost [tscc-13-20]
100  63  93 | finished  tscc-13-20-0-636dfbe2 glide-dock_HTVS_1-0109 localhost [tscc-13-20]
100  64  92 | launched  tscc-13-20-0-636e099c glide-dock_HTVS_1-0164 localhost [tscc-13-20]
101  63  92 | finished  tscc-13-20-0-636df789 glide-dock_HTVS_1-0076 localhost [tscc-13-20]
101  64  91 | launched  tscc-13-20-0-636e0a84 glide-dock_HTVS_1-0165 localhost [tscc-13-20]
102  63  91 | finished  tscc-13-20-0-636dfb26 glide-dock_HTVS_1-0106 localhost [tscc-13-20]
102  64  90 | launched  tscc-13-20-0-636e0ace glide-dock_HTVS_1-0166 localhost [tscc-13-20]
103  63  90 | finished  tscc-13-20-0-636dfc8a glide-dock_HTVS_1-0115 localhost [tscc-13-20]
103  64  89 | launched  tscc-13-20-0-636e0ad8 glide-dock_HTVS_1-0167 localhost [tscc-13-20]
104  63  89 | finished  tscc-13-20-0-636dfb6c glide-dock_HTVS_1-0107 localhost [tscc-13-20]
104  64  88 | launched  tscc-13-20-0-636e0b47 glide-dock_HTVS_1-0168 localhost [tscc-13-20]
105  63  88 | finished  tscc-13-20-0-636dfaa9 glide-dock_HTVS_1-0103 localhost [tscc-13-20]
105  64  87 | launched  tscc-13-20-0-636e0b7c glide-dock_HTVS_1-0169 localhost [tscc-13-20]
106  63  87 | finished  tscc-13-20-0-636dfd5a glide-dock_HTVS_1-0121 localhost [tscc-13-20]
106  64  86 | launched  tscc-13-20-0-636e0b84 glide-dock_HTVS_1-0170 localhost [tscc-13-20]
107  63  86 | finished  tscc-13-20-0-636dfd57 glide-dock_HTVS_1-0120 localhost [tscc-13-20]
107  64  85 | launched  tscc-13-20-0-636e0b8c glide-dock_HTVS_1-0171 localhost [tscc-13-20]
108  63  85 | finished  tscc-13-20-0-636df6d0 glide-dock_HTVS_1-0072 localhost [tscc-13-20]
108  64  84 | launched  tscc-13-20-0-636e0b9a glide-dock_HTVS_1-0172 localhost [tscc-13-20]
109  63  84 | finished  tscc-13-20-0-636dfc7f glide-dock_HTVS_1-0114 localhost [tscc-13-20]
109  64  83 | launched  tscc-13-20-0-636e0bbe glide-dock_HTVS_1-0173 localhost [tscc-13-20]
110  63  83 | finished  tscc-13-20-0-636dfba7 glide-dock_HTVS_1-0108 localhost [tscc-13-20]
110  64  82 | launched  tscc-13-20-0-636e0c10 glide-dock_HTVS_1-0174 localhost [tscc-13-20]
111  63  82 | finished  tscc-13-20-0-636dfc68 glide-dock_HTVS_1-0113 localhost [tscc-13-20]
111  64  81 | launched  tscc-13-20-0-636e0d0a glide-dock_HTVS_1-0175 localhost [tscc-13-20]
112  63  81 | finished  tscc-13-20-0-636dfad2 glide-dock_HTVS_1-0104 localhost [tscc-13-20]
112  64  80 | launched  tscc-13-20-0-636e0d22 glide-dock_HTVS_1-0176 localhost [tscc-13-20]
113  63  80 | finished  tscc-13-20-0-636dfdb3 glide-dock_HTVS_1-0122 localhost [tscc-13-20]
113  64  79 | launched  tscc-13-20-0-636e0d86 glide-dock_HTVS_1-0177 localhost [tscc-13-20]
114  63  79 | finished  tscc-13-20-0-636df9bd glide-dock_HTVS_1-0092 localhost [tscc-13-20]
114  64  78 | launched  tscc-13-20-0-636e0d90 glide-dock_HTVS_1-0178 localhost [tscc-13-20]
115  63  78 | finished  tscc-13-20-0-636df69a glide-dock_HTVS_1-0071 localhost [tscc-13-20]
115  64  77 | launched  tscc-13-20-0-636e0dbe glide-dock_HTVS_1-0179 localhost [tscc-13-20]
116  63  77 | finished  tscc-13-20-0-636dfd45 glide-dock_HTVS_1-0119 localhost [tscc-13-20]
116  64  76 | launched  tscc-13-20-0-636e0dd8 glide-dock_HTVS_1-0180 localhost [tscc-13-20]
117  63  76 | finished  tscc-13-20-0-636dfe5e glide-dock_HTVS_1-0123 localhost [tscc-13-20]
117  64  75 | launched  tscc-13-20-0-636e0ea3 glide-dock_HTVS_1-0181 localhost [tscc-13-20]
118  63  75 | finished  tscc-13-20-0-636e0255 glide-dock_HTVS_1-0128 localhost [tscc-13-20]
118  64  74 | launched  tscc-13-20-0-636e0f44 glide-dock_HTVS_1-0182 localhost [tscc-13-20]
119  63  74 | finished  tscc-13-20-0-636df856 glide-dock_HTVS_1-0080 localhost [tscc-13-20]
119  64  73 | launched  tscc-13-20-0-636e0f5f glide-dock_HTVS_1-0183 localhost [tscc-13-20]
120  63  73 | finished  tscc-13-20-0-636e0226 glide-dock_HTVS_1-0127 localhost [tscc-13-20]
120  64  72 | launched  tscc-13-20-0-636e0f68 glide-dock_HTVS_1-0184 localhost [tscc-13-20]
121  63  72 | finished  tscc-13-20-0-636dfa34 glide-dock_HTVS_1-0098 localhost [tscc-13-20]
121  64  71 | launched  tscc-13-20-0-636e0f97 glide-dock_HTVS_1-0185 localhost [tscc-13-20]
122  63  71 | finished  tscc-13-20-0-636dfc49 glide-dock_HTVS_1-0112 localhost [tscc-13-20]
122  64  70 | launched  tscc-13-20-0-636e0fdb glide-dock_HTVS_1-0186 localhost [tscc-13-20]
123  63  70 | finished  tscc-13-20-0-636e01a2 glide-dock_HTVS_1-0126 localhost [tscc-13-20]
123  64  69 | launched  tscc-13-20-0-636e1025 glide-dock_HTVS_1-0187 localhost [tscc-13-20]
124  63  69 | finished  tscc-13-20-0-636e02a4 glide-dock_HTVS_1-0130 localhost [tscc-13-20]
124  64  68 | launched  tscc-13-20-0-636e1048 glide-dock_HTVS_1-0188 localhost [tscc-13-20]
125  63  68 | finished  tscc-13-20-0-636e03d1 glide-dock_HTVS_1-0133 localhost [tscc-13-20]
125  64  67 | launched  tscc-13-20-0-636e1056 glide-dock_HTVS_1-0189 localhost [tscc-13-20]
126  63  67 | finished  tscc-13-20-0-636dfe9e glide-dock_HTVS_1-0124 localhost [tscc-13-20]
126  64  66 | launched  tscc-13-20-0-636e108c glide-dock_HTVS_1-0190 localhost [tscc-13-20]
127  63  66 | finished  tscc-13-20-0-636e0603 glide-dock_HTVS_1-0141 localhost [tscc-13-20]
127  64  65 | launched  tscc-13-20-0-636e10c4 glide-dock_HTVS_1-0191 localhost [tscc-13-20]
128  63  65 | finished  tscc-13-20-0-636e0266 glide-dock_HTVS_1-0129 localhost [tscc-13-20]
128  64  64 | launched  tscc-13-20-0-636e1109 glide-dock_HTVS_1-0192 localhost [tscc-13-20]
129  63  64 | finished  tscc-13-20-0-636e05ba glide-dock_HTVS_1-0140 localhost [tscc-13-20]
129  64  63 | launched  tscc-13-20-0-636e1164 glide-dock_HTVS_1-0193 localhost [tscc-13-20]
130  63  63 | finished  tscc-13-20-0-636df627 glide-dock_HTVS_1-0068 localhost [tscc-13-20]
130  64  62 | launched  tscc-13-20-0-636e1186 glide-dock_HTVS_1-0194 localhost [tscc-13-20]
131  63  62 | finished  tscc-13-20-0-636e02af glide-dock_HTVS_1-0131 localhost [tscc-13-20]
131  64  61 | launched  tscc-13-20-0-636e11f5 glide-dock_HTVS_1-0195 localhost [tscc-13-20]
132  63  61 | finished  tscc-13-20-0-636e044a glide-dock_HTVS_1-0134 localhost [tscc-13-20]
132  64  60 | launched  tscc-13-20-0-636e122d glide-dock_HTVS_1-0196 localhost [tscc-13-20]
133  63  60 | finished  tscc-13-20-0-636e04da glide-dock_HTVS_1-0138 localhost [tscc-13-20]
133  64  59 | launched  tscc-13-20-0-636e125e glide-dock_HTVS_1-0197 localhost [tscc-13-20]
134  63  59 | finished  tscc-13-20-0-636e065a glide-dock_HTVS_1-0142 localhost [tscc-13-20]
134  64  58 | launched  tscc-13-20-0-636e1269 glide-dock_HTVS_1-0198 localhost [tscc-13-20]
135  63  58 | finished  tscc-13-20-0-636df90b glide-dock_HTVS_1-0084 localhost [tscc-13-20]
135  64  57 | launched  tscc-13-20-0-636e12b0 glide-dock_HTVS_1-0199 localhost [tscc-13-20]
136  63  57 | finished  tscc-13-20-0-636e03aa glide-dock_HTVS_1-0132 localhost [tscc-13-20]
136  64  56 | launched  tscc-13-20-0-636e12c5 glide-dock_HTVS_1-0200 localhost [tscc-13-20]
137  63  56 | finished  tscc-13-20-0-636e00ed glide-dock_HTVS_1-0125 localhost [tscc-13-20]
137  64  55 | launched  tscc-13-20-0-636e12ef glide-dock_HTVS_1-0201 localhost [tscc-13-20]
138  63  55 | finished  tscc-13-20-0-636e04be glide-dock_HTVS_1-0137 localhost [tscc-13-20]
138  64  54 | launched  tscc-13-20-0-636e13a7 glide-dock_HTVS_1-0202 localhost [tscc-13-20]
139  63  54 | finished  tscc-13-20-0-636e07a6 glide-dock_HTVS_1-0147 localhost [tscc-13-20]
139  64  53 | launched  tscc-13-20-0-636e13b9 glide-dock_HTVS_1-0203 localhost [tscc-13-20]
140  63  53 | finished  tscc-13-20-0-636e0708 glide-dock_HTVS_1-0146 localhost [tscc-13-20]
140  64  52 | launched  tscc-13-20-0-636e13dc glide-dock_HTVS_1-0204 localhost [tscc-13-20]
141  63  52 | finished  tscc-13-20-0-636e0494 glide-dock_HTVS_1-0136 localhost [tscc-13-20]
141  64  51 | launched  tscc-13-20-0-636e13ec glide-dock_HTVS_1-0205 localhost [tscc-13-20]
142  63  51 | finished  tscc-13-20-0-636e0454 glide-dock_HTVS_1-0135 localhost [tscc-13-20]
142  64  50 | launched  tscc-13-20-0-636e1409 glide-dock_HTVS_1-0206 localhost [tscc-13-20]
143  63  50 | finished  tscc-13-20-0-636dfa0d glide-dock_HTVS_1-0095 localhost [tscc-13-20]
143  64  49 | launched  tscc-13-20-0-636e1545 glide-dock_HTVS_1-0207 localhost [tscc-13-20]
144  63  49 | finished  tscc-13-20-0-636e06e8 glide-dock_HTVS_1-0145 localhost [tscc-13-20]
144  64  48 | launched  tscc-13-20-0-636e1639 glide-dock_HTVS_1-0208 localhost [tscc-13-20]
145  63  48 | finished  tscc-13-20-0-636e07e4 glide-dock_HTVS_1-0148 localhost [tscc-13-20]
145  64  47 | launched  tscc-13-20-0-636e165a glide-dock_HTVS_1-0209 localhost [tscc-13-20]
146  63  47 | finished  tscc-13-20-0-636e082e glide-dock_HTVS_1-0151 localhost [tscc-13-20]
146  64  46 | launched  tscc-13-20-0-636e168f glide-dock_HTVS_1-0210 localhost [tscc-13-20]
147  63  46 | finished  tscc-13-20-0-636e08d4 glide-dock_HTVS_1-0157 localhost [tscc-13-20]
147  64  45 | launched  tscc-13-20-0-636e169d glide-dock_HTVS_1-0211 localhost [tscc-13-20]
148  63  45 | finished  tscc-13-20-0-636e08cc glide-dock_HTVS_1-0156 localhost [tscc-13-20]
148  64  44 | launched  tscc-13-20-0-636e170e glide-dock_HTVS_1-0212 localhost [tscc-13-20]
149  63  44 | finished  tscc-13-20-0-636e08f4 glide-dock_HTVS_1-0158 localhost [tscc-13-20]
149  64  43 | launched  tscc-13-20-0-636e173f glide-dock_HTVS_1-0213 localhost [tscc-13-20]
150  63  43 | finished  tscc-13-20-0-636e057d glide-dock_HTVS_1-0139 localhost [tscc-13-20]
150  64  42 | launched  tscc-13-20-0-636e17bd glide-dock_HTVS_1-0214 localhost [tscc-13-20]
151  63  42 | finished  tscc-13-20-0-636e08c3 glide-dock_HTVS_1-0155 localhost [tscc-13-20]
151  64  41 | launched  tscc-13-20-0-636e17de glide-dock_HTVS_1-0215 localhost [tscc-13-20]
152  63  41 | finished  tscc-13-20-0-636e0870 glide-dock_HTVS_1-0152 localhost [tscc-13-20]
152  64  40 | launched  tscc-13-20-0-636e1820 glide-dock_HTVS_1-0216 localhost [tscc-13-20]
153  63  40 | finished  tscc-13-20-0-636e0699 glide-dock_HTVS_1-0143 localhost [tscc-13-20]
153  64  39 | launched  tscc-13-20-0-636e182b glide-dock_HTVS_1-0217 localhost [tscc-13-20]
154  63  39 | finished  tscc-13-20-0-636e0872 glide-dock_HTVS_1-0153 localhost [tscc-13-20]
154  64  38 | launched  tscc-13-20-0-636e185f glide-dock_HTVS_1-0218 localhost [tscc-13-20]
155  63  38 | finished  tscc-13-20-0-636e07fc glide-dock_HTVS_1-0149 localhost [tscc-13-20]
155  64  37 | launched  tscc-13-20-0-636e186d glide-dock_HTVS_1-0219 localhost [tscc-13-20]
156  63  37 | finished  tscc-13-20-0-636e0b7c glide-dock_HTVS_1-0169 localhost [tscc-13-20]
156  64  36 | launched  tscc-13-20-0-636e193f glide-dock_HTVS_1-0220 localhost [tscc-13-20]
157  63  36 | finished  tscc-13-20-0-636e091b glide-dock_HTVS_1-0159 localhost [tscc-13-20]
157  64  35 | launched  tscc-13-20-0-636e1960 glide-dock_HTVS_1-0221 localhost [tscc-13-20]
158  63  35 | finished  tscc-13-20-0-636e0b9a glide-dock_HTVS_1-0172 localhost [tscc-13-20]
158  64  34 | launched  tscc-13-20-0-636e1999 glide-dock_HTVS_1-0222 localhost [tscc-13-20]
159  63  34 | finished  tscc-13-20-0-636e0b8c glide-dock_HTVS_1-0171 localhost [tscc-13-20]
159  64  33 | launched  tscc-13-20-0-636e19b8 glide-dock_HTVS_1-0223 localhost [tscc-13-20]
160  63  33 | finished  tscc-13-20-0-636e1048 glide-dock_HTVS_1-0188 localhost [tscc-13-20]
160  64  32 | launched  tscc-13-20-0-636e19f5 glide-dock_HTVS_1-0224 localhost [tscc-13-20]
161  63  32 | finished  tscc-13-20-0-636e0c10 glide-dock_HTVS_1-0174 localhost [tscc-13-20]
161  64  31 | launched  tscc-13-20-0-636e1a5c glide-dock_HTVS_1-0225 localhost [tscc-13-20]
162  63  31 | finished  tscc-13-20-0-636e096b glide-dock_HTVS_1-0162 localhost [tscc-13-20]
162  64  30 | launched  tscc-13-20-0-636e1aca glide-dock_HTVS_1-0226 localhost [tscc-13-20]
163  63  30 | finished  tscc-13-20-0-636e0899 glide-dock_HTVS_1-0154 localhost [tscc-13-20]
163  64  29 | launched  tscc-13-20-0-636e1add glide-dock_HTVS_1-0227 localhost [tscc-13-20]
164  63  29 | finished  tscc-13-20-0-636e0960 glide-dock_HTVS_1-0161 localhost [tscc-13-20]
164  64  28 | launched  tscc-13-20-0-636e1b00 glide-dock_HTVS_1-0228 localhost [tscc-13-20]
165  63  28 | finished  tscc-13-20-0-636e0825 glide-dock_HTVS_1-0150 localhost [tscc-13-20]
165  64  27 | launched  tscc-13-20-0-636e1b1e glide-dock_HTVS_1-0229 localhost [tscc-13-20]
166  63  27 | finished  tscc-13-20-0-636e0dd8 glide-dock_HTVS_1-0180 localhost [tscc-13-20]
166  64  26 | launched  tscc-13-20-0-636e1b4c glide-dock_HTVS_1-0230 localhost [tscc-13-20]
167  63  26 | finished  tscc-13-20-0-636e099c glide-dock_HTVS_1-0164 localhost [tscc-13-20]
168  62  26 | finished  tscc-13-20-0-636e0fdb glide-dock_HTVS_1-0186 localhost [tscc-13-20]
168  63  25 | launched  tscc-13-20-0-636e1b66 glide-dock_HTVS_1-0231 localhost [tscc-13-20]
168  64  24 | launched  tscc-13-20-0-636e1b69 glide-dock_HTVS_1-0232 localhost [tscc-13-20]
169  63  24 | finished  tscc-13-20-0-636e10c4 glide-dock_HTVS_1-0191 localhost [tscc-13-20]
169  64  23 | launched  tscc-13-20-0-636e1b93 glide-dock_HTVS_1-0233 localhost [tscc-13-20]
170  63  23 | finished  tscc-13-20-0-636e0d0a glide-dock_HTVS_1-0175 localhost [tscc-13-20]
170  64  22 | launched  tscc-13-20-0-636e1b9e glide-dock_HTVS_1-0234 localhost [tscc-13-20]
171  63  22 | finished  tscc-13-20-0-636e108c glide-dock_HTVS_1-0190 localhost [tscc-13-20]
171  64  21 | launched  tscc-13-20-0-636e1bab glide-dock_HTVS_1-0235 localhost [tscc-13-20]
172  63  21 | finished  tscc-13-20-0-636e06d9 glide-dock_HTVS_1-0144 localhost [tscc-13-20]
172  64  20 | launched  tscc-13-20-0-636e1bb7 glide-dock_HTVS_1-0236 localhost [tscc-13-20]
173  63  20 | finished  tscc-13-20-0-636e0d90 glide-dock_HTVS_1-0178 localhost [tscc-13-20]
173  64  19 | launched  tscc-13-20-0-636e1c2b glide-dock_HTVS_1-0237 localhost [tscc-13-20]
174  63  19 | finished  tscc-13-20-0-636e0bbe glide-dock_HTVS_1-0173 localhost [tscc-13-20]
174  64  18 | launched  tscc-13-20-0-636e1c38 glide-dock_HTVS_1-0238 localhost [tscc-13-20]
175  63  18 | finished  tscc-13-20-0-636e0984 glide-dock_HTVS_1-0163 localhost [tscc-13-20]
175  64  17 | launched  tscc-13-20-0-636e1c46 glide-dock_HTVS_1-0239 localhost [tscc-13-20]
176  63  17 | finished  tscc-13-20-0-636e0a84 glide-dock_HTVS_1-0165 localhost [tscc-13-20]
176  64  16 | launched  tscc-13-20-0-636e1c62 glide-dock_HTVS_1-0240 localhost [tscc-13-20]
177  63  16 | finished  tscc-13-20-0-636e1025 glide-dock_HTVS_1-0187 localhost [tscc-13-20]
177  64  15 | launched  tscc-13-20-0-636e1c70 glide-dock_HTVS_1-0241 localhost [tscc-13-20]
178  63  15 | finished  tscc-13-20-0-636e0dbe glide-dock_HTVS_1-0179 localhost [tscc-13-20]
178  64  14 | launched  tscc-13-20-0-636e1c7d glide-dock_HTVS_1-0242 localhost [tscc-13-20]
179  63  14 | finished  tscc-13-20-0-636e1186 glide-dock_HTVS_1-0194 localhost [tscc-13-20]
179  64  13 | launched  tscc-13-20-0-636e1cc9 glide-dock_HTVS_1-0243 localhost [tscc-13-20]
180  63  13 | finished  tscc-13-20-0-636e0f44 glide-dock_HTVS_1-0182 localhost [tscc-13-20]
180  64  12 | launched  tscc-13-20-0-636e1cd4 glide-dock_HTVS_1-0244 localhost [tscc-13-20]
181  63  12 | finished  tscc-13-20-0-636e1109 glide-dock_HTVS_1-0192 localhost [tscc-13-20]
181  64  11 | launched  tscc-13-20-0-636e1d73 glide-dock_HTVS_1-0245 localhost [tscc-13-20]
182  63  11 | finished  tscc-13-20-0-636e0b84 glide-dock_HTVS_1-0170 localhost [tscc-13-20]
182  64  10 | launched  tscc-13-20-0-636e1d7e glide-dock_HTVS_1-0246 localhost [tscc-13-20]
183  63  10 | finished  tscc-13-20-0-636e0ea3 glide-dock_HTVS_1-0181 localhost [tscc-13-20]
183  64   9 | launched  tscc-13-20-0-636e1d89 glide-dock_HTVS_1-0247 localhost [tscc-13-20]
184  63   9 | finished  tscc-13-20-0-636e0f5f glide-dock_HTVS_1-0183 localhost [tscc-13-20]
184  64   8 | launched  tscc-13-20-0-636e1da8 glide-dock_HTVS_1-0248 localhost [tscc-13-20]
185  63   8 | finished  tscc-13-20-0-636e0f68 glide-dock_HTVS_1-0184 localhost [tscc-13-20]
185  64   7 | launched  tscc-13-20-0-636e1df6 glide-dock_HTVS_1-0249 localhost [tscc-13-20]
186  63   7 | finished  tscc-13-20-0-636e0f97 glide-dock_HTVS_1-0185 localhost [tscc-13-20]
186  64   6 | launched  tscc-13-20-0-636e1e59 glide-dock_HTVS_1-0250 localhost [tscc-13-20]
187  63   6 | finished  tscc-13-20-0-636e1164 glide-dock_HTVS_1-0193 localhost [tscc-13-20]
187  64   5 | launched  tscc-13-20-0-636e1e6f glide-dock_HTVS_1-0251 localhost [tscc-13-20]
188  63   5 | finished  tscc-13-20-0-636e13ec glide-dock_HTVS_1-0205 localhost [tscc-13-20]
188  64   4 | launched  tscc-13-20-0-636e1e80 glide-dock_HTVS_1-0252 localhost [tscc-13-20]
189  63   4 | finished  tscc-13-20-0-636e1409 glide-dock_HTVS_1-0206 localhost [tscc-13-20]
189  64   3 | launched  tscc-13-20-0-636e1f48 glide-dock_HTVS_1-0253 localhost [tscc-13-20]
190  63   3 | finished  tscc-13-20-0-636e0d22 glide-dock_HTVS_1-0176 localhost [tscc-13-20]
190  64   2 | launched  tscc-13-20-0-636e1fc3 glide-dock_HTVS_1-0254 localhost [tscc-13-20]
191  63   2 | finished  tscc-13-20-0-636e0ace glide-dock_HTVS_1-0166 localhost [tscc-13-20]
191  64   1 | launched  tscc-13-20-0-636e1ff0 glide-dock_HTVS_1-0255 localhost [tscc-13-20]
192  63   1 | finished  tscc-13-20-0-636e11f5 glide-dock_HTVS_1-0195 localhost [tscc-13-20]
192  64   0 | launched  tscc-13-20-0-636e201d glide-dock_HTVS_1-0256 localhost [tscc-13-20]
193  63   0 | finished  tscc-13-20-0-636e0ad8 glide-dock_HTVS_1-0167 localhost [tscc-13-20]
194  62   0 | finished  tscc-13-20-0-636e1269 glide-dock_HTVS_1-0198 localhost [tscc-13-20]
195  61   0 | finished  tscc-13-20-0-636e13b9 glide-dock_HTVS_1-0203 localhost [tscc-13-20]
196  60   0 | finished  tscc-13-20-0-636e13a7 glide-dock_HTVS_1-0202 localhost [tscc-13-20]
197  59   0 | finished  tscc-13-20-0-636e165a glide-dock_HTVS_1-0209 localhost [tscc-13-20]
198  58   0 | finished  tscc-13-20-0-636e13dc glide-dock_HTVS_1-0204 localhost [tscc-13-20]
199  57   0 | finished  tscc-13-20-0-636e0934 glide-dock_HTVS_1-0160 localhost [tscc-13-20]
200  56   0 | finished  tscc-13-20-0-636e185f glide-dock_HTVS_1-0218 localhost [tscc-13-20]
201  55   0 | finished  tscc-13-20-0-636e170e glide-dock_HTVS_1-0212 localhost [tscc-13-20]
202  54   0 | finished  tscc-13-20-0-636e0b47 glide-dock_HTVS_1-0168 localhost [tscc-13-20]
203  53   0 | finished  tscc-13-20-0-636e122d glide-dock_HTVS_1-0196 localhost [tscc-13-20]
204  52   0 | finished  tscc-13-20-0-636e12b0 glide-dock_HTVS_1-0199 localhost [tscc-13-20]
205  51   0 | finished  tscc-13-20-0-636e182b glide-dock_HTVS_1-0217 localhost [tscc-13-20]
206  50   0 | finished  tscc-13-20-0-636e169d glide-dock_HTVS_1-0211 localhost [tscc-13-20]
207  49   0 | finished  tscc-13-20-0-636e173f glide-dock_HTVS_1-0213 localhost [tscc-13-20]
208  48   0 | finished  tscc-13-20-0-636e125e glide-dock_HTVS_1-0197 localhost [tscc-13-20]
209  47   0 | finished  tscc-13-20-0-636e1999 glide-dock_HTVS_1-0222 localhost [tscc-13-20]
210  46   0 | finished  tscc-13-20-0-636e1b4c glide-dock_HTVS_1-0230 localhost [tscc-13-20]
211  45   0 | finished  tscc-13-20-0-636e0d86 glide-dock_HTVS_1-0177 localhost [tscc-13-20]
212  44   0 | finished  tscc-13-20-0-636e19f5 glide-dock_HTVS_1-0224 localhost [tscc-13-20]
213  43   0 | finished  tscc-13-20-0-636e12c5 glide-dock_HTVS_1-0200 localhost [tscc-13-20]
214  42   0 | finished  tscc-13-20-0-636e17bd glide-dock_HTVS_1-0214 localhost [tscc-13-20]
215  41   0 | finished  tscc-13-20-0-636e1056 glide-dock_HTVS_1-0189 localhost [tscc-13-20]
216  40   0 | finished  tscc-13-20-0-636e1aca glide-dock_HTVS_1-0226 localhost [tscc-13-20]
217  39   0 | finished  tscc-13-20-0-636e1a5c glide-dock_HTVS_1-0225 localhost [tscc-13-20]
218  38   0 | finished  tscc-13-20-0-636e1add glide-dock_HTVS_1-0227 localhost [tscc-13-20]
219  37   0 | finished  tscc-13-20-0-636e17de glide-dock_HTVS_1-0215 localhost [tscc-13-20]
220  36   0 | finished  tscc-13-20-0-636e1b66 glide-dock_HTVS_1-0231 localhost [tscc-13-20]
221  35   0 | finished  tscc-13-20-0-636e1b69 glide-dock_HTVS_1-0232 localhost [tscc-13-20]
222  34   0 | finished  tscc-13-20-0-636e1c70 glide-dock_HTVS_1-0241 localhost [tscc-13-20]
223  33   0 | finished  tscc-13-20-0-636e1c46 glide-dock_HTVS_1-0239 localhost [tscc-13-20]
224  32   0 | finished  tscc-13-20-0-636e1b93 glide-dock_HTVS_1-0233 localhost [tscc-13-20]
225  31   0 | finished  tscc-13-20-0-636e1b9e glide-dock_HTVS_1-0234 localhost [tscc-13-20]
226  30   0 | finished  tscc-13-20-0-636e1b1e glide-dock_HTVS_1-0229 localhost [tscc-13-20]
227  29   0 | finished  tscc-13-20-0-636e1c7d glide-dock_HTVS_1-0242 localhost [tscc-13-20]
228  28   0 | finished  tscc-13-20-0-636e1bab glide-dock_HTVS_1-0235 localhost [tscc-13-20]
229  27   0 | finished  tscc-13-20-0-636e168f glide-dock_HTVS_1-0210 localhost [tscc-13-20]
230  26   0 | finished  tscc-13-20-0-636e1545 glide-dock_HTVS_1-0207 localhost [tscc-13-20]
231  25   0 | finished  tscc-13-20-0-636e1b00 glide-dock_HTVS_1-0228 localhost [tscc-13-20]
232  24   0 | finished  tscc-13-20-0-636e1c38 glide-dock_HTVS_1-0238 localhost [tscc-13-20]
233  23   0 | finished  tscc-13-20-0-636e1cd4 glide-dock_HTVS_1-0244 localhost [tscc-13-20]
234  22   0 | finished  tscc-13-20-0-636e193f glide-dock_HTVS_1-0220 localhost [tscc-13-20]
235  21   0 | finished  tscc-13-20-0-636e1c2b glide-dock_HTVS_1-0237 localhost [tscc-13-20]
236  20   0 | finished  tscc-13-20-0-636e1960 glide-dock_HTVS_1-0221 localhost [tscc-13-20]
237  19   0 | finished  tscc-13-20-0-636e1c62 glide-dock_HTVS_1-0240 localhost [tscc-13-20]
238  18   0 | finished  tscc-13-20-0-636e19b8 glide-dock_HTVS_1-0223 localhost [tscc-13-20]
239  17   0 | finished  tscc-13-20-0-636e12ef glide-dock_HTVS_1-0201 localhost [tscc-13-20]
240  16   0 | finished  tscc-13-20-0-636e1cc9 glide-dock_HTVS_1-0243 localhost [tscc-13-20]
241  15   0 | finished  tscc-13-20-0-636e1df6 glide-dock_HTVS_1-0249 localhost [tscc-13-20]
242  14   0 | finished  tscc-13-20-0-636e1e59 glide-dock_HTVS_1-0250 localhost [tscc-13-20]
243  13   0 | finished  tscc-13-20-0-636e1da8 glide-dock_HTVS_1-0248 localhost [tscc-13-20]
244  12   0 | finished  tscc-13-20-0-636e1bb7 glide-dock_HTVS_1-0236 localhost [tscc-13-20]
245  11   0 | finished  tscc-13-20-0-636e1fc3 glide-dock_HTVS_1-0254 localhost [tscc-13-20]
246  10   0 | finished  tscc-13-20-0-636e1e6f glide-dock_HTVS_1-0251 localhost [tscc-13-20]
247   9   0 | finished  tscc-13-20-0-636e186d glide-dock_HTVS_1-0219 localhost [tscc-13-20]
248   8   0 | finished  tscc-13-20-0-636e1ff0 glide-dock_HTVS_1-0255 localhost [tscc-13-20]
249   7   0 | finished  tscc-13-20-0-636e1f48 glide-dock_HTVS_1-0253 localhost [tscc-13-20]
250   6   0 | finished  tscc-13-20-0-636e1d7e glide-dock_HTVS_1-0246 localhost [tscc-13-20]
251   5   0 | finished  tscc-13-20-0-636e1d89 glide-dock_HTVS_1-0247 localhost [tscc-13-20]
252   4   0 | finished  tscc-13-20-0-636e1e80 glide-dock_HTVS_1-0252 localhost [tscc-13-20]
253   3   0 | finished  tscc-13-20-0-636e201d glide-dock_HTVS_1-0256 localhost [tscc-13-20]
254   2   0 | finished  tscc-13-20-0-636e1639 glide-dock_HTVS_1-0208 localhost [tscc-13-20]
255   1   0 | finished  tscc-13-20-0-636e1d73 glide-dock_HTVS_1-0245 localhost [tscc-13-20]
256   0   0 | finished  tscc-13-20-0-636e1820 glide-dock_HTVS_1-0216 localhost [tscc-13-20]

All jobs have completed.

256 of 256 job(s) succeeded; 0 job(s) failed.

All jobs succeeded: 930464 ligands done.
Writing poses to glide-dock_HTVS_1_pv.maegz
Combining log files to glide-dock_HTVS_1_subjobs.log
Archiving subjob pose files in glide-dock_HTVS_1_subjob_poses.zip
Archiving subjob input and log files in glide-dock_HTVS_1_subjobs.tar.gz
Cleaning up...

Elapsed times:
- preprocessing: 333.2 s
- running subjobs: 17943.6 s
- postprocessing: 1479.8 s
- cleanup: 976.7 s

All Glide docking subjobs: Total CPU time = 941448 seconds (10 d 21 h 30 min 48 s)

Finished at: Fri Nov 11 04:03:32 2022
Total elapsed time for Glide script = 20738 seconds (5 h 45 min 38 s)
