
====================================
            Glide Script            
====================================

mmshare         2cb27f0eb7
glide-src       1e5ffd4733
psp-src         6c93e2fe77
macromodel-src  d47a6cf2e1
epik-src        46d635d642

--------------------------------------------------------------------------------
JobId          : tscc-13-14-0-6369e402
Name           : glide-dock_xp
Program        : Glide
Host           : tscc-13-14.sdsc.edu
Dir            : /oasis/tscc/scratch/cseitz/docking/mtb/disulfide/oxygen_channel/oxygen_351/lifechemicals/xp
HostEntry      : localhost
JobHost        : tscc-13-14.sdsc.edu
JobDir         : /oasis/tscc/scratch/cseitz/docking/mtb/disulfide/oxygen_channel/oxygen_351/lifechemicals/xp/cseitz/glide-dock_xp
JobSchrodinger : /home/ux453813/pkg/schrodinger2021-1
Commandline    : /home/ux453813/pkg/schrodinger2021-1/glide -WAIT glide-dock_xp.in -OVERWRITE -adjust -HOST localhost:8 -NJOBS 32 -NOLOCAL
StartTime      : 2022-11-07-21:07:15
--------------------------------------------------------------------------------

Running locally: False
Max retries: 2
Input file: glide-dock_xp.in

Setting up docking job
Separating ligands...
.                                                       1000
Number of structures that are to be docked: 1000
Setting up Glide docking jobs...

Running subjobs on hosts:
  localhost (Max: 8)
Number of jobs:       32
Max retries per job:  2
Max allowed failures: unlimited
Verbosity:            normal

Starting JobDJ...

Keep one job on driver host: False
JobDJ columns:
  C: Number of completed subjobs
  A: Number of active subjobs (e.g., submitted, running)
  W: Number of waiting/pending subjobs

 C  A  W | Activity  JobId  JobName  JobHost
-- -- -- | --------- -----------------------
 0  1 31 | launched  tscc-13-14-0-6369e40d glide-dock_xp-0001 localhost [tscc-13-14]
 0  2 30 | launched  tscc-13-14-0-6369e410 glide-dock_xp-0002 localhost [tscc-13-14]
 0  3 29 | launched  tscc-13-14-0-6369e413 glide-dock_xp-0003 localhost [tscc-13-14]
 0  4 28 | launched  tscc-13-14-0-6369e418 glide-dock_xp-0004 localhost [tscc-13-14]
 0  5 27 | launched  tscc-13-14-0-6369e41c glide-dock_xp-0005 localhost [tscc-13-14]
 0  6 26 | launched  tscc-13-14-0-6369e421 glide-dock_xp-0006 localhost [tscc-13-14]
 0  7 25 | launched  tscc-13-14-0-6369e424 glide-dock_xp-0007 localhost [tscc-13-14]
 0  8 24 | launched  tscc-13-14-0-6369e428 glide-dock_xp-0008 localhost [tscc-13-14]
 1  7 24 | finished  tscc-13-14-0-6369e421 glide-dock_xp-0006 localhost [tscc-13-14]
 1  8 23 | launched  tscc-13-14-0-6369ee7d glide-dock_xp-0009 localhost [tscc-13-14]
 2  7 23 | finished  tscc-13-14-0-6369e418 glide-dock_xp-0004 localhost [tscc-13-14]
 2  8 22 | launched  tscc-13-14-0-6369eeba glide-dock_xp-0010 localhost [tscc-13-14]
 3  7 22 | finished  tscc-13-14-0-6369e40d glide-dock_xp-0001 localhost [tscc-13-14]
 3  8 21 | launched  tscc-13-14-0-6369eecb glide-dock_xp-0011 localhost [tscc-13-14]
 4  7 21 | finished  tscc-13-14-0-6369e413 glide-dock_xp-0003 localhost [tscc-13-14]
 4  8 20 | launched  tscc-13-14-0-6369ef08 glide-dock_xp-0012 localhost [tscc-13-14]
 5  7 20 | finished  tscc-13-14-0-6369e424 glide-dock_xp-0007 localhost [tscc-13-14]
 5  8 19 | launched  tscc-13-14-0-6369efed glide-dock_xp-0013 localhost [tscc-13-14]
 6  7 19 | finished  tscc-13-14-0-6369e41c glide-dock_xp-0005 localhost [tscc-13-14]
 6  8 18 | launched  tscc-13-14-0-6369eff7 glide-dock_xp-0014 localhost [tscc-13-14]
 7  7 18 | finished  tscc-13-14-0-6369e410 glide-dock_xp-0002 localhost [tscc-13-14]
 7  8 17 | launched  tscc-13-14-0-6369f066 glide-dock_xp-0015 localhost [tscc-13-14]
 8  7 17 | finished  tscc-13-14-0-6369e428 glide-dock_xp-0008 localhost [tscc-13-14]
 8  8 16 | launched  tscc-13-14-1-6369f129 glide-dock_xp-0016 localhost [tscc-13-14]
 9  7 16 | finished  tscc-13-14-0-6369ef08 glide-dock_xp-0012 localhost [tscc-13-14]
 9  8 15 | launched  tscc-13-14-0-6369f80c glide-dock_xp-0017 localhost [tscc-13-14]
10  7 15 | finished  tscc-13-14-0-6369eecb glide-dock_xp-0011 localhost [tscc-13-14]
10  8 14 | launched  tscc-13-14-0-6369f8cf glide-dock_xp-0018 localhost [tscc-13-14]
11  7 14 | finished  tscc-13-14-0-6369ee7d glide-dock_xp-0009 localhost [tscc-13-14]
11  8 13 | launched  tscc-13-14-0-6369f91c glide-dock_xp-0019 localhost [tscc-13-14]
12  7 13 | finished  tscc-13-14-0-6369eff7 glide-dock_xp-0014 localhost [tscc-13-14]
12  8 12 | launched  tscc-13-14-0-6369f936 glide-dock_xp-0020 localhost [tscc-13-14]
13  7 12 | finished  tscc-13-14-0-6369efed glide-dock_xp-0013 localhost [tscc-13-14]
13  8 11 | launched  tscc-13-14-0-6369f965 glide-dock_xp-0021 localhost [tscc-13-14]
14  7 11 | finished  tscc-13-14-0-6369eeba glide-dock_xp-0010 localhost [tscc-13-14]
14  8 10 | launched  tscc-13-14-0-6369f9fb glide-dock_xp-0022 localhost [tscc-13-14]
15  7 10 | finished  tscc-13-14-0-6369f066 glide-dock_xp-0015 localhost [tscc-13-14]
15  8  9 | launched  tscc-13-14-1-6369fa13 glide-dock_xp-0023 localhost [tscc-13-14]
16  7  9 | finished  tscc-13-14-1-6369f129 glide-dock_xp-0016 localhost [tscc-13-14]
16  8  8 | launched  tscc-13-14-0-6369fb46 glide-dock_xp-0024 localhost [tscc-13-14]
17  7  8 | finished  tscc-13-14-0-6369f80c glide-dock_xp-0017 localhost [tscc-13-14]
17  8  7 | launched  tscc-13-14-0-636a00f8 glide-dock_xp-0025 localhost [tscc-13-14]
18  7  7 | finished  tscc-13-14-0-6369f91c glide-dock_xp-0019 localhost [tscc-13-14]
18  8  6 | launched  tscc-13-14-0-636a0252 glide-dock_xp-0026 localhost [tscc-13-14]
19  7  6 | finished  tscc-13-14-0-6369f936 glide-dock_xp-0020 localhost [tscc-13-14]
19  8  5 | launched  tscc-13-14-0-636a028b glide-dock_xp-0027 localhost [tscc-13-14]
20  7  5 | finished  tscc-13-14-0-6369f8cf glide-dock_xp-0018 localhost [tscc-13-14]
20  8  4 | launched  tscc-13-14-0-636a02a5 glide-dock_xp-0028 localhost [tscc-13-14]
21  7  4 | finished  tscc-13-14-0-6369f9fb glide-dock_xp-0022 localhost [tscc-13-14]
21  8  3 | launched  tscc-13-14-0-636a03c0 glide-dock_xp-0029 localhost [tscc-13-14]
22  7  3 | finished  tscc-13-14-1-6369fa13 glide-dock_xp-0023 localhost [tscc-13-14]
22  8  2 | launched  tscc-13-14-0-636a03f4 glide-dock_xp-0030 localhost [tscc-13-14]
23  7  2 | finished  tscc-13-14-0-6369fb46 glide-dock_xp-0024 localhost [tscc-13-14]
23  8  1 | launched  tscc-13-14-0-636a0436 glide-dock_xp-0031 localhost [tscc-13-14]
24  7  1 | finished  tscc-13-14-0-6369f965 glide-dock_xp-0021 localhost [tscc-13-14]
24  8  0 | launched  tscc-13-14-0-636a047c glide-dock_xp-0032 localhost [tscc-13-14]
25  7  0 | finished  tscc-13-14-0-636a00f8 glide-dock_xp-0025 localhost [tscc-13-14]
26  6  0 | finished  tscc-13-14-0-636a03c0 glide-dock_xp-0029 localhost [tscc-13-14]
27  5  0 | finished  tscc-13-14-0-636a028b glide-dock_xp-0027 localhost [tscc-13-14]
28  4  0 | finished  tscc-13-14-0-636a0436 glide-dock_xp-0031 localhost [tscc-13-14]
29  3  0 | finished  tscc-13-14-0-636a0252 glide-dock_xp-0026 localhost [tscc-13-14]
30  2  0 | finished  tscc-13-14-0-636a047c glide-dock_xp-0032 localhost [tscc-13-14]
31  1  0 | finished  tscc-13-14-0-636a02a5 glide-dock_xp-0028 localhost [tscc-13-14]
32  0  0 | finished  tscc-13-14-0-636a03f4 glide-dock_xp-0030 localhost [tscc-13-14]

All jobs have completed.

32 of 32 job(s) succeeded; 0 job(s) failed.

All jobs succeeded: 1000 ligands done.
Writing poses to glide-dock_xp_pv.maegz
Combining log files to glide-dock_xp_subjobs.log
Archiving subjob pose files in glide-dock_xp_subjob_poses.zip
Archiving subjob input and log files in glide-dock_xp_subjobs.tar.gz
Cleaning up...

Elapsed times:
- preprocessing: 2.3 s
- running subjobs: 10476.3 s
- postprocessing: 3.4 s
- cleanup: 9.1 s

All Glide docking subjobs: Total CPU time = 81810 seconds (22 h 43 min 30 s)

Finished at: Tue Nov  8 00:02:14 2022
Total elapsed time for Glide script = 10497 seconds (2 h 54 min 57 s)
