Glide version 94137 (mmshare version 57137)
mmshare         56fa262a4f
glide-src       6aa12c1f3a
psp-src         e3d915fa9a
macromodel-src  bffb51b397
epik-src        4b6a77e971

Copyright (c) Schrodinger, LLC.
All Rights Reserved.

--------------------------------------------------------------------------------
JobId          : arizona-0-627810eb
Name           : glide-grid_1
Program        : Glide
Version        : 2022-1 build 137
Host           : arizona.amaro.ucsd.edu
Dir            : /net/gpfs-amarolab/cseitz/from_jam/projects/bdoxidase/e_coli/5_docking/cluster3/glide-grid_1
HostEntry      : localhost
JobHost        : arizona.amaro.ucsd.edu
JobDir         : /scratch/tmp.SCHR.jhfonMD1/cseitz/glide-grid_1
JobSchrodinger : /software/repo/moleculardynamics/schrodinger/2022u1
Commandline    : /software/repo/moleculardynamics/schrodinger/2022u1/glide glide-grid_1.in -OVERWRITE -HOST localhost -PROJ /scratch/tmp.SCHR.jhfonMD1/Tmp_08May2022_1146_41045 -DISP ignore -VIEWNAME glide_gridgen_gui.GridGenPanel -TMPLAUNCHDIR
StartTime      : 2022-05-08-11:50:20
--------------------------------------------------------------------------------

[running at reduced cpu priority]
Glide: WARNING mmlewis warning: Wrong Lewis structure in structure input file
mmlewis warning: with title: cluster3 - prepared
mmlewis warning: Problems were identified with the following atoms:
mmlewis warning:  7 
mmlewis warning: Now attempting to fix the lewis structure.
Glide: WARNING mmlewis warning: A valid lewis structure was successfully generated.
Glide: WARNING mmlewis warning: Wrong Lewis structure in structure input file
mmlewis warning: with title: cluster3 - prepared
mmlewis warning: Problems were identified with the following atoms:
mmlewis warning:  8203 
mmlewis warning: Now attempting to fix the lewis structure.
Glide: WARNING mmlewis warning: A valid lewis structure was successfully generated.
Glide: WARNING mmlewis warning: Wrong Lewis structure in structure input file
mmlewis warning: with title: cluster3 - prepared
mmlewis warning: Problems were identified with the following atoms:
mmlewis warning:  14234 
mmlewis warning: Now attempting to fix the lewis structure.
Glide: WARNING mmlewis warning: A valid lewis structure was successfully generated.
Glide: WARNING mmlewis warning: Wrong Lewis structure in structure input file
mmlewis warning: with title: cluster3 - prepared
mmlewis warning: Problems were identified with the following atoms:
mmlewis warning:  14692 
mmlewis warning: Now attempting to fix the lewis structure.
Glide: WARNING mmlewis warning: A valid lewis structure was successfully generated.
Calling OPLS_2005 atomtyping ...
Finished parameter assignment
 VdW radii of protein atoms scaled by    1.00000000000000     
 Charge cutoff for polarity  0.250000000000000     
GLIDE WARNING: No pattern matches protein atom 1565; assigning "polar non-Hbonding" atomtype.
GLIDE WARNING: No pattern matches protein atom 1574; assigning "polar non-Hbonding" atomtype.
GLIDE WARNING: No pattern matches protein atom 6885; assigning "polar non-Hbonding" atomtype.
GLIDE WARNING: No pattern matches protein atom 6894; assigning "polar non-Hbonding" atomtype.
  Receptor setup: (nsites, nx, ny, nz, bsize)=(        5388 ,           58 , 
          58 ,           46 ,    1.00000000000000      ).
 Screening setup finished.
 DOCKMAIN: getting receptor.
  DOCKMAIN after grid: (nx, ny, nz) = (         152 ,          152 , 
         120 ).
Creating output grid archive 'glide-grid_1.zip'

Exiting Glide
Date: Sunday, May 08 2022, at 11:55:43 PDT
CPU time (s): 317.2 user, 3.2 system, 320.9 real
Total elapsed time = 321 seconds (5 minutes, 21 seconds)
[running at reduced cpu priority]
