
====================================
            Glide Script            
====================================

mmshare         2cb27f0eb7
glide-src       1e5ffd4733
psp-src         6c93e2fe77
macromodel-src  d47a6cf2e1
epik-src        46d635d642

--------------------------------------------------------------------------------
JobId          : tscc-13-16-0-62d72eb2
Name           : glide-dock_HTVS_1
Program        : Glide
Host           : tscc-13-16.sdsc.edu
Dir            : /oasis/tscc/scratch/cseitz/docking/mtb/no_disulfide/qloop/cluster1/lifechemicals
HostEntry      : localhost
JobHost        : tscc-13-16.sdsc.edu
JobDir         : /oasis/tscc/scratch/cseitz/docking/mtb/no_disulfide/qloop/cluster1/enamine/cseitz/glide-dock_HTVS_1
JobSchrodinger : /home/ux453813/pkg/schrodinger2021-1
Commandline    : /home/ux453813/pkg/schrodinger2021-1/glide -WAIT glide-dock_HTVS_1.in -OVERWRITE -adjust -HOST localhost:64 -NJOBS 256 -NOLOCAL
StartTime      : 2022-07-19-15:22:47
--------------------------------------------------------------------------------

Running locally: False
Max retries: 2
Input file: glide-dock_HTVS_1.in

Setting up docking job
Separating ligands...
..................................................     50000
..................................................    100000
..................................................    150000
..................................................    200000
..................................................    250000
..................................................    300000
..................................................    350000
..................................................    400000
..................................................    450000
..................................................    500000
..................................................    550000
..................................................    600000
..................................................    650000
..................................................    700000
..................................................    750000
..................................................    800000
..................................................    850000
..................................................    900000
..............................                        930464
Number of structures that are to be docked: 930464
Setting up Glide docking jobs...

Running subjobs on hosts:
  localhost (Max: 64)
Number of jobs:       256
Max retries per job:  2
Max allowed failures: unlimited
Verbosity:            normal

Starting JobDJ...

Keep one job on driver host: False
JobDJ columns:
  C: Number of completed subjobs
  A: Number of active subjobs (e.g., submitted, running)
  W: Number of waiting/pending subjobs

  C   A   W | Activity  JobId  JobName  JobHost
--- --- --- | --------- -----------------------
  0   1 255 | launched  tscc-13-16-0-62d7305e glide-dock_HTVS_1-0001 localhost [tscc-13-16]
  0   2 254 | launched  tscc-13-16-0-62d73060 glide-dock_HTVS_1-0002 localhost [tscc-13-16]
  0   3 253 | launched  tscc-13-16-0-62d73063 glide-dock_HTVS_1-0003 localhost [tscc-13-16]
  0   4 252 | launched  tscc-13-16-0-62d73066 glide-dock_HTVS_1-0004 localhost [tscc-13-16]
  0   5 251 | launched  tscc-13-16-0-62d73068 glide-dock_HTVS_1-0005 localhost [tscc-13-16]
  0   6 250 | launched  tscc-13-16-0-62d7306b glide-dock_HTVS_1-0006 localhost [tscc-13-16]
  0   7 249 | launched  tscc-13-16-0-62d7306d glide-dock_HTVS_1-0007 localhost [tscc-13-16]
  0   8 248 | launched  tscc-13-16-0-62d73070 glide-dock_HTVS_1-0008 localhost [tscc-13-16]
  0   9 247 | launched  tscc-13-16-0-62d73072 glide-dock_HTVS_1-0009 localhost [tscc-13-16]
  0  10 246 | launched  tscc-13-16-0-62d73075 glide-dock_HTVS_1-0010 localhost [tscc-13-16]
  0  11 245 | launched  tscc-13-16-0-62d73077 glide-dock_HTVS_1-0011 localhost [tscc-13-16]
  0  12 244 | launched  tscc-13-16-0-62d73079 glide-dock_HTVS_1-0012 localhost [tscc-13-16]
  0  13 243 | launched  tscc-13-16-0-62d7307c glide-dock_HTVS_1-0013 localhost [tscc-13-16]
  0  14 242 | launched  tscc-13-16-0-62d7307e glide-dock_HTVS_1-0014 localhost [tscc-13-16]
  0  15 241 | launched  tscc-13-16-0-62d73080 glide-dock_HTVS_1-0015 localhost [tscc-13-16]
  0  16 240 | launched  tscc-13-16-0-62d73083 glide-dock_HTVS_1-0016 localhost [tscc-13-16]
  0  17 239 | launched  tscc-13-16-0-62d73085 glide-dock_HTVS_1-0017 localhost [tscc-13-16]
  0  18 238 | launched  tscc-13-16-0-62d73088 glide-dock_HTVS_1-0018 localhost [tscc-13-16]
  0  19 237 | launched  tscc-13-16-0-62d7308a glide-dock_HTVS_1-0019 localhost [tscc-13-16]
  0  20 236 | launched  tscc-13-16-0-62d7308c glide-dock_HTVS_1-0020 localhost [tscc-13-16]
  0  21 235 | launched  tscc-13-16-0-62d7308f glide-dock_HTVS_1-0021 localhost [tscc-13-16]
  0  22 234 | launched  tscc-13-16-0-62d73091 glide-dock_HTVS_1-0022 localhost [tscc-13-16]
  0  23 233 | launched  tscc-13-16-0-62d73094 glide-dock_HTVS_1-0023 localhost [tscc-13-16]
  0  24 232 | launched  tscc-13-16-0-62d73096 glide-dock_HTVS_1-0024 localhost [tscc-13-16]
  0  25 231 | launched  tscc-13-16-0-62d73099 glide-dock_HTVS_1-0025 localhost [tscc-13-16]
  0  26 230 | launched  tscc-13-16-0-62d7309c glide-dock_HTVS_1-0026 localhost [tscc-13-16]
  0  27 229 | launched  tscc-13-16-0-62d7309e glide-dock_HTVS_1-0027 localhost [tscc-13-16]
  0  28 228 | launched  tscc-13-16-0-62d730a0 glide-dock_HTVS_1-0028 localhost [tscc-13-16]
  0  29 227 | launched  tscc-13-16-0-62d730a3 glide-dock_HTVS_1-0029 localhost [tscc-13-16]
  0  30 226 | launched  tscc-13-16-0-62d730a5 glide-dock_HTVS_1-0030 localhost [tscc-13-16]
  0  31 225 | launched  tscc-13-16-0-62d730a7 glide-dock_HTVS_1-0031 localhost [tscc-13-16]
  0  32 224 | launched  tscc-13-16-0-62d730aa glide-dock_HTVS_1-0032 localhost [tscc-13-16]
  0  33 223 | launched  tscc-13-16-0-62d730ac glide-dock_HTVS_1-0033 localhost [tscc-13-16]
  0  34 222 | launched  tscc-13-16-0-62d730af glide-dock_HTVS_1-0034 localhost [tscc-13-16]
  0  35 221 | launched  tscc-13-16-0-62d730b1 glide-dock_HTVS_1-0035 localhost [tscc-13-16]
  0  36 220 | launched  tscc-13-16-0-62d730b4 glide-dock_HTVS_1-0036 localhost [tscc-13-16]
  0  37 219 | launched  tscc-13-16-0-62d730b6 glide-dock_HTVS_1-0037 localhost [tscc-13-16]
  0  38 218 | launched  tscc-13-16-0-62d730b8 glide-dock_HTVS_1-0038 localhost [tscc-13-16]
  0  39 217 | launched  tscc-13-16-0-62d730bb glide-dock_HTVS_1-0039 localhost [tscc-13-16]
  0  40 216 | launched  tscc-13-16-0-62d730bd glide-dock_HTVS_1-0040 localhost [tscc-13-16]
  0  41 215 | launched  tscc-13-16-0-62d730c0 glide-dock_HTVS_1-0041 localhost [tscc-13-16]
  0  42 214 | launched  tscc-13-16-0-62d730c3 glide-dock_HTVS_1-0042 localhost [tscc-13-16]
  0  43 213 | launched  tscc-13-16-0-62d730c5 glide-dock_HTVS_1-0043 localhost [tscc-13-16]
  0  44 212 | launched  tscc-13-16-0-62d730c8 glide-dock_HTVS_1-0044 localhost [tscc-13-16]
  0  45 211 | launched  tscc-13-16-0-62d730ca glide-dock_HTVS_1-0045 localhost [tscc-13-16]
  0  46 210 | launched  tscc-13-16-0-62d730cd glide-dock_HTVS_1-0046 localhost [tscc-13-16]
  0  47 209 | launched  tscc-13-16-0-62d730cf glide-dock_HTVS_1-0047 localhost [tscc-13-16]
  0  48 208 | launched  tscc-13-16-0-62d730d2 glide-dock_HTVS_1-0048 localhost [tscc-13-16]
  0  49 207 | launched  tscc-13-16-0-62d730d5 glide-dock_HTVS_1-0049 localhost [tscc-13-16]
  0  50 206 | launched  tscc-13-16-0-62d730d7 glide-dock_HTVS_1-0050 localhost [tscc-13-16]
  0  51 205 | launched  tscc-13-16-0-62d730d9 glide-dock_HTVS_1-0051 localhost [tscc-13-16]
  0  52 204 | launched  tscc-13-16-0-62d730dc glide-dock_HTVS_1-0052 localhost [tscc-13-16]
  0  53 203 | launched  tscc-13-16-0-62d730df glide-dock_HTVS_1-0053 localhost [tscc-13-16]
  0  54 202 | launched  tscc-13-16-0-62d730e1 glide-dock_HTVS_1-0054 localhost [tscc-13-16]
  0  55 201 | launched  tscc-13-16-0-62d730e3 glide-dock_HTVS_1-0055 localhost [tscc-13-16]
  0  56 200 | launched  tscc-13-16-0-62d730e6 glide-dock_HTVS_1-0056 localhost [tscc-13-16]
  0  57 199 | launched  tscc-13-16-0-62d730e8 glide-dock_HTVS_1-0057 localhost [tscc-13-16]
  0  58 198 | launched  tscc-13-16-0-62d730eb glide-dock_HTVS_1-0058 localhost [tscc-13-16]
  0  59 197 | launched  tscc-13-16-0-62d730ee glide-dock_HTVS_1-0059 localhost [tscc-13-16]
  0  60 196 | launched  tscc-13-16-0-62d730f0 glide-dock_HTVS_1-0060 localhost [tscc-13-16]
  0  61 195 | launched  tscc-13-16-0-62d730f2 glide-dock_HTVS_1-0061 localhost [tscc-13-16]
  0  62 194 | launched  tscc-13-16-0-62d730f5 glide-dock_HTVS_1-0062 localhost [tscc-13-16]
  0  63 193 | launched  tscc-13-16-0-62d730f7 glide-dock_HTVS_1-0063 localhost [tscc-13-16]
  0  64 192 | launched  tscc-13-16-0-62d730f9 glide-dock_HTVS_1-0064 localhost [tscc-13-16]
  1  63 192 | finished  tscc-13-16-0-62d73083 glide-dock_HTVS_1-0016 localhost [tscc-13-16]
  1  64 191 | launched  tscc-13-16-0-62d739ee glide-dock_HTVS_1-0065 localhost [tscc-13-16]
  2  63 191 | finished  tscc-13-16-0-62d730f7 glide-dock_HTVS_1-0063 localhost [tscc-13-16]
  2  64 190 | launched  tscc-13-16-0-62d73a30 glide-dock_HTVS_1-0066 localhost [tscc-13-16]
  3  63 190 | finished  tscc-13-16-0-62d730df glide-dock_HTVS_1-0053 localhost [tscc-13-16]
  3  64 189 | launched  tscc-13-16-0-62d73aef glide-dock_HTVS_1-0067 localhost [tscc-13-16]
  4  63 189 | finished  tscc-13-16-0-62d73080 glide-dock_HTVS_1-0015 localhost [tscc-13-16]
  4  64 188 | launched  tscc-13-16-0-62d73c1c glide-dock_HTVS_1-0068 localhost [tscc-13-16]
  5  63 188 | finished  tscc-13-16-0-62d730cd glide-dock_HTVS_1-0046 localhost [tscc-13-16]
  6  62 188 | finished  tscc-13-16-0-62d730dc glide-dock_HTVS_1-0052 localhost [tscc-13-16]
  7  61 188 | finished  tscc-13-16-0-62d730f9 glide-dock_HTVS_1-0064 localhost [tscc-13-16]
  7  62 187 | launched  tscc-13-16-0-62d73d3d glide-dock_HTVS_1-0069 localhost [tscc-13-16]
  7  63 186 | launched  tscc-13-16-0-62d73d3f glide-dock_HTVS_1-0070 localhost [tscc-13-16]
  7  64 185 | launched  tscc-13-16-0-62d73d41 glide-dock_HTVS_1-0071 localhost [tscc-13-16]
  8  63 185 | finished  tscc-13-16-0-62d730bb glide-dock_HTVS_1-0039 localhost [tscc-13-16]
  9  62 185 | finished  tscc-13-16-0-62d730c8 glide-dock_HTVS_1-0044 localhost [tscc-13-16]
  9  63 184 | launched  tscc-13-16-0-62d73d95 glide-dock_HTVS_1-0072 localhost [tscc-13-16]
  9  64 183 | launched  tscc-13-16-0-62d73d98 glide-dock_HTVS_1-0073 localhost [tscc-13-16]
 10  63 183 | finished  tscc-13-16-0-62d73079 glide-dock_HTVS_1-0012 localhost [tscc-13-16]
 11  62 183 | finished  tscc-13-16-0-62d7308a glide-dock_HTVS_1-0019 localhost [tscc-13-16]
 12  61 183 | finished  tscc-13-16-0-62d730c0 glide-dock_HTVS_1-0041 localhost [tscc-13-16]
 12  62 182 | launched  tscc-13-16-0-62d73e12 glide-dock_HTVS_1-0074 localhost [tscc-13-16]
 12  63 181 | launched  tscc-13-16-0-62d73e15 glide-dock_HTVS_1-0075 localhost [tscc-13-16]
 12  64 180 | launched  tscc-13-16-0-62d73e17 glide-dock_HTVS_1-0076 localhost [tscc-13-16]
 13  63 180 | finished  tscc-13-16-0-62d730a3 glide-dock_HTVS_1-0029 localhost [tscc-13-16]
 13  64 179 | launched  tscc-13-16-0-62d73ebf glide-dock_HTVS_1-0077 localhost [tscc-13-16]
 14  63 179 | finished  tscc-13-16-0-62d7308c glide-dock_HTVS_1-0020 localhost [tscc-13-16]
 14  64 178 | launched  tscc-13-16-0-62d73f22 glide-dock_HTVS_1-0078 localhost [tscc-13-16]
 15  63 178 | finished  tscc-13-16-0-62d730f0 glide-dock_HTVS_1-0060 localhost [tscc-13-16]
 15  64 177 | launched  tscc-13-16-0-62d73fa2 glide-dock_HTVS_1-0079 localhost [tscc-13-16]
 16  63 177 | finished  tscc-13-16-0-62d73085 glide-dock_HTVS_1-0017 localhost [tscc-13-16]
 17  62 177 | finished  tscc-13-16-0-62d730b6 glide-dock_HTVS_1-0037 localhost [tscc-13-16]
 18  61 177 | finished  tscc-13-16-0-62d730c3 glide-dock_HTVS_1-0042 localhost [tscc-13-16]
 18  62 176 | launched  tscc-13-16-0-62d74004 glide-dock_HTVS_1-0080 localhost [tscc-13-16]
 18  63 175 | launched  tscc-13-16-0-62d74007 glide-dock_HTVS_1-0081 localhost [tscc-13-16]
 18  64 174 | launched  tscc-13-16-0-62d74009 glide-dock_HTVS_1-0082 localhost [tscc-13-16]
 19  63 174 | finished  tscc-13-16-0-62d73066 glide-dock_HTVS_1-0004 localhost [tscc-13-16]
 20  62 174 | finished  tscc-13-16-0-62d730af glide-dock_HTVS_1-0034 localhost [tscc-13-16]
 21  61 174 | finished  tscc-13-16-0-62d730b4 glide-dock_HTVS_1-0036 localhost [tscc-13-16]
 21  62 173 | launched  tscc-13-16-0-62d74072 glide-dock_HTVS_1-0083 localhost [tscc-13-16]
 21  63 172 | launched  tscc-13-16-0-62d74074 glide-dock_HTVS_1-0084 localhost [tscc-13-16]
 21  64 171 | launched  tscc-13-16-0-62d74076 glide-dock_HTVS_1-0085 localhost [tscc-13-16]
 22  63 171 | finished  tscc-13-16-0-62d73068 glide-dock_HTVS_1-0005 localhost [tscc-13-16]
 22  64 170 | launched  tscc-13-16-0-62d7409f glide-dock_HTVS_1-0086 localhost [tscc-13-16]
 23  63 170 | finished  tscc-13-16-0-62d73088 glide-dock_HTVS_1-0018 localhost [tscc-13-16]
 23  64 169 | launched  tscc-13-16-0-62d740c6 glide-dock_HTVS_1-0087 localhost [tscc-13-16]
 24  63 169 | finished  tscc-13-16-0-62d730b1 glide-dock_HTVS_1-0035 localhost [tscc-13-16]
 24  64 168 | launched  tscc-13-16-0-62d740ea glide-dock_HTVS_1-0088 localhost [tscc-13-16]
 25  63 168 | finished  tscc-13-16-0-62d730a5 glide-dock_HTVS_1-0030 localhost [tscc-13-16]
 25  64 167 | launched  tscc-13-16-0-62d7412a glide-dock_HTVS_1-0089 localhost [tscc-13-16]
 26  63 167 | finished  tscc-13-16-0-62d7309e glide-dock_HTVS_1-0027 localhost [tscc-13-16]
 26  64 166 | launched  tscc-13-16-0-62d74146 glide-dock_HTVS_1-0090 localhost [tscc-13-16]
 27  63 166 | finished  tscc-13-16-0-62d73094 glide-dock_HTVS_1-0023 localhost [tscc-13-16]
 27  64 165 | launched  tscc-13-16-0-62d74167 glide-dock_HTVS_1-0091 localhost [tscc-13-16]
 28  63 165 | finished  tscc-13-16-0-62d730d5 glide-dock_HTVS_1-0049 localhost [tscc-13-16]
 28  64 164 | launched  tscc-13-16-0-62d7418b glide-dock_HTVS_1-0092 localhost [tscc-13-16]
 29  63 164 | finished  tscc-13-16-0-62d73060 glide-dock_HTVS_1-0002 localhost [tscc-13-16]
 29  64 163 | launched  tscc-13-16-0-62d741b1 glide-dock_HTVS_1-0093 localhost [tscc-13-16]
 30  63 163 | finished  tscc-13-16-0-62d730ac glide-dock_HTVS_1-0033 localhost [tscc-13-16]
 30  64 162 | launched  tscc-13-16-0-62d741cf glide-dock_HTVS_1-0094 localhost [tscc-13-16]
 31  63 162 | finished  tscc-13-16-0-62d730f5 glide-dock_HTVS_1-0062 localhost [tscc-13-16]
 31  64 161 | launched  tscc-13-16-0-62d74247 glide-dock_HTVS_1-0095 localhost [tscc-13-16]
 32  63 161 | finished  tscc-13-16-0-62d730c5 glide-dock_HTVS_1-0043 localhost [tscc-13-16]
 33  62 161 | finished  tscc-13-16-0-62d730cf glide-dock_HTVS_1-0047 localhost [tscc-13-16]
 33  63 160 | launched  tscc-13-16-0-62d74288 glide-dock_HTVS_1-0096 localhost [tscc-13-16]
 33  64 159 | launched  tscc-13-16-0-62d7428b glide-dock_HTVS_1-0097 localhost [tscc-13-16]
 34  63 159 | finished  tscc-13-16-0-62d730ca glide-dock_HTVS_1-0045 localhost [tscc-13-16]
 34  64 158 | launched  tscc-13-16-0-62d742ae glide-dock_HTVS_1-0098 localhost [tscc-13-16]
 35  63 158 | finished  tscc-13-16-0-62d730d7 glide-dock_HTVS_1-0050 localhost [tscc-13-16]
 35  64 157 | launched  tscc-13-16-0-62d742d1 glide-dock_HTVS_1-0099 localhost [tscc-13-16]
 36  63 157 | finished  tscc-13-16-0-62d73063 glide-dock_HTVS_1-0003 localhost [tscc-13-16]
 36  64 156 | launched  tscc-13-16-0-62d742f5 glide-dock_HTVS_1-0100 localhost [tscc-13-16]
 37  63 156 | finished  tscc-13-16-0-62d730e1 glide-dock_HTVS_1-0054 localhost [tscc-13-16]
 37  64 155 | launched  tscc-13-16-0-62d74354 glide-dock_HTVS_1-0101 localhost [tscc-13-16]
 38  63 155 | finished  tscc-13-16-0-62d730bd glide-dock_HTVS_1-0040 localhost [tscc-13-16]
 38  64 154 | launched  tscc-13-16-0-62d7437b glide-dock_HTVS_1-0102 localhost [tscc-13-16]
 39  63 154 | finished  tscc-13-16-0-62d73096 glide-dock_HTVS_1-0024 localhost [tscc-13-16]
 40  62 154 | finished  tscc-13-16-0-62d730ee glide-dock_HTVS_1-0059 localhost [tscc-13-16]
 40  63 153 | launched  tscc-13-16-0-62d743c7 glide-dock_HTVS_1-0103 localhost [tscc-13-16]
 40  64 152 | launched  tscc-13-16-0-62d743ca glide-dock_HTVS_1-0104 localhost [tscc-13-16]
 41  63 152 | finished  tscc-13-16-0-62d7309c glide-dock_HTVS_1-0026 localhost [tscc-13-16]
 42  62 152 | finished  tscc-13-16-0-62d730a7 glide-dock_HTVS_1-0031 localhost [tscc-13-16]
 43  61 152 | finished  tscc-13-16-0-62d730b8 glide-dock_HTVS_1-0038 localhost [tscc-13-16]
 43  62 151 | launched  tscc-13-16-0-62d74438 glide-dock_HTVS_1-0105 localhost [tscc-13-16]
 43  63 150 | launched  tscc-13-16-0-62d7443a glide-dock_HTVS_1-0106 localhost [tscc-13-16]
 43  64 149 | launched  tscc-13-16-0-62d7443c glide-dock_HTVS_1-0107 localhost [tscc-13-16]
 44  63 149 | finished  tscc-13-16-0-62d730e8 glide-dock_HTVS_1-0057 localhost [tscc-13-16]
 45  62 149 | finished  tscc-13-16-0-62d730eb glide-dock_HTVS_1-0058 localhost [tscc-13-16]
 45  63 148 | launched  tscc-13-16-0-62d74482 glide-dock_HTVS_1-0108 localhost [tscc-13-16]
 45  64 147 | launched  tscc-13-16-0-62d74484 glide-dock_HTVS_1-0109 localhost [tscc-13-16]
 46  63 147 | finished  tscc-13-16-0-62d73099 glide-dock_HTVS_1-0025 localhost [tscc-13-16]
 46  64 146 | launched  tscc-13-16-0-62d744a4 glide-dock_HTVS_1-0110 localhost [tscc-13-16]
 47  63 146 | finished  tscc-13-16-0-62d730aa glide-dock_HTVS_1-0032 localhost [tscc-13-16]
 47  64 145 | launched  tscc-13-16-0-62d744cf glide-dock_HTVS_1-0111 localhost [tscc-13-16]
 48  63 145 | finished  tscc-13-16-0-62d730d9 glide-dock_HTVS_1-0051 localhost [tscc-13-16]
 48  64 144 | launched  tscc-13-16-0-62d7450c glide-dock_HTVS_1-0112 localhost [tscc-13-16]
 49  63 144 | finished  tscc-13-16-0-62d730f2 glide-dock_HTVS_1-0061 localhost [tscc-13-16]
 49  64 143 | launched  tscc-13-16-0-62d7458b glide-dock_HTVS_1-0113 localhost [tscc-13-16]
 50  63 143 | finished  tscc-13-16-0-62d7307c glide-dock_HTVS_1-0013 localhost [tscc-13-16]
 51  62 143 | finished  tscc-13-16-0-62d7307e glide-dock_HTVS_1-0014 localhost [tscc-13-16]
 52  61 143 | finished  tscc-13-16-0-62d739ee glide-dock_HTVS_1-0065 localhost [tscc-13-16]
 52  62 142 | launched  tscc-13-16-0-62d74647 glide-dock_HTVS_1-0114 localhost [tscc-13-16]
 52  63 141 | launched  tscc-13-16-0-62d7464a glide-dock_HTVS_1-0115 localhost [tscc-13-16]
 52  64 140 | launched  tscc-13-16-0-62d7464c glide-dock_HTVS_1-0116 localhost [tscc-13-16]
 53  63 140 | finished  tscc-13-16-0-62d73091 glide-dock_HTVS_1-0022 localhost [tscc-13-16]
 54  62 140 | finished  tscc-13-16-0-62d730a0 glide-dock_HTVS_1-0028 localhost [tscc-13-16]
 55  61 140 | finished  tscc-13-16-0-62d730e3 glide-dock_HTVS_1-0055 localhost [tscc-13-16]
 56  60 140 | finished  tscc-13-16-0-62d730e6 glide-dock_HTVS_1-0056 localhost [tscc-13-16]
 57  59 140 | finished  tscc-13-16-0-62d73a30 glide-dock_HTVS_1-0066 localhost [tscc-13-16]
 58  58 140 | finished  tscc-13-16-0-62d73aef glide-dock_HTVS_1-0067 localhost [tscc-13-16]
 59  57 140 | finished  tscc-13-16-0-62d73c1c glide-dock_HTVS_1-0068 localhost [tscc-13-16]
 60  56 140 | finished  tscc-13-16-0-62d73d3d glide-dock_HTVS_1-0069 localhost [tscc-13-16]
 61  55 140 | finished  tscc-13-16-0-62d73d3f glide-dock_HTVS_1-0070 localhost [tscc-13-16]
 62  54 140 | finished  tscc-13-16-0-62d73d41 glide-dock_HTVS_1-0071 localhost [tscc-13-16]
 63  53 140 | finished  tscc-13-16-0-62d73d95 glide-dock_HTVS_1-0072 localhost [tscc-13-16]
 64  52 140 | finished  tscc-13-16-0-62d73d98 glide-dock_HTVS_1-0073 localhost [tscc-13-16]
 65  51 140 | finished  tscc-13-16-0-62d73e12 glide-dock_HTVS_1-0074 localhost [tscc-13-16]
 66  50 140 | finished  tscc-13-16-0-62d73e15 glide-dock_HTVS_1-0075 localhost [tscc-13-16]
 67  49 140 | finished  tscc-13-16-0-62d73e17 glide-dock_HTVS_1-0076 localhost [tscc-13-16]
 68  48 140 | finished  tscc-13-16-0-62d73ebf glide-dock_HTVS_1-0077 localhost [tscc-13-16]
 69  47 140 | finished  tscc-13-16-0-62d73f22 glide-dock_HTVS_1-0078 localhost [tscc-13-16]
 70  46 140 | finished  tscc-13-16-0-62d73fa2 glide-dock_HTVS_1-0079 localhost [tscc-13-16]
 71  45 140 | finished  tscc-13-16-0-62d74004 glide-dock_HTVS_1-0080 localhost [tscc-13-16]
 72  44 140 | finished  tscc-13-16-0-62d74007 glide-dock_HTVS_1-0081 localhost [tscc-13-16]
 73  43 140 | finished  tscc-13-16-0-62d74009 glide-dock_HTVS_1-0082 localhost [tscc-13-16]
 74  42 140 | finished  tscc-13-16-0-62d74072 glide-dock_HTVS_1-0083 localhost [tscc-13-16]
 75  41 140 | finished  tscc-13-16-0-62d74074 glide-dock_HTVS_1-0084 localhost [tscc-13-16]
 76  40 140 | finished  tscc-13-16-0-62d74076 glide-dock_HTVS_1-0085 localhost [tscc-13-16]
 77  39 140 | finished  tscc-13-16-0-62d7409f glide-dock_HTVS_1-0086 localhost [tscc-13-16]
 78  38 140 | finished  tscc-13-16-0-62d740c6 glide-dock_HTVS_1-0087 localhost [tscc-13-16]
 79  37 140 | finished  tscc-13-16-0-62d740ea glide-dock_HTVS_1-0088 localhost [tscc-13-16]
 80  36 140 | finished  tscc-13-16-0-62d7412a glide-dock_HTVS_1-0089 localhost [tscc-13-16]
 81  35 140 | finished  tscc-13-16-0-62d74146 glide-dock_HTVS_1-0090 localhost [tscc-13-16]
 82  34 140 | finished  tscc-13-16-0-62d74167 glide-dock_HTVS_1-0091 localhost [tscc-13-16]
 83  33 140 | finished  tscc-13-16-0-62d7418b glide-dock_HTVS_1-0092 localhost [tscc-13-16]
 84  32 140 | finished  tscc-13-16-0-62d741b1 glide-dock_HTVS_1-0093 localhost [tscc-13-16]
 85  31 140 | finished  tscc-13-16-0-62d741cf glide-dock_HTVS_1-0094 localhost [tscc-13-16]
 86  30 140 | finished  tscc-13-16-0-62d74247 glide-dock_HTVS_1-0095 localhost [tscc-13-16]
 87  29 140 | finished  tscc-13-16-0-62d74288 glide-dock_HTVS_1-0096 localhost [tscc-13-16]
 88  28 140 | finished  tscc-13-16-0-62d7428b glide-dock_HTVS_1-0097 localhost [tscc-13-16]
 89  27 140 | finished  tscc-13-16-0-62d742ae glide-dock_HTVS_1-0098 localhost [tscc-13-16]
 90  26 140 | finished  tscc-13-16-0-62d742d1 glide-dock_HTVS_1-0099 localhost [tscc-13-16]
 91  25 140 | finished  tscc-13-16-0-62d742f5 glide-dock_HTVS_1-0100 localhost [tscc-13-16]
 92  24 140 | finished  tscc-13-16-0-62d74354 glide-dock_HTVS_1-0101 localhost [tscc-13-16]
 93  23 140 | finished  tscc-13-16-0-62d7437b glide-dock_HTVS_1-0102 localhost [tscc-13-16]
 94  22 140 | finished  tscc-13-16-0-62d743c7 glide-dock_HTVS_1-0103 localhost [tscc-13-16]
 95  21 140 | finished  tscc-13-16-0-62d743ca glide-dock_HTVS_1-0104 localhost [tscc-13-16]
 96  20 140 | finished  tscc-13-16-0-62d74438 glide-dock_HTVS_1-0105 localhost [tscc-13-16]
 97  19 140 | finished  tscc-13-16-0-62d7443a glide-dock_HTVS_1-0106 localhost [tscc-13-16]
 98  18 140 | finished  tscc-13-16-0-62d7443c glide-dock_HTVS_1-0107 localhost [tscc-13-16]
 99  17 140 | finished  tscc-13-16-0-62d74482 glide-dock_HTVS_1-0108 localhost [tscc-13-16]
100  16 140 | finished  tscc-13-16-0-62d74484 glide-dock_HTVS_1-0109 localhost [tscc-13-16]
101  15 140 | finished  tscc-13-16-0-62d744a4 glide-dock_HTVS_1-0110 localhost [tscc-13-16]
102  14 140 | finished  tscc-13-16-0-62d744cf glide-dock_HTVS_1-0111 localhost [tscc-13-16]
103  13 140 | finished  tscc-13-16-0-62d7450c glide-dock_HTVS_1-0112 localhost [tscc-13-16]
104  12 140 | finished  tscc-13-16-0-62d7458b glide-dock_HTVS_1-0113 localhost [tscc-13-16]
105  11 140 | finished  tscc-13-16-0-62d74647 glide-dock_HTVS_1-0114 localhost [tscc-13-16]
106  10 140 | finished  tscc-13-16-0-62d7464a glide-dock_HTVS_1-0115 localhost [tscc-13-16]
107   9 140 | finished  tscc-13-16-0-62d7464c glide-dock_HTVS_1-0116 localhost [tscc-13-16]
107  10 139 | launched  tscc-13-16-0-62d76acf glide-dock_HTVS_1-0117 localhost [tscc-13-16]
107  11 138 | launched  tscc-13-16-0-62d76ad1 glide-dock_HTVS_1-0118 localhost [tscc-13-16]
107  12 137 | launched  tscc-13-16-0-62d76ad4 glide-dock_HTVS_1-0119 localhost [tscc-13-16]
107  13 136 | launched  tscc-13-16-0-62d76ad7 glide-dock_HTVS_1-0120 localhost [tscc-13-16]
107  14 135 | launched  tscc-13-16-0-62d76ad9 glide-dock_HTVS_1-0121 localhost [tscc-13-16]
108  13 135 | finished  tscc-13-16-0-62d7305e glide-dock_HTVS_1-0001 localhost [tscc-13-16]
109  12 135 | finished  tscc-13-16-0-62d7306b glide-dock_HTVS_1-0006 localhost [tscc-13-16]
110  11 135 | finished  tscc-13-16-0-62d7306d glide-dock_HTVS_1-0007 localhost [tscc-13-16]
111  10 135 | finished  tscc-13-16-0-62d73070 glide-dock_HTVS_1-0008 localhost [tscc-13-16]
112   9 135 | finished  tscc-13-16-0-62d73072 glide-dock_HTVS_1-0009 localhost [tscc-13-16]
113   8 135 | finished  tscc-13-16-0-62d73075 glide-dock_HTVS_1-0010 localhost [tscc-13-16]
114   7 135 | finished  tscc-13-16-0-62d73077 glide-dock_HTVS_1-0011 localhost [tscc-13-16]
115   6 135 | finished  tscc-13-16-0-62d7308f glide-dock_HTVS_1-0021 localhost [tscc-13-16]
116   5 135 | finished  tscc-13-16-0-62d730d2 glide-dock_HTVS_1-0048 localhost [tscc-13-16]
116   6 134 | launched  tscc-13-16-0-62d76cce glide-dock_HTVS_1-0122 localhost [tscc-13-16]
116   7 133 | launched  tscc-13-16-0-62d76cd1 glide-dock_HTVS_1-0123 localhost [tscc-13-16]
116   8 132 | launched  tscc-13-16-0-62d76cd3 glide-dock_HTVS_1-0124 localhost [tscc-13-16]
116   9 131 | launched  tscc-13-16-0-62d76cd5 glide-dock_HTVS_1-0125 localhost [tscc-13-16]
116  10 130 | launched  tscc-13-16-0-62d76cd8 glide-dock_HTVS_1-0126 localhost [tscc-13-16]
116  11 129 | launched  tscc-13-16-0-62d76cdb glide-dock_HTVS_1-0127 localhost [tscc-13-16]
116  12 128 | launched  tscc-13-16-0-62d76cdd glide-dock_HTVS_1-0128 localhost [tscc-13-16]
116  13 127 | launched  tscc-13-16-0-62d76ce0 glide-dock_HTVS_1-0129 localhost [tscc-13-16]
116  14 126 | launched  tscc-13-16-0-62d76ce3 glide-dock_HTVS_1-0130 localhost [tscc-13-16]
116  15 125 | launched  tscc-13-16-0-62d76ce5 glide-dock_HTVS_1-0131 localhost [tscc-13-16]
116  16 124 | launched  tscc-13-16-0-62d76ce8 glide-dock_HTVS_1-0132 localhost [tscc-13-16]
116  17 123 | launched  tscc-13-16-0-62d76cea glide-dock_HTVS_1-0133 localhost [tscc-13-16]
116  18 122 | launched  tscc-13-16-0-62d76ced glide-dock_HTVS_1-0134 localhost [tscc-13-16]
116  19 121 | launched  tscc-13-16-0-62d76cef glide-dock_HTVS_1-0135 localhost [tscc-13-16]
116  20 120 | launched  tscc-13-16-0-62d76cf2 glide-dock_HTVS_1-0136 localhost [tscc-13-16]
116  21 119 | launched  tscc-13-16-0-62d76cf4 glide-dock_HTVS_1-0137 localhost [tscc-13-16]
116  22 118 | launched  tscc-13-16-0-62d76cf7 glide-dock_HTVS_1-0138 localhost [tscc-13-16]
116  23 117 | launched  tscc-13-16-0-62d76cfa glide-dock_HTVS_1-0139 localhost [tscc-13-16]
116  24 116 | launched  tscc-13-16-0-62d76cfc glide-dock_HTVS_1-0140 localhost [tscc-13-16]
116  25 115 | launched  tscc-13-16-0-62d76cff glide-dock_HTVS_1-0141 localhost [tscc-13-16]
116  26 114 | launched  tscc-13-16-0-62d76d01 glide-dock_HTVS_1-0142 localhost [tscc-13-16]
116  27 113 | launched  tscc-13-16-0-62d76d04 glide-dock_HTVS_1-0143 localhost [tscc-13-16]
116  28 112 | launched  tscc-13-16-0-62d76d06 glide-dock_HTVS_1-0144 localhost [tscc-13-16]
116  29 111 | launched  tscc-13-16-0-62d76d09 glide-dock_HTVS_1-0145 localhost [tscc-13-16]
116  30 110 | launched  tscc-13-16-0-62d76d0c glide-dock_HTVS_1-0146 localhost [tscc-13-16]
116  31 109 | launched  tscc-13-16-0-62d76d0e glide-dock_HTVS_1-0147 localhost [tscc-13-16]
116  32 108 | launched  tscc-13-16-0-62d76d11 glide-dock_HTVS_1-0148 localhost [tscc-13-16]
116  33 107 | launched  tscc-13-16-0-62d76d13 glide-dock_HTVS_1-0149 localhost [tscc-13-16]
116  34 106 | launched  tscc-13-16-0-62d76d16 glide-dock_HTVS_1-0150 localhost [tscc-13-16]
116  35 105 | launched  tscc-13-16-0-62d76d19 glide-dock_HTVS_1-0151 localhost [tscc-13-16]
116  36 104 | launched  tscc-13-16-0-62d76d1b glide-dock_HTVS_1-0152 localhost [tscc-13-16]
116  37 103 | launched  tscc-13-16-0-62d76d1e glide-dock_HTVS_1-0153 localhost [tscc-13-16]
116  38 102 | launched  tscc-13-16-0-62d76d21 glide-dock_HTVS_1-0154 localhost [tscc-13-16]
116  39 101 | launched  tscc-13-16-0-62d76d24 glide-dock_HTVS_1-0155 localhost [tscc-13-16]
116  40 100 | launched  tscc-13-16-0-62d76d27 glide-dock_HTVS_1-0156 localhost [tscc-13-16]
116  41  99 | launched  tscc-13-16-0-62d76d29 glide-dock_HTVS_1-0157 localhost [tscc-13-16]
116  42  98 | launched  tscc-13-16-0-62d76d2c glide-dock_HTVS_1-0158 localhost [tscc-13-16]
116  43  97 | launched  tscc-13-16-0-62d76d2f glide-dock_HTVS_1-0159 localhost [tscc-13-16]
116  44  96 | launched  tscc-13-16-0-62d76d31 glide-dock_HTVS_1-0160 localhost [tscc-13-16]
116  45  95 | launched  tscc-13-16-0-62d76d35 glide-dock_HTVS_1-0161 localhost [tscc-13-16]
116  46  94 | launched  tscc-13-16-0-62d76d37 glide-dock_HTVS_1-0162 localhost [tscc-13-16]
116  47  93 | launched  tscc-13-16-0-62d76d3a glide-dock_HTVS_1-0163 localhost [tscc-13-16]
116  48  92 | launched  tscc-13-16-0-62d76d3d glide-dock_HTVS_1-0164 localhost [tscc-13-16]
116  49  91 | launched  tscc-13-16-0-62d76d3f glide-dock_HTVS_1-0165 localhost [tscc-13-16]
116  50  90 | launched  tscc-13-16-0-62d76d42 glide-dock_HTVS_1-0166 localhost [tscc-13-16]
116  51  89 | launched  tscc-13-16-0-62d76d44 glide-dock_HTVS_1-0167 localhost [tscc-13-16]
116  52  88 | launched  tscc-13-16-0-62d76d47 glide-dock_HTVS_1-0168 localhost [tscc-13-16]
116  53  87 | launched  tscc-13-16-0-62d76d4a glide-dock_HTVS_1-0169 localhost [tscc-13-16]
116  54  86 | launched  tscc-13-16-0-62d76d4d glide-dock_HTVS_1-0170 localhost [tscc-13-16]
116  55  85 | launched  tscc-13-16-0-62d76d4f glide-dock_HTVS_1-0171 localhost [tscc-13-16]
116  56  84 | launched  tscc-13-16-0-62d76d52 glide-dock_HTVS_1-0172 localhost [tscc-13-16]
116  57  83 | launched  tscc-13-16-0-62d76d55 glide-dock_HTVS_1-0173 localhost [tscc-13-16]
116  58  82 | launched  tscc-13-16-0-62d76d58 glide-dock_HTVS_1-0174 localhost [tscc-13-16]
116  59  81 | launched  tscc-13-16-0-62d76d5b glide-dock_HTVS_1-0175 localhost [tscc-13-16]
116  60  80 | launched  tscc-13-16-0-62d76d5d glide-dock_HTVS_1-0176 localhost [tscc-13-16]
116  61  79 | launched  tscc-13-16-0-62d76d60 glide-dock_HTVS_1-0177 localhost [tscc-13-16]
116  62  78 | launched  tscc-13-16-0-62d76d63 glide-dock_HTVS_1-0178 localhost [tscc-13-16]
116  63  77 | launched  tscc-13-16-0-62d76d65 glide-dock_HTVS_1-0179 localhost [tscc-13-16]
116  64  76 | launched  tscc-13-16-0-62d76d67 glide-dock_HTVS_1-0180 localhost [tscc-13-16]
117  63  76 | finished  tscc-13-16-0-62d76acf glide-dock_HTVS_1-0117 localhost [tscc-13-16]
117  64  75 | launched  tscc-13-16-0-62d7755f glide-dock_HTVS_1-0181 localhost [tscc-13-16]
118  63  75 | finished  tscc-13-16-0-62d76ad1 glide-dock_HTVS_1-0118 localhost [tscc-13-16]
118  64  74 | launched  tscc-13-16-0-62d7766d glide-dock_HTVS_1-0182 localhost [tscc-13-16]
119  63  74 | finished  tscc-13-16-0-62d76ad7 glide-dock_HTVS_1-0120 localhost [tscc-13-16]
119  64  73 | launched  tscc-13-16-0-62d7782e glide-dock_HTVS_1-0183 localhost [tscc-13-16]
120  63  73 | finished  tscc-13-16-0-62d76d67 glide-dock_HTVS_1-0180 localhost [tscc-13-16]
120  64  72 | launched  tscc-13-16-0-62d77990 glide-dock_HTVS_1-0184 localhost [tscc-13-16]
121  63  72 | finished  tscc-13-16-0-62d76ad4 glide-dock_HTVS_1-0119 localhost [tscc-13-16]
122  62  72 | finished  tscc-13-16-0-62d76ad9 glide-dock_HTVS_1-0121 localhost [tscc-13-16]
122  63  71 | launched  tscc-13-16-0-62d779dd glide-dock_HTVS_1-0185 localhost [tscc-13-16]
122  64  70 | launched  tscc-13-16-0-62d779e0 glide-dock_HTVS_1-0186 localhost [tscc-13-16]
123  63  70 | finished  tscc-13-16-0-62d76d0e glide-dock_HTVS_1-0147 localhost [tscc-13-16]
123  64  69 | launched  tscc-13-16-0-62d77a5f glide-dock_HTVS_1-0187 localhost [tscc-13-16]
124  63  69 | finished  tscc-13-16-0-62d76cfc glide-dock_HTVS_1-0140 localhost [tscc-13-16]
124  64  68 | launched  tscc-13-16-0-62d77a7a glide-dock_HTVS_1-0188 localhost [tscc-13-16]
125  63  68 | finished  tscc-13-16-0-62d76d01 glide-dock_HTVS_1-0142 localhost [tscc-13-16]
125  64  67 | launched  tscc-13-16-0-62d77af4 glide-dock_HTVS_1-0189 localhost [tscc-13-16]
126  63  67 | finished  tscc-13-16-0-62d76ce0 glide-dock_HTVS_1-0129 localhost [tscc-13-16]
127  62  67 | finished  tscc-13-16-0-62d76ce5 glide-dock_HTVS_1-0131 localhost [tscc-13-16]
128  61  67 | finished  tscc-13-16-0-62d76cff glide-dock_HTVS_1-0141 localhost [tscc-13-16]
129  60  67 | finished  tscc-13-16-0-62d76d63 glide-dock_HTVS_1-0178 localhost [tscc-13-16]
129  61  66 | launched  tscc-13-16-0-62d77b6d glide-dock_HTVS_1-0190 localhost [tscc-13-16]
129  62  65 | launched  tscc-13-16-0-62d77b70 glide-dock_HTVS_1-0191 localhost [tscc-13-16]
129  63  64 | launched  tscc-13-16-0-62d77b72 glide-dock_HTVS_1-0192 localhost [tscc-13-16]
129  64  63 | launched  tscc-13-16-0-62d77b74 glide-dock_HTVS_1-0193 localhost [tscc-13-16]
130  63  63 | finished  tscc-13-16-0-62d76cce glide-dock_HTVS_1-0122 localhost [tscc-13-16]
131  62  63 | finished  tscc-13-16-0-62d76ce3 glide-dock_HTVS_1-0130 localhost [tscc-13-16]
131  63  62 | launched  tscc-13-16-0-62d77bbd glide-dock_HTVS_1-0194 localhost [tscc-13-16]
131  64  61 | launched  tscc-13-16-0-62d77bc0 glide-dock_HTVS_1-0195 localhost [tscc-13-16]
132  63  61 | finished  tscc-13-16-0-62d76d0c glide-dock_HTVS_1-0146 localhost [tscc-13-16]
133  62  61 | finished  tscc-13-16-0-62d76d5b glide-dock_HTVS_1-0175 localhost [tscc-13-16]
134  61  61 | finished  tscc-13-16-0-62d76d65 glide-dock_HTVS_1-0179 localhost [tscc-13-16]
134  62  60 | launched  tscc-13-16-0-62d77c3d glide-dock_HTVS_1-0196 localhost [tscc-13-16]
134  63  59 | launched  tscc-13-16-0-62d77c40 glide-dock_HTVS_1-0197 localhost [tscc-13-16]
134  64  58 | launched  tscc-13-16-0-62d77c42 glide-dock_HTVS_1-0198 localhost [tscc-13-16]
135  63  58 | finished  tscc-13-16-0-62d76cdd glide-dock_HTVS_1-0128 localhost [tscc-13-16]
136  62  58 | finished  tscc-13-16-0-62d76d2c glide-dock_HTVS_1-0158 localhost [tscc-13-16]
137  61  58 | finished  tscc-13-16-0-62d76d4f glide-dock_HTVS_1-0171 localhost [tscc-13-16]
138  60  58 | finished  tscc-13-16-0-62d76d55 glide-dock_HTVS_1-0173 localhost [tscc-13-16]
139  59  58 | finished  tscc-13-16-0-62d76d58 glide-dock_HTVS_1-0174 localhost [tscc-13-16]
139  60  57 | launched  tscc-13-16-0-62d77dbd glide-dock_HTVS_1-0199 localhost [tscc-13-16]
139  61  56 | launched  tscc-13-16-0-62d77dc0 glide-dock_HTVS_1-0200 localhost [tscc-13-16]
139  62  55 | launched  tscc-13-16-0-62d77dc2 glide-dock_HTVS_1-0201 localhost [tscc-13-16]
139  63  54 | launched  tscc-13-16-0-62d77dc5 glide-dock_HTVS_1-0202 localhost [tscc-13-16]
139  64  53 | launched  tscc-13-16-0-62d77dc7 glide-dock_HTVS_1-0203 localhost [tscc-13-16]
140  63  53 | finished  tscc-13-16-0-62d76cd1 glide-dock_HTVS_1-0123 localhost [tscc-13-16]
141  62  53 | finished  tscc-13-16-0-62d76cd3 glide-dock_HTVS_1-0124 localhost [tscc-13-16]
142  61  53 | finished  tscc-13-16-0-62d76cd5 glide-dock_HTVS_1-0125 localhost [tscc-13-16]
143  60  53 | finished  tscc-13-16-0-62d76cdb glide-dock_HTVS_1-0127 localhost [tscc-13-16]
144  59  53 | finished  tscc-13-16-0-62d76ce8 glide-dock_HTVS_1-0132 localhost [tscc-13-16]
145  58  53 | finished  tscc-13-16-0-62d76cea glide-dock_HTVS_1-0133 localhost [tscc-13-16]
146  57  53 | finished  tscc-13-16-0-62d76ced glide-dock_HTVS_1-0134 localhost [tscc-13-16]
147  56  53 | finished  tscc-13-16-0-62d76cf7 glide-dock_HTVS_1-0138 localhost [tscc-13-16]
148  55  53 | finished  tscc-13-16-0-62d76d11 glide-dock_HTVS_1-0148 localhost [tscc-13-16]
149  54  53 | finished  tscc-13-16-0-62d76d19 glide-dock_HTVS_1-0151 localhost [tscc-13-16]
150  53  53 | finished  tscc-13-16-0-62d76d27 glide-dock_HTVS_1-0156 localhost [tscc-13-16]
151  52  53 | finished  tscc-13-16-0-62d76d29 glide-dock_HTVS_1-0157 localhost [tscc-13-16]
152  51  53 | finished  tscc-13-16-0-62d76d2f glide-dock_HTVS_1-0159 localhost [tscc-13-16]
153  50  53 | finished  tscc-13-16-0-62d76d35 glide-dock_HTVS_1-0161 localhost [tscc-13-16]
154  49  53 | finished  tscc-13-16-0-62d76d37 glide-dock_HTVS_1-0162 localhost [tscc-13-16]
155  48  53 | finished  tscc-13-16-0-62d76d3f glide-dock_HTVS_1-0165 localhost [tscc-13-16]
156  47  53 | finished  tscc-13-16-0-62d76d4a glide-dock_HTVS_1-0169 localhost [tscc-13-16]
157  46  53 | finished  tscc-13-16-0-62d76d52 glide-dock_HTVS_1-0172 localhost [tscc-13-16]
157  47  52 | launched  tscc-13-16-0-62d780e7 glide-dock_HTVS_1-0204 localhost [tscc-13-16]
157  48  51 | launched  tscc-13-16-0-62d780ea glide-dock_HTVS_1-0205 localhost [tscc-13-16]
157  49  50 | launched  tscc-13-16-0-62d780ec glide-dock_HTVS_1-0206 localhost [tscc-13-16]
157  50  49 | launched  tscc-13-16-0-62d780ef glide-dock_HTVS_1-0207 localhost [tscc-13-16]
157  51  48 | launched  tscc-13-16-0-62d780f2 glide-dock_HTVS_1-0208 localhost [tscc-13-16]
158  50  48 | finished  tscc-13-16-0-62d76cd8 glide-dock_HTVS_1-0126 localhost [tscc-13-16]
159  49  48 | finished  tscc-13-16-0-62d76cef glide-dock_HTVS_1-0135 localhost [tscc-13-16]
160  48  48 | finished  tscc-13-16-0-62d76cf4 glide-dock_HTVS_1-0137 localhost [tscc-13-16]
161  47  48 | finished  tscc-13-16-0-62d76d09 glide-dock_HTVS_1-0145 localhost [tscc-13-16]
162  46  48 | finished  tscc-13-16-0-62d76d1e glide-dock_HTVS_1-0153 localhost [tscc-13-16]
163  45  48 | finished  tscc-13-16-0-62d76d24 glide-dock_HTVS_1-0155 localhost [tscc-13-16]
163  46  47 | launched  tscc-13-16-0-62d78196 glide-dock_HTVS_1-0209 localhost [tscc-13-16]
163  47  46 | launched  tscc-13-16-0-62d78198 glide-dock_HTVS_1-0210 localhost [tscc-13-16]
163  48  45 | launched  tscc-13-16-0-62d7819b glide-dock_HTVS_1-0211 localhost [tscc-13-16]
163  49  44 | launched  tscc-13-16-0-62d7819e glide-dock_HTVS_1-0212 localhost [tscc-13-16]
163  50  43 | launched  tscc-13-16-0-62d781a1 glide-dock_HTVS_1-0213 localhost [tscc-13-16]
164  49  43 | finished  tscc-13-16-0-62d76cf2 glide-dock_HTVS_1-0136 localhost [tscc-13-16]
165  48  43 | finished  tscc-13-16-0-62d76d3d glide-dock_HTVS_1-0164 localhost [tscc-13-16]
165  49  42 | launched  tscc-13-16-0-62d781de glide-dock_HTVS_1-0214 localhost [tscc-13-16]
165  50  41 | launched  tscc-13-16-0-62d781e0 glide-dock_HTVS_1-0215 localhost [tscc-13-16]
165  51  40 | launched  tscc-13-16-0-62d781e3 glide-dock_HTVS_1-0216 localhost [tscc-13-16]
165  52  39 | launched  tscc-13-16-0-62d781e6 glide-dock_HTVS_1-0217 localhost [tscc-13-16]
165  53  38 | launched  tscc-13-16-0-62d781e9 glide-dock_HTVS_1-0218 localhost [tscc-13-16]
166  52  38 | finished  tscc-13-16-0-62d76d5d glide-dock_HTVS_1-0176 localhost [tscc-13-16]
166  53  37 | launched  tscc-13-16-0-62d7820a glide-dock_HTVS_1-0219 localhost [tscc-13-16]
166  54  36 | launched  tscc-13-16-0-62d7820d glide-dock_HTVS_1-0220 localhost [tscc-13-16]
166  55  35 | launched  tscc-13-16-0-62d7820f glide-dock_HTVS_1-0221 localhost [tscc-13-16]
166  56  34 | launched  tscc-13-16-0-62d78212 glide-dock_HTVS_1-0222 localhost [tscc-13-16]
166  57  33 | launched  tscc-13-16-0-62d78215 glide-dock_HTVS_1-0223 localhost [tscc-13-16]
167  56  33 | finished  tscc-13-16-0-62d76d1b glide-dock_HTVS_1-0152 localhost [tscc-13-16]
168  55  33 | finished  tscc-13-16-0-62d76d3a glide-dock_HTVS_1-0163 localhost [tscc-13-16]
168  56  32 | launched  tscc-13-16-0-62d782bd glide-dock_HTVS_1-0224 localhost [tscc-13-16]
168  57  31 | launched  tscc-13-16-0-62d782bf glide-dock_HTVS_1-0225 localhost [tscc-13-16]
168  58  30 | launched  tscc-13-16-0-62d782c2 glide-dock_HTVS_1-0226 localhost [tscc-13-16]
168  59  29 | launched  tscc-13-16-0-62d782c5 glide-dock_HTVS_1-0227 localhost [tscc-13-16]
168  60  28 | launched  tscc-13-16-0-62d782c7 glide-dock_HTVS_1-0228 localhost [tscc-13-16]
169  59  28 | finished  tscc-13-16-0-62d76d4d glide-dock_HTVS_1-0170 localhost [tscc-13-16]
170  58  28 | finished  tscc-13-16-0-62d7755f glide-dock_HTVS_1-0181 localhost [tscc-13-16]
170  59  27 | launched  tscc-13-16-0-62d78374 glide-dock_HTVS_1-0229 localhost [tscc-13-16]
170  60  26 | launched  tscc-13-16-0-62d78376 glide-dock_HTVS_1-0230 localhost [tscc-13-16]
170  61  25 | launched  tscc-13-16-0-62d78378 glide-dock_HTVS_1-0231 localhost [tscc-13-16]
170  62  24 | launched  tscc-13-16-0-62d7837b glide-dock_HTVS_1-0232 localhost [tscc-13-16]
170  63  23 | launched  tscc-13-16-0-62d7837d glide-dock_HTVS_1-0233 localhost [tscc-13-16]
171  62  23 | finished  tscc-13-16-0-62d76d31 glide-dock_HTVS_1-0160 localhost [tscc-13-16]
172  61  23 | finished  tscc-13-16-0-62d76d42 glide-dock_HTVS_1-0166 localhost [tscc-13-16]
172  62  22 | launched  tscc-13-16-0-62d78434 glide-dock_HTVS_1-0234 localhost [tscc-13-16]
172  63  21 | launched  tscc-13-16-0-62d78437 glide-dock_HTVS_1-0235 localhost [tscc-13-16]
172  64  20 | launched  tscc-13-16-0-62d78439 glide-dock_HTVS_1-0236 localhost [tscc-13-16]
173  63  20 | finished  tscc-13-16-0-62d76d04 glide-dock_HTVS_1-0143 localhost [tscc-13-16]
174  62  20 | finished  tscc-13-16-0-62d76d21 glide-dock_HTVS_1-0154 localhost [tscc-13-16]
174  63  19 | launched  tscc-13-16-0-62d7847a glide-dock_HTVS_1-0237 localhost [tscc-13-16]
174  64  18 | launched  tscc-13-16-0-62d7847c glide-dock_HTVS_1-0238 localhost [tscc-13-16]
175  63  18 | finished  tscc-13-16-0-62d77a7a glide-dock_HTVS_1-0188 localhost [tscc-13-16]
175  64  17 | launched  tscc-13-16-0-62d7849c glide-dock_HTVS_1-0239 localhost [tscc-13-16]
176  63  17 | finished  tscc-13-16-0-62d76d16 glide-dock_HTVS_1-0150 localhost [tscc-13-16]
177  62  17 | finished  tscc-13-16-0-62d779e0 glide-dock_HTVS_1-0186 localhost [tscc-13-16]
177  63  16 | launched  tscc-13-16-0-62d784e2 glide-dock_HTVS_1-0240 localhost [tscc-13-16]
177  64  15 | launched  tscc-13-16-0-62d784e4 glide-dock_HTVS_1-0241 localhost [tscc-13-16]
178  63  15 | finished  tscc-13-16-0-62d76d60 glide-dock_HTVS_1-0177 localhost [tscc-13-16]
178  64  14 | launched  tscc-13-16-0-62d7852a glide-dock_HTVS_1-0242 localhost [tscc-13-16]
179  63  14 | finished  tscc-13-16-0-62d76d44 glide-dock_HTVS_1-0167 localhost [tscc-13-16]
179  64  13 | launched  tscc-13-16-0-62d7855a glide-dock_HTVS_1-0243 localhost [tscc-13-16]
180  63  13 | finished  tscc-13-16-0-62d76d13 glide-dock_HTVS_1-0149 localhost [tscc-13-16]
181  62  13 | finished  tscc-13-16-0-62d7766d glide-dock_HTVS_1-0182 localhost [tscc-13-16]
181  63  12 | launched  tscc-13-16-0-62d785a2 glide-dock_HTVS_1-0244 localhost [tscc-13-16]
181  64  11 | launched  tscc-13-16-0-62d785a4 glide-dock_HTVS_1-0245 localhost [tscc-13-16]
182  63  11 | finished  tscc-13-16-0-62d77b70 glide-dock_HTVS_1-0191 localhost [tscc-13-16]
182  64  10 | launched  tscc-13-16-0-62d7862b glide-dock_HTVS_1-0246 localhost [tscc-13-16]
183  63  10 | finished  tscc-13-16-0-62d77b6d glide-dock_HTVS_1-0190 localhost [tscc-13-16]
183  64   9 | launched  tscc-13-16-0-62d78667 glide-dock_HTVS_1-0247 localhost [tscc-13-16]
184  63   9 | finished  tscc-13-16-0-62d77bbd glide-dock_HTVS_1-0194 localhost [tscc-13-16]
184  64   8 | launched  tscc-13-16-0-62d7868d glide-dock_HTVS_1-0248 localhost [tscc-13-16]
185  63   8 | finished  tscc-13-16-0-62d77b72 glide-dock_HTVS_1-0192 localhost [tscc-13-16]
185  64   7 | launched  tscc-13-16-0-62d786c2 glide-dock_HTVS_1-0249 localhost [tscc-13-16]
186  63   7 | finished  tscc-13-16-0-62d77a5f glide-dock_HTVS_1-0187 localhost [tscc-13-16]
186  64   6 | launched  tscc-13-16-0-62d78721 glide-dock_HTVS_1-0250 localhost [tscc-13-16]
187  63   6 | finished  tscc-13-16-0-62d76d47 glide-dock_HTVS_1-0168 localhost [tscc-13-16]
187  64   5 | launched  tscc-13-16-0-62d78770 glide-dock_HTVS_1-0251 localhost [tscc-13-16]
188  63   5 | finished  tscc-13-16-0-62d7782e glide-dock_HTVS_1-0183 localhost [tscc-13-16]
188  64   4 | launched  tscc-13-16-0-62d787f9 glide-dock_HTVS_1-0252 localhost [tscc-13-16]
189  63   4 | finished  tscc-13-16-0-62d76cfa glide-dock_HTVS_1-0139 localhost [tscc-13-16]
190  62   4 | finished  tscc-13-16-0-62d77b74 glide-dock_HTVS_1-0193 localhost [tscc-13-16]
191  61   4 | finished  tscc-13-16-0-62d77c42 glide-dock_HTVS_1-0198 localhost [tscc-13-16]
191  62   3 | launched  tscc-13-16-0-62d788a4 glide-dock_HTVS_1-0253 localhost [tscc-13-16]
191  63   2 | launched  tscc-13-16-0-62d788a6 glide-dock_HTVS_1-0254 localhost [tscc-13-16]
191  64   1 | launched  tscc-13-16-0-62d788a9 glide-dock_HTVS_1-0255 localhost [tscc-13-16]
192  63   1 | finished  tscc-13-16-0-62d76d06 glide-dock_HTVS_1-0144 localhost [tscc-13-16]
193  62   1 | finished  tscc-13-16-0-62d77990 glide-dock_HTVS_1-0184 localhost [tscc-13-16]
194  61   1 | finished  tscc-13-16-0-62d779dd glide-dock_HTVS_1-0185 localhost [tscc-13-16]
195  60   1 | finished  tscc-13-16-0-62d780ea glide-dock_HTVS_1-0205 localhost [tscc-13-16]
196  59   1 | finished  tscc-13-16-0-62d781e9 glide-dock_HTVS_1-0218 localhost [tscc-13-16]
196  60   0 | launched  tscc-13-16-0-62d78abc glide-dock_HTVS_1-0256 localhost [tscc-13-16]
197  59   0 | finished  tscc-13-16-0-62d77c3d glide-dock_HTVS_1-0196 localhost [tscc-13-16]
198  58   0 | finished  tscc-13-16-0-62d77c40 glide-dock_HTVS_1-0197 localhost [tscc-13-16]
199  57   0 | finished  tscc-13-16-0-62d77dc5 glide-dock_HTVS_1-0202 localhost [tscc-13-16]
200  56   0 | finished  tscc-13-16-0-62d77dc7 glide-dock_HTVS_1-0203 localhost [tscc-13-16]
201  55   0 | finished  tscc-13-16-0-62d780ec glide-dock_HTVS_1-0206 localhost [tscc-13-16]
202  54   0 | finished  tscc-13-16-0-62d77bc0 glide-dock_HTVS_1-0195 localhost [tscc-13-16]
203  53   0 | finished  tscc-13-16-0-62d78196 glide-dock_HTVS_1-0209 localhost [tscc-13-16]
204  52   0 | finished  tscc-13-16-0-62d78376 glide-dock_HTVS_1-0230 localhost [tscc-13-16]
205  51   0 | finished  tscc-13-16-0-62d7819e glide-dock_HTVS_1-0212 localhost [tscc-13-16]
206  50   0 | finished  tscc-13-16-0-62d78212 glide-dock_HTVS_1-0222 localhost [tscc-13-16]
207  49   0 | finished  tscc-13-16-0-62d782bf glide-dock_HTVS_1-0225 localhost [tscc-13-16]
208  48   0 | finished  tscc-13-16-0-62d781e6 glide-dock_HTVS_1-0217 localhost [tscc-13-16]
209  47   0 | finished  tscc-13-16-0-62d782c2 glide-dock_HTVS_1-0226 localhost [tscc-13-16]
210  46   0 | finished  tscc-13-16-0-62d78374 glide-dock_HTVS_1-0229 localhost [tscc-13-16]
211  45   0 | finished  tscc-13-16-0-62d7837b glide-dock_HTVS_1-0232 localhost [tscc-13-16]
212  44   0 | finished  tscc-13-16-0-62d782bd glide-dock_HTVS_1-0224 localhost [tscc-13-16]
213  43   0 | finished  tscc-13-16-0-62d782c5 glide-dock_HTVS_1-0227 localhost [tscc-13-16]
214  42   0 | finished  tscc-13-16-0-62d781a1 glide-dock_HTVS_1-0213 localhost [tscc-13-16]
215  41   0 | finished  tscc-13-16-0-62d784e4 glide-dock_HTVS_1-0241 localhost [tscc-13-16]
216  40   0 | finished  tscc-13-16-0-62d7852a glide-dock_HTVS_1-0242 localhost [tscc-13-16]
217  39   0 | finished  tscc-13-16-0-62d77dbd glide-dock_HTVS_1-0199 localhost [tscc-13-16]
218  38   0 | finished  tscc-13-16-0-62d77dc0 glide-dock_HTVS_1-0200 localhost [tscc-13-16]
219  37   0 | finished  tscc-13-16-0-62d77dc2 glide-dock_HTVS_1-0201 localhost [tscc-13-16]
220  36   0 | finished  tscc-13-16-0-62d780e7 glide-dock_HTVS_1-0204 localhost [tscc-13-16]
221  35   0 | finished  tscc-13-16-0-62d78198 glide-dock_HTVS_1-0210 localhost [tscc-13-16]
222  34   0 | finished  tscc-13-16-0-62d7819b glide-dock_HTVS_1-0211 localhost [tscc-13-16]
223  33   0 | finished  tscc-13-16-0-62d781de glide-dock_HTVS_1-0214 localhost [tscc-13-16]
224  32   0 | finished  tscc-13-16-0-62d781e0 glide-dock_HTVS_1-0215 localhost [tscc-13-16]
225  31   0 | finished  tscc-13-16-0-62d7820d glide-dock_HTVS_1-0220 localhost [tscc-13-16]
226  30   0 | finished  tscc-13-16-0-62d7820f glide-dock_HTVS_1-0221 localhost [tscc-13-16]
227  29   0 | finished  tscc-13-16-0-62d78215 glide-dock_HTVS_1-0223 localhost [tscc-13-16]
228  28   0 | finished  tscc-13-16-0-62d782c7 glide-dock_HTVS_1-0228 localhost [tscc-13-16]
229  27   0 | finished  tscc-13-16-0-62d78378 glide-dock_HTVS_1-0231 localhost [tscc-13-16]
230  26   0 | finished  tscc-13-16-0-62d7837d glide-dock_HTVS_1-0233 localhost [tscc-13-16]
231  25   0 | finished  tscc-13-16-0-62d78434 glide-dock_HTVS_1-0234 localhost [tscc-13-16]
232  24   0 | finished  tscc-13-16-0-62d78437 glide-dock_HTVS_1-0235 localhost [tscc-13-16]
233  23   0 | finished  tscc-13-16-0-62d78439 glide-dock_HTVS_1-0236 localhost [tscc-13-16]
234  22   0 | finished  tscc-13-16-0-62d7847a glide-dock_HTVS_1-0237 localhost [tscc-13-16]
235  21   0 | finished  tscc-13-16-0-62d7847c glide-dock_HTVS_1-0238 localhost [tscc-13-16]
236  20   0 | finished  tscc-13-16-0-62d7849c glide-dock_HTVS_1-0239 localhost [tscc-13-16]
237  19   0 | finished  tscc-13-16-0-62d784e2 glide-dock_HTVS_1-0240 localhost [tscc-13-16]
238  18   0 | finished  tscc-13-16-0-62d7855a glide-dock_HTVS_1-0243 localhost [tscc-13-16]
239  17   0 | finished  tscc-13-16-0-62d785a2 glide-dock_HTVS_1-0244 localhost [tscc-13-16]
240  16   0 | finished  tscc-13-16-0-62d7862b glide-dock_HTVS_1-0246 localhost [tscc-13-16]
241  15   0 | finished  tscc-13-16-0-62d78667 glide-dock_HTVS_1-0247 localhost [tscc-13-16]
242  14   0 | finished  tscc-13-16-0-62d7868d glide-dock_HTVS_1-0248 localhost [tscc-13-16]
243  13   0 | finished  tscc-13-16-0-62d786c2 glide-dock_HTVS_1-0249 localhost [tscc-13-16]
244  12   0 | finished  tscc-13-16-0-62d78721 glide-dock_HTVS_1-0250 localhost [tscc-13-16]
245  11   0 | finished  tscc-13-16-0-62d78770 glide-dock_HTVS_1-0251 localhost [tscc-13-16]
246  10   0 | finished  tscc-13-16-0-62d787f9 glide-dock_HTVS_1-0252 localhost [tscc-13-16]
247   9   0 | finished  tscc-13-16-0-62d788a4 glide-dock_HTVS_1-0253 localhost [tscc-13-16]
248   8   0 | finished  tscc-13-16-0-62d788a6 glide-dock_HTVS_1-0254 localhost [tscc-13-16]
249   7   0 | finished  tscc-13-16-0-62d788a9 glide-dock_HTVS_1-0255 localhost [tscc-13-16]
250   6   0 | finished  tscc-13-16-0-62d77af4 glide-dock_HTVS_1-0189 localhost [tscc-13-16]
251   5   0 | finished  tscc-13-16-0-62d78abc glide-dock_HTVS_1-0256 localhost [tscc-13-16]
252   4   0 | finished  tscc-13-16-0-62d7820a glide-dock_HTVS_1-0219 localhost [tscc-13-16]
253   3   0 | finished  tscc-13-16-0-62d781e3 glide-dock_HTVS_1-0216 localhost [tscc-13-16]
254   2   0 | finished  tscc-13-16-0-62d785a4 glide-dock_HTVS_1-0245 localhost [tscc-13-16]
255   1   0 | finished  tscc-13-16-0-62d780ef glide-dock_HTVS_1-0207 localhost [tscc-13-16]
256   0   0 | finished  tscc-13-16-0-62d780f2 glide-dock_HTVS_1-0208 localhost [tscc-13-16]

All jobs have completed.

256 of 256 job(s) succeeded; 0 job(s) failed.

All jobs succeeded: 930464 ligands done.
Writing poses to glide-dock_HTVS_1_pv.maegz
Combining log files to glide-dock_HTVS_1_subjobs.log
Archiving subjob pose files in glide-dock_HTVS_1_subjob_poses.zip
Archiving subjob input and log files in glide-dock_HTVS_1_subjobs.tar.gz
Cleaning up...

Elapsed times:
- preprocessing: 356.2 s
- running subjobs: 30019.6 s
- postprocessing: 957.3 s
- cleanup: 669.8 s

All Glide docking subjobs: Total CPU time = 1056421 seconds (12 d 5 h 27 min 1 s)

Finished at: Wed Jul 20 00:17:13 2022
Total elapsed time for Glide script = 32063 seconds (8 h 54 min 23 s)
