Glide version 94137 (mmshare version 57137)
mmshare         56fa262a4f
glide-src       6aa12c1f3a
psp-src         e3d915fa9a
macromodel-src  bffb51b397
epik-src        4b6a77e971

Copyright (c) Schrodinger, LLC.
All Rights Reserved.

--------------------------------------------------------------------------------
JobId          : arizona-0-62966d2e
Name           : glide-grid_1
Program        : Glide
Version        : 2022-1 build 137
Host           : arizona.amaro.ucsd.edu
Dir            : /net/gpfs-amarolab/cseitz/from_jam/projects/bdoxidase/mtb/2_docking/no_disulfide/mq9/mq9_3919/glide-grid_1
HostEntry      : localhost
JobHost        : arizona.amaro.ucsd.edu
JobDir         : /scratch/tmp.SCHR.gS7LhAWu/cseitz/glide-grid_1
JobSchrodinger : /software/repo/moleculardynamics/schrodinger/2022u1
Commandline    : /software/repo/moleculardynamics/schrodinger/2022u1/glide glide-grid_1.in -OVERWRITE -HOST localhost -PROJ /scratch/tmp.SCHR.gS7LhAWu/Tmp_31May2022_1228_54715 -DISP ignore -VIEWNAME glide_gridgen_gui.GridGenPanel -TMPLAUNCHDIR
StartTime      : 2022-05-31-12:31:58
--------------------------------------------------------------------------------

[running at reduced cpu priority]
Glide: WARNING mmlewis warning: Wrong Lewis structure in structure input file
mmlewis warning: with title: mq9_3919 - prepared
mmlewis warning: Problems were identified with the following atoms:
mmlewis warning:  7564 
mmlewis warning: Now attempting to fix the lewis structure.
Glide: WARNING mmlewis warning: A valid lewis structure was successfully generated.
Calling OPLS_2005 atomtyping ...
Finished parameter assignment
 VdW radii of protein atoms scaled by    1.00000000000000     
 Charge cutoff for polarity  0.250000000000000     
GLIDE WARNING: No pattern matches protein atom 1174; assigning "polar non-Hbonding" atomtype.
GLIDE WARNING: No pattern matches protein atom 1184; assigning "polar non-Hbonding" atomtype.
GLIDE WARNING: No pattern matches protein atom 1559; assigning "polar non-Hbonding" atomtype.
GLIDE WARNING: No pattern matches protein atom 1569; assigning "polar non-Hbonding" atomtype.
GLIDE WARNING: No pattern matches protein atom 1681; assigning "polar non-Hbonding" atomtype.
GLIDE WARNING: No pattern matches protein atom 1691; assigning "polar non-Hbonding" atomtype.
GLIDE WARNING: No pattern matches protein atom 7921; assigning "polar non-Hbonding" atomtype.
GLIDE WARNING: No pattern matches protein atom 7931; assigning "polar non-Hbonding" atomtype.
GLIDE WARNING: No pattern matches protein atom 8501; assigning "polar non-Hbonding" atomtype.
GLIDE WARNING: No pattern matches protein atom 8511; assigning "polar non-Hbonding" atomtype.
  Receptor setup: (nsites, nx, ny, nz, bsize)=(         125 ,           34 , 
          34 ,           34 ,    1.00000000000000      ).
 Screening setup finished.
 DOCKMAIN: getting receptor.
  DOCKMAIN after grid: (nx, ny, nz) = (          88 ,           88 , 
          88 ).
Creating output grid archive 'glide-grid_1.zip'

Exiting Glide
Date: Tuesday, May 31 2022, at 12:33:43 PDT
CPU time (s): 101.5 user, 0.8 system, 102.6 real
Total elapsed time = 103 seconds (1 minutes, 43 seconds)
[running at reduced cpu priority]
