
====================================
            Glide Script            
====================================

mmshare         2cb27f0eb7
glide-src       1e5ffd4733
psp-src         6c93e2fe77
macromodel-src  d47a6cf2e1
epik-src        46d635d642

--------------------------------------------------------------------------------
JobId          : tscc-13-14-0-63868992
Name           : glide-dock_xp
Program        : Glide
Host           : tscc-13-14.sdsc.edu
Dir            : /oasis/tscc/scratch/cseitz/docking/ecoli/oxygen_channel/oxygen_1846/lifechemicals/xp
HostEntry      : localhost
JobHost        : tscc-13-14.sdsc.edu
JobDir         : /oasis/tscc/scratch/cseitz/docking/ecoli/oxygen_channel/oxygen_1846/lifchemicals/xp/cseitz/glide-dock_xp
JobSchrodinger : /home/ux453813/pkg/schrodinger2021-1
Commandline    : /home/ux453813/pkg/schrodinger2021-1/glide -WAIT glide-dock_xp.in -OVERWRITE -adjust -HOST localhost:4 -NJOBS 16 -NOLOCAL
StartTime      : 2022-11-29-14:37:08
--------------------------------------------------------------------------------

Running locally: False
Max retries: 2
Input file: glide-dock_xp.in

Setting up docking job
Separating ligands...
.                                                       1000
Number of structures that are to be docked: 1000
Setting up Glide docking jobs...

Running subjobs on hosts:
  localhost (Max: 4)
Number of jobs:       16
Max retries per job:  2
Max allowed failures: unlimited
Verbosity:            normal

Starting JobDJ...

Keep one job on driver host: False
JobDJ columns:
  C: Number of completed subjobs
  A: Number of active subjobs (e.g., submitted, running)
  W: Number of waiting/pending subjobs

 C  A  W | Activity  JobId  JobName  JobHost
-- -- -- | --------- -----------------------
 0  1 15 | launched  tscc-13-14-0-638689a2 glide-dock_xp-0001 localhost [tscc-13-14]
 0  2 14 | launched  tscc-13-14-0-638689a5 glide-dock_xp-0002 localhost [tscc-13-14]
 0  3 13 | launched  tscc-13-14-0-638689a7 glide-dock_xp-0003 localhost [tscc-13-14]
 0  4 12 | launched  tscc-13-14-0-638689a9 glide-dock_xp-0004 localhost [tscc-13-14]
 1  3 12 | finished  tscc-13-14-0-638689a9 glide-dock_xp-0004 localhost [tscc-13-14]
 1  4 11 | launched  tscc-13-14-0-6386a44f glide-dock_xp-0005 localhost [tscc-13-14]
 2  3 11 | finished  tscc-13-14-0-638689a5 glide-dock_xp-0002 localhost [tscc-13-14]
 2  4 10 | launched  tscc-13-14-0-6386a5ea glide-dock_xp-0006 localhost [tscc-13-14]
 3  3 10 | finished  tscc-13-14-0-638689a7 glide-dock_xp-0003 localhost [tscc-13-14]
 3  4  9 | launched  tscc-13-14-0-6386a72a glide-dock_xp-0007 localhost [tscc-13-14]
 4  3  9 | finished  tscc-13-14-0-638689a2 glide-dock_xp-0001 localhost [tscc-13-14]
 4  4  8 | launched  tscc-13-14-0-6386ab03 glide-dock_xp-0008 localhost [tscc-13-14]
 5  3  8 | finished  tscc-13-14-0-6386a72a glide-dock_xp-0007 localhost [tscc-13-14]
 5  4  7 | launched  tscc-13-14-0-6386c152 glide-dock_xp-0009 localhost [tscc-13-14]
 6  3  7 | finished  tscc-13-14-0-6386a44f glide-dock_xp-0005 localhost [tscc-13-14]
 6  4  6 | launched  tscc-13-14-0-6386c19f glide-dock_xp-0010 localhost [tscc-13-14]
 7  3  6 | finished  tscc-13-14-0-6386a5ea glide-dock_xp-0006 localhost [tscc-13-14]
 7  4  5 | launched  tscc-13-14-0-6386c2a8 glide-dock_xp-0011 localhost [tscc-13-14]
 8  3  5 | finished  tscc-13-14-0-6386ab03 glide-dock_xp-0008 localhost [tscc-13-14]
 8  4  4 | launched  tscc-13-14-0-6386c7cd glide-dock_xp-0012 localhost [tscc-13-14]
 9  3  4 | finished  tscc-13-14-0-6386c152 glide-dock_xp-0009 localhost [tscc-13-14]
 9  4  3 | launched  tscc-13-14-0-6386d9e1 glide-dock_xp-0013 localhost [tscc-13-14]
10  3  3 | finished  tscc-13-14-0-6386c19f glide-dock_xp-0010 localhost [tscc-13-14]
10  4  2 | launched  tscc-13-14-0-6386da4f glide-dock_xp-0014 localhost [tscc-13-14]
11  3  2 | finished  tscc-13-14-0-6386c7cd glide-dock_xp-0012 localhost [tscc-13-14]
11  4  1 | launched  tscc-13-14-0-6386df1f glide-dock_xp-0015 localhost [tscc-13-14]
12  3  1 | finished  tscc-13-14-0-6386c2a8 glide-dock_xp-0011 localhost [tscc-13-14]
12  4  0 | launched  tscc-13-14-0-6386e020 glide-dock_xp-0016 localhost [tscc-13-14]
13  3  0 | finished  tscc-13-14-0-6386da4f glide-dock_xp-0014 localhost [tscc-13-14]
14  2  0 | finished  tscc-13-14-0-6386d9e1 glide-dock_xp-0013 localhost [tscc-13-14]
15  1  0 | finished  tscc-13-14-0-6386df1f glide-dock_xp-0015 localhost [tscc-13-14]
16  0  0 | finished  tscc-13-14-0-6386e020 glide-dock_xp-0016 localhost [tscc-13-14]

All jobs have completed.

16 of 16 job(s) succeeded; 0 job(s) failed.

All jobs succeeded: 1000 ligands done.
Writing poses to glide-dock_xp_pv.maegz
Combining log files to glide-dock_xp_subjobs.log
Archiving subjob pose files in glide-dock_xp_subjob_poses.zip
Archiving subjob input and log files in glide-dock_xp_subjobs.tar.gz
Cleaning up...

Elapsed times:
- preprocessing: 6.0 s
- running subjobs: 29304.0 s
- postprocessing: 4.8 s
- cleanup: 14.4 s

All Glide docking subjobs: Total CPU time = 108191 seconds (1 d 6 h 3 min 11 s)

Finished at: Tue Nov 29 22:46:03 2022
Total elapsed time for Glide script = 29333 seconds (8 h 8 min 53 s)
