
====================================
            Glide Script            
====================================

mmshare         2cb27f0eb7
glide-src       1e5ffd4733
psp-src         6c93e2fe77
macromodel-src  d47a6cf2e1
epik-src        46d635d642

--------------------------------------------------------------------------------
JobId          : tscc-13-20-0-636aa144
Name           : glide-dock_xp
Program        : Glide
Host           : tscc-13-20.sdsc.edu
Dir            : /oasis/tscc/scratch/cseitz/docking/mtb/disulfide/qloop/cluster1/lifechemicals/xp
HostEntry      : localhost
JobHost        : tscc-13-20.sdsc.edu
JobDir         : /oasis/tscc/scratch/cseitz/docking/mtb/disulfide/qloop/cluster1/lifechemicals/xp/cseitz/glide-dock_xp
JobSchrodinger : /home/ux453813/pkg/schrodinger2021-1
Commandline    : /home/ux453813/pkg/schrodinger2021-1/glide -WAIT glide-dock_xp.in -OVERWRITE -adjust -HOST localhost:8 -NJOBS 32 -NOLOCAL
StartTime      : 2022-11-08-10:34:45
--------------------------------------------------------------------------------

Running locally: False
Max retries: 2
Input file: glide-dock_xp.in

Setting up docking job
Separating ligands...
.                                                       1000
Number of structures that are to be docked: 1000
Setting up Glide docking jobs...

Running subjobs on hosts:
  localhost (Max: 8)
Number of jobs:       32
Max retries per job:  2
Max allowed failures: unlimited
Verbosity:            normal

Starting JobDJ...

Keep one job on driver host: False
JobDJ columns:
  C: Number of completed subjobs
  A: Number of active subjobs (e.g., submitted, running)
  W: Number of waiting/pending subjobs

 C  A  W | Activity  JobId  JobName  JobHost
-- -- -- | --------- -----------------------
 0  1 31 | launched  tscc-13-20-1-636aa151 glide-dock_xp-0001 localhost [tscc-13-20]
 0  2 30 | launched  tscc-13-20-0-636aa153 glide-dock_xp-0002 localhost [tscc-13-20]
 0  3 29 | launched  tscc-13-20-0-636aa155 glide-dock_xp-0003 localhost [tscc-13-20]
 0  4 28 | launched  tscc-13-20-0-636aa158 glide-dock_xp-0004 localhost [tscc-13-20]
 0  5 27 | launched  tscc-13-20-0-636aa159 glide-dock_xp-0005 localhost [tscc-13-20]
 0  6 26 | launched  tscc-13-20-0-636aa15c glide-dock_xp-0006 localhost [tscc-13-20]
 0  7 25 | launched  tscc-13-20-0-636aa15e glide-dock_xp-0007 localhost [tscc-13-20]
 0  8 24 | launched  tscc-13-20-0-636aa161 glide-dock_xp-0008 localhost [tscc-13-20]
 1  7 24 | finished  tscc-13-20-0-636aa155 glide-dock_xp-0003 localhost [tscc-13-20]
 1  8 23 | launched  tscc-13-20-0-636aa4ae glide-dock_xp-0009 localhost [tscc-13-20]
 2  7 23 | finished  tscc-13-20-0-636aa153 glide-dock_xp-0002 localhost [tscc-13-20]
 2  8 22 | launched  tscc-13-20-1-636aa4c3 glide-dock_xp-0010 localhost [tscc-13-20]
 3  7 22 | finished  tscc-13-20-0-636aa161 glide-dock_xp-0008 localhost [tscc-13-20]
 3  8 21 | launched  tscc-13-20-0-636aa5b6 glide-dock_xp-0011 localhost [tscc-13-20]
 4  7 21 | finished  tscc-13-20-0-636aa15e glide-dock_xp-0007 localhost [tscc-13-20]
 4  8 20 | launched  tscc-13-20-0-636aa5b9 glide-dock_xp-0012 localhost [tscc-13-20]
 5  7 20 | finished  tscc-13-20-0-636aa158 glide-dock_xp-0004 localhost [tscc-13-20]
 5  8 19 | launched  tscc-13-20-0-636aa5dd glide-dock_xp-0013 localhost [tscc-13-20]
 6  7 19 | finished  tscc-13-20-0-636aa159 glide-dock_xp-0005 localhost [tscc-13-20]
 6  8 18 | launched  tscc-13-20-0-636aa607 glide-dock_xp-0014 localhost [tscc-13-20]
 7  7 18 | finished  tscc-13-20-0-636aa15c glide-dock_xp-0006 localhost [tscc-13-20]
 7  8 17 | launched  tscc-13-20-0-636aa64d glide-dock_xp-0015 localhost [tscc-13-20]
 8  7 17 | finished  tscc-13-20-1-636aa151 glide-dock_xp-0001 localhost [tscc-13-20]
 8  8 16 | launched  tscc-13-20-0-636aa695 glide-dock_xp-0016 localhost [tscc-13-20]
 9  7 16 | finished  tscc-13-20-0-636aa4ae glide-dock_xp-0009 localhost [tscc-13-20]
 9  8 15 | launched  tscc-13-20-0-636aa7fa glide-dock_xp-0017 localhost [tscc-13-20]
10  7 15 | finished  tscc-13-20-1-636aa4c3 glide-dock_xp-0010 localhost [tscc-13-20]
10  8 14 | launched  tscc-13-20-0-636aa889 glide-dock_xp-0018 localhost [tscc-13-20]
11  7 14 | finished  tscc-13-20-0-636aa5b9 glide-dock_xp-0012 localhost [tscc-13-20]
11  8 13 | launched  tscc-13-20-0-636aa94f glide-dock_xp-0019 localhost [tscc-13-20]
12  7 13 | finished  tscc-13-20-0-636aa5dd glide-dock_xp-0013 localhost [tscc-13-20]
12  8 12 | launched  tscc-13-20-0-636aa9c2 glide-dock_xp-0020 localhost [tscc-13-20]
13  7 12 | finished  tscc-13-20-0-636aa5b6 glide-dock_xp-0011 localhost [tscc-13-20]
13  8 11 | launched  tscc-13-20-0-636aaa1f glide-dock_xp-0021 localhost [tscc-13-20]
14  7 11 | finished  tscc-13-20-0-636aa64d glide-dock_xp-0015 localhost [tscc-13-20]
14  8 10 | launched  tscc-13-20-0-636aab5b glide-dock_xp-0022 localhost [tscc-13-20]
15  7 10 | finished  tscc-13-20-0-636aa695 glide-dock_xp-0016 localhost [tscc-13-20]
15  8  9 | launched  tscc-13-20-0-636aad32 glide-dock_xp-0023 localhost [tscc-13-20]
16  7  9 | finished  tscc-13-20-0-636aa7fa glide-dock_xp-0017 localhost [tscc-13-20]
16  8  8 | launched  tscc-13-20-0-636aad65 glide-dock_xp-0024 localhost [tscc-13-20]
17  7  8 | finished  tscc-13-20-0-636aa889 glide-dock_xp-0018 localhost [tscc-13-20]
17  8  7 | launched  tscc-13-20-0-636aae54 glide-dock_xp-0025 localhost [tscc-13-20]
18  7  7 | finished  tscc-13-20-0-636aa607 glide-dock_xp-0014 localhost [tscc-13-20]
18  8  6 | launched  tscc-13-20-0-636aaee8 glide-dock_xp-0026 localhost [tscc-13-20]
19  7  6 | finished  tscc-13-20-0-636aa94f glide-dock_xp-0019 localhost [tscc-13-20]
19  8  5 | launched  tscc-13-20-0-636aaf22 glide-dock_xp-0027 localhost [tscc-13-20]
20  7  5 | finished  tscc-13-20-0-636aaa1f glide-dock_xp-0021 localhost [tscc-13-20]
20  8  4 | launched  tscc-13-20-0-636aafc9 glide-dock_xp-0028 localhost [tscc-13-20]
21  7  4 | finished  tscc-13-20-0-636aa9c2 glide-dock_xp-0020 localhost [tscc-13-20]
21  8  3 | launched  tscc-13-20-0-636aafff glide-dock_xp-0029 localhost [tscc-13-20]
22  7  3 | finished  tscc-13-20-0-636aab5b glide-dock_xp-0022 localhost [tscc-13-20]
22  8  2 | launched  tscc-13-20-0-636ab082 glide-dock_xp-0030 localhost [tscc-13-20]
23  7  2 | finished  tscc-13-20-0-636aad32 glide-dock_xp-0023 localhost [tscc-13-20]
23  8  1 | launched  tscc-13-20-0-636ab2d4 glide-dock_xp-0031 localhost [tscc-13-20]
24  7  1 | finished  tscc-13-20-0-636aad65 glide-dock_xp-0024 localhost [tscc-13-20]
24  8  0 | launched  tscc-13-20-0-636ab443 glide-dock_xp-0032 localhost [tscc-13-20]
25  7  0 | finished  tscc-13-20-0-636aae54 glide-dock_xp-0025 localhost [tscc-13-20]
26  6  0 | finished  tscc-13-20-0-636aaee8 glide-dock_xp-0026 localhost [tscc-13-20]
27  5  0 | finished  tscc-13-20-0-636aafc9 glide-dock_xp-0028 localhost [tscc-13-20]
28  4  0 | finished  tscc-13-20-0-636ab082 glide-dock_xp-0030 localhost [tscc-13-20]
29  3  0 | finished  tscc-13-20-0-636aaf22 glide-dock_xp-0027 localhost [tscc-13-20]
30  2  0 | finished  tscc-13-20-0-636aafff glide-dock_xp-0029 localhost [tscc-13-20]
31  1  0 | finished  tscc-13-20-0-636ab2d4 glide-dock_xp-0031 localhost [tscc-13-20]
32  0  0 | finished  tscc-13-20-0-636ab443 glide-dock_xp-0032 localhost [tscc-13-20]

All jobs have completed.

32 of 32 job(s) succeeded; 0 job(s) failed.

All jobs succeeded: 1000 ligands done.
Writing poses to glide-dock_xp_pv.maegz
Combining log files to glide-dock_xp_subjobs.log
Archiving subjob pose files in glide-dock_xp_subjob_poses.zip
Archiving subjob input and log files in glide-dock_xp_subjobs.tar.gz
Cleaning up...

Elapsed times:
- preprocessing: 2.3 s
- running subjobs: 6871.5 s
- postprocessing: 2.7 s
- cleanup: 8.6 s

All Glide docking subjobs: Total CPU time = 47693 seconds (13 h 14 min 53 s)

Finished at: Tue Nov  8 12:29:41 2022
Total elapsed time for Glide script = 6895 seconds (1 h 54 min 55 s)
