
====================================
            Glide Script            
====================================

mmshare         2cb27f0eb7
glide-src       1e5ffd4733
psp-src         6c93e2fe77
macromodel-src  d47a6cf2e1
epik-src        46d635d642

--------------------------------------------------------------------------------
JobId          : tscc-13-16-0-636b3c29
Name           : glide-dock_xp
Program        : Glide
Host           : tscc-13-16.sdsc.edu
Dir            : /oasis/tscc/scratch/cseitz/docking/mtb/no_disulfide/qloop/cluster1/lifechemicals/xp
HostEntry      : localhost
JobHost        : tscc-13-16.sdsc.edu
JobDir         : /oasis/tscc/scratch/cseitz/docking/mtb/no_disulfide/qloop/cluster1/lifechemicals/cseitz/glide-dock_xp
JobSchrodinger : /home/ux453813/pkg/schrodinger2021-1
Commandline    : /home/ux453813/pkg/schrodinger2021-1/glide -WAIT glide-dock_xp.in -OVERWRITE -adjust -HOST localhost:8 -NJOBS 32 -NOLOCAL
StartTime      : 2022-11-08-21:35:38
--------------------------------------------------------------------------------

Running locally: False
Max retries: 2
Input file: glide-dock_xp.in

Setting up docking job
Separating ligands...
.                                                       1000
Number of structures that are to be docked: 1000
Setting up Glide docking jobs...

Running subjobs on hosts:
  localhost (Max: 8)
Number of jobs:       32
Max retries per job:  2
Max allowed failures: unlimited
Verbosity:            normal

Starting JobDJ...

Keep one job on driver host: False
JobDJ columns:
  C: Number of completed subjobs
  A: Number of active subjobs (e.g., submitted, running)
  W: Number of waiting/pending subjobs

 C  A  W | Activity  JobId  JobName  JobHost
-- -- -- | --------- -----------------------
 0  1 31 | launched  tscc-13-16-0-636b3c33 glide-dock_xp-0001 localhost [tscc-13-16]
 0  2 30 | launched  tscc-13-16-0-636b3c35 glide-dock_xp-0002 localhost [tscc-13-16]
 0  3 29 | launched  tscc-13-16-0-636b3c38 glide-dock_xp-0003 localhost [tscc-13-16]
 0  4 28 | launched  tscc-13-16-0-636b3c3b glide-dock_xp-0004 localhost [tscc-13-16]
 0  5 27 | launched  tscc-13-16-0-636b3c3d glide-dock_xp-0005 localhost [tscc-13-16]
 0  6 26 | launched  tscc-13-16-0-636b3c3f glide-dock_xp-0006 localhost [tscc-13-16]
 0  7 25 | launched  tscc-13-16-0-636b3c41 glide-dock_xp-0007 localhost [tscc-13-16]
 0  8 24 | launched  tscc-13-16-0-636b3c43 glide-dock_xp-0008 localhost [tscc-13-16]
 1  7 24 | finished  tscc-13-16-0-636b3c33 glide-dock_xp-0001 localhost [tscc-13-16]
 1  8 23 | launched  tscc-13-16-0-636b424d glide-dock_xp-0009 localhost [tscc-13-16]
 2  7 23 | finished  tscc-13-16-0-636b3c3d glide-dock_xp-0005 localhost [tscc-13-16]
 2  8 22 | launched  tscc-13-16-0-636b427b glide-dock_xp-0010 localhost [tscc-13-16]
 3  7 22 | finished  tscc-13-16-0-636b3c35 glide-dock_xp-0002 localhost [tscc-13-16]
 3  8 21 | launched  tscc-13-16-0-636b42bc glide-dock_xp-0011 localhost [tscc-13-16]
 4  7 21 | finished  tscc-13-16-0-636b3c3f glide-dock_xp-0006 localhost [tscc-13-16]
 4  8 20 | launched  tscc-13-16-0-636b4327 glide-dock_xp-0012 localhost [tscc-13-16]
 5  7 20 | finished  tscc-13-16-0-636b3c41 glide-dock_xp-0007 localhost [tscc-13-16]
 5  8 19 | launched  tscc-13-16-0-636b43f8 glide-dock_xp-0013 localhost [tscc-13-16]
 6  7 19 | finished  tscc-13-16-0-636b3c3b glide-dock_xp-0004 localhost [tscc-13-16]
 6  8 18 | launched  tscc-13-16-0-636b440b glide-dock_xp-0014 localhost [tscc-13-16]
 7  7 18 | finished  tscc-13-16-0-636b3c38 glide-dock_xp-0003 localhost [tscc-13-16]
 7  8 17 | launched  tscc-13-16-0-636b4458 glide-dock_xp-0015 localhost [tscc-13-16]
 8  7 17 | finished  tscc-13-16-0-636b3c43 glide-dock_xp-0008 localhost [tscc-13-16]
 8  8 16 | launched  tscc-13-16-0-636b447b glide-dock_xp-0016 localhost [tscc-13-16]
 9  7 16 | finished  tscc-13-16-0-636b427b glide-dock_xp-0010 localhost [tscc-13-16]
 9  8 15 | launched  tscc-13-16-0-636b4886 glide-dock_xp-0017 localhost [tscc-13-16]
10  7 15 | finished  tscc-13-16-0-636b42bc glide-dock_xp-0011 localhost [tscc-13-16]
10  8 14 | launched  tscc-13-16-0-636b48da glide-dock_xp-0018 localhost [tscc-13-16]
11  7 14 | finished  tscc-13-16-0-636b424d glide-dock_xp-0009 localhost [tscc-13-16]
11  8 13 | launched  tscc-13-16-0-636b491c glide-dock_xp-0019 localhost [tscc-13-16]
12  7 13 | finished  tscc-13-16-0-636b4327 glide-dock_xp-0012 localhost [tscc-13-16]
12  8 12 | launched  tscc-13-16-0-636b49ad glide-dock_xp-0020 localhost [tscc-13-16]
13  7 12 | finished  tscc-13-16-0-636b43f8 glide-dock_xp-0013 localhost [tscc-13-16]
13  8 11 | launched  tscc-13-16-0-636b49db glide-dock_xp-0021 localhost [tscc-13-16]
14  7 11 | finished  tscc-13-16-0-636b440b glide-dock_xp-0014 localhost [tscc-13-16]
14  8 10 | launched  tscc-13-16-0-636b4a42 glide-dock_xp-0022 localhost [tscc-13-16]
15  7 10 | finished  tscc-13-16-0-636b447b glide-dock_xp-0016 localhost [tscc-13-16]
15  8  9 | launched  tscc-13-16-0-636b4a92 glide-dock_xp-0023 localhost [tscc-13-16]
16  7  9 | finished  tscc-13-16-0-636b4458 glide-dock_xp-0015 localhost [tscc-13-16]
16  8  8 | launched  tscc-13-16-0-636b4ae9 glide-dock_xp-0024 localhost [tscc-13-16]
17  7  8 | finished  tscc-13-16-0-636b4886 glide-dock_xp-0017 localhost [tscc-13-16]
17  8  7 | launched  tscc-13-16-0-636b4ede glide-dock_xp-0025 localhost [tscc-13-16]
18  7  7 | finished  tscc-13-16-0-636b48da glide-dock_xp-0018 localhost [tscc-13-16]
18  8  6 | launched  tscc-13-16-0-636b4f23 glide-dock_xp-0026 localhost [tscc-13-16]
19  7  6 | finished  tscc-13-16-0-636b49db glide-dock_xp-0021 localhost [tscc-13-16]
19  8  5 | launched  tscc-13-16-0-636b505d glide-dock_xp-0027 localhost [tscc-13-16]
20  7  5 | finished  tscc-13-16-0-636b491c glide-dock_xp-0019 localhost [tscc-13-16]
20  8  4 | launched  tscc-13-16-0-636b5096 glide-dock_xp-0028 localhost [tscc-13-16]
21  7  4 | finished  tscc-13-16-0-636b4a42 glide-dock_xp-0022 localhost [tscc-13-16]
21  8  3 | launched  tscc-13-16-0-636b50db glide-dock_xp-0029 localhost [tscc-13-16]
22  7  3 | finished  tscc-13-16-0-636b49ad glide-dock_xp-0020 localhost [tscc-13-16]
22  8  2 | launched  tscc-13-16-0-636b50f9 glide-dock_xp-0030 localhost [tscc-13-16]
23  7  2 | finished  tscc-13-16-0-636b4ae9 glide-dock_xp-0024 localhost [tscc-13-16]
23  8  1 | launched  tscc-13-16-0-636b51ba glide-dock_xp-0031 localhost [tscc-13-16]
24  7  1 | finished  tscc-13-16-0-636b4a92 glide-dock_xp-0023 localhost [tscc-13-16]
24  8  0 | launched  tscc-13-16-0-636b51cd glide-dock_xp-0032 localhost [tscc-13-16]
25  7  0 | finished  tscc-13-16-0-636b4ede glide-dock_xp-0025 localhost [tscc-13-16]
26  6  0 | finished  tscc-13-16-0-636b4f23 glide-dock_xp-0026 localhost [tscc-13-16]
27  5  0 | finished  tscc-13-16-0-636b505d glide-dock_xp-0027 localhost [tscc-13-16]
28  4  0 | finished  tscc-13-16-0-636b5096 glide-dock_xp-0028 localhost [tscc-13-16]
29  3  0 | finished  tscc-13-16-0-636b50db glide-dock_xp-0029 localhost [tscc-13-16]
30  2  0 | finished  tscc-13-16-0-636b50f9 glide-dock_xp-0030 localhost [tscc-13-16]
31  1  0 | finished  tscc-13-16-0-636b51cd glide-dock_xp-0032 localhost [tscc-13-16]
32  0  0 | finished  tscc-13-16-0-636b51ba glide-dock_xp-0031 localhost [tscc-13-16]

All jobs have completed.

32 of 32 job(s) succeeded; 0 job(s) failed.

All jobs succeeded: 1000 ligands done.
Writing poses to glide-dock_xp_pv.maegz
Combining log files to glide-dock_xp_subjobs.log
Archiving subjob pose files in glide-dock_xp_subjob_poses.zip
Archiving subjob input and log files in glide-dock_xp_subjobs.tar.gz
Cleaning up...

Elapsed times:
- preprocessing: 1.8 s
- running subjobs: 7165.6 s
- postprocessing: 2.1 s
- cleanup: 6.4 s

All Glide docking subjobs: Total CPU time = 53562 seconds (14 h 52 min 42 s)

Finished at: Tue Nov  8 23:35:21 2022
Total elapsed time for Glide script = 7181 seconds (1 h 59 min 41 s)
