
====================================
            Glide Script            
====================================

mmshare         2cb27f0eb7
glide-src       1e5ffd4733
psp-src         6c93e2fe77
macromodel-src  d47a6cf2e1
epik-src        46d635d642

--------------------------------------------------------------------------------
JobId          : tscc-13-16-0-637c6f55
Name           : glide-dock_sp
Program        : Glide
Host           : tscc-13-16.sdsc.edu
Dir            : /oasis/tscc/scratch/cseitz/docking/ecoli/qloop/cluster3/lifechemicals/sp
HostEntry      : localhost
JobHost        : tscc-13-16.sdsc.edu
JobDir         : /oasis/tscc/scratch/cseitz/docking/ecoli/qloop/cluster3/lifechemicals/sp/cseitz/glide-dock_sp
JobSchrodinger : /home/ux453813/pkg/schrodinger2021-1
Commandline    : /home/ux453813/pkg/schrodinger2021-1/glide -WAIT glide-dock_sp.in -OVERWRITE -adjust -HOST localhost:8 -NJOBS 32 -NOLOCAL
StartTime      : 2022-11-21-22:42:30
--------------------------------------------------------------------------------

Running locally: False
Max retries: 2
Input file: glide-dock_sp.in

Setting up docking job
Separating ligands...
....................                                   20000
Number of structures that are to be docked: 20000
Setting up Glide docking jobs...

Running subjobs on hosts:
  localhost (Max: 8)
Number of jobs:       32
Max retries per job:  2
Max allowed failures: unlimited
Verbosity:            normal

Starting JobDJ...

Keep one job on driver host: False
JobDJ columns:
  C: Number of completed subjobs
  A: Number of active subjobs (e.g., submitted, running)
  W: Number of waiting/pending subjobs

 C  A  W | Activity  JobId  JobName  JobHost
-- -- -- | --------- -----------------------
 0  1 31 | launched  tscc-13-16-0-637c6f7a glide-dock_sp-0001 localhost [tscc-13-16]
 0  2 30 | launched  tscc-13-16-0-637c6f7c glide-dock_sp-0002 localhost [tscc-13-16]
 0  3 29 | launched  tscc-13-16-0-637c6f7e glide-dock_sp-0003 localhost [tscc-13-16]
 0  4 28 | launched  tscc-13-16-0-637c6f81 glide-dock_sp-0004 localhost [tscc-13-16]
 0  5 27 | launched  tscc-13-16-0-637c6f83 glide-dock_sp-0005 localhost [tscc-13-16]
 0  6 26 | launched  tscc-13-16-0-637c6f85 glide-dock_sp-0006 localhost [tscc-13-16]
 0  7 25 | launched  tscc-13-16-0-637c6f87 glide-dock_sp-0007 localhost [tscc-13-16]
 0  8 24 | launched  tscc-13-16-0-637c6f89 glide-dock_sp-0008 localhost [tscc-13-16]
 1  7 24 | finished  tscc-13-16-0-637c6f81 glide-dock_sp-0004 localhost [tscc-13-16]
 1  8 23 | launched  tscc-13-16-0-637ce2b7 glide-dock_sp-0009 localhost [tscc-13-16]
 2  7 23 | finished  tscc-13-16-0-637c6f83 glide-dock_sp-0005 localhost [tscc-13-16]
 2  8 22 | launched  tscc-13-16-0-637ce614 glide-dock_sp-0010 localhost [tscc-13-16]
 3  7 22 | finished  tscc-13-16-0-637c6f85 glide-dock_sp-0006 localhost [tscc-13-16]
 3  8 21 | launched  tscc-13-16-0-637ce833 glide-dock_sp-0011 localhost [tscc-13-16]
 4  7 21 | finished  tscc-13-16-0-637c6f7c glide-dock_sp-0002 localhost [tscc-13-16]
 4  8 20 | launched  tscc-13-16-0-637cec8b glide-dock_sp-0012 localhost [tscc-13-16]
 5  7 20 | finished  tscc-13-16-0-637c6f87 glide-dock_sp-0007 localhost [tscc-13-16]
 5  8 19 | launched  tscc-13-16-0-637ced40 glide-dock_sp-0013 localhost [tscc-13-16]
 6  7 19 | finished  tscc-13-16-0-637c6f89 glide-dock_sp-0008 localhost [tscc-13-16]
 6  8 18 | launched  tscc-13-16-0-637cee49 glide-dock_sp-0014 localhost [tscc-13-16]
 7  7 18 | finished  tscc-13-16-0-637c6f7e glide-dock_sp-0003 localhost [tscc-13-16]
 7  8 17 | launched  tscc-13-16-0-637cf09e glide-dock_sp-0015 localhost [tscc-13-16]
 8  7 17 | finished  tscc-13-16-0-637c6f7a glide-dock_sp-0001 localhost [tscc-13-16]
 8  8 16 | launched  tscc-13-16-0-637cf664 glide-dock_sp-0016 localhost [tscc-13-16]
 9  7 16 | finished  tscc-13-16-0-637ce833 glide-dock_sp-0011 localhost [tscc-13-16]
 9  8 15 | launched  tscc-13-16-0-637d5a93 glide-dock_sp-0017 localhost [tscc-13-16]
10  7 15 | finished  tscc-13-16-0-637cee49 glide-dock_sp-0014 localhost [tscc-13-16]
10  8 14 | launched  tscc-13-16-0-637d5cfb glide-dock_sp-0018 localhost [tscc-13-16]
11  7 14 | finished  tscc-13-16-0-637ce2b7 glide-dock_sp-0009 localhost [tscc-13-16]
11  8 13 | launched  tscc-13-16-0-637d5df6 glide-dock_sp-0019 localhost [tscc-13-16]
12  7 13 | finished  tscc-13-16-0-637ce614 glide-dock_sp-0010 localhost [tscc-13-16]
12  8 12 | launched  tscc-13-16-0-637d5ecb glide-dock_sp-0020 localhost [tscc-13-16]
13  7 12 | finished  tscc-13-16-0-637cec8b glide-dock_sp-0012 localhost [tscc-13-16]
13  8 11 | launched  tscc-13-16-0-637d6135 glide-dock_sp-0021 localhost [tscc-13-16]
14  7 11 | finished  tscc-13-16-0-637cf664 glide-dock_sp-0016 localhost [tscc-13-16]
14  8 10 | launched  tscc-13-16-0-637d6458 glide-dock_sp-0022 localhost [tscc-13-16]
15  7 10 | finished  tscc-13-16-0-637cf09e glide-dock_sp-0015 localhost [tscc-13-16]
15  8  9 | launched  tscc-13-16-0-637d684b glide-dock_sp-0023 localhost [tscc-13-16]
16  7  9 | finished  tscc-13-16-0-637ced40 glide-dock_sp-0013 localhost [tscc-13-16]
16  8  8 | launched  tscc-13-16-0-637d6acc glide-dock_sp-0024 localhost [tscc-13-16]
17  7  8 | finished  tscc-13-16-0-637d5a93 glide-dock_sp-0017 localhost [tscc-13-16]
17  8  7 | launched  tscc-13-16-0-637dc8ee glide-dock_sp-0025 localhost [tscc-13-16]
18  7  7 | finished  tscc-13-16-0-637d5cfb glide-dock_sp-0018 localhost [tscc-13-16]
18  8  6 | launched  tscc-13-16-0-637dcf9d glide-dock_sp-0026 localhost [tscc-13-16]
19  7  6 | finished  tscc-13-16-0-637d6135 glide-dock_sp-0021 localhost [tscc-13-16]
19  8  5 | launched  tscc-13-16-0-637dd732 glide-dock_sp-0027 localhost [tscc-13-16]
20  7  5 | finished  tscc-13-16-0-637d6458 glide-dock_sp-0022 localhost [tscc-13-16]
20  8  4 | launched  tscc-13-16-0-637dd799 glide-dock_sp-0028 localhost [tscc-13-16]
21  7  4 | finished  tscc-13-16-0-637d5df6 glide-dock_sp-0019 localhost [tscc-13-16]
21  8  3 | launched  tscc-13-16-0-637dd9b4 glide-dock_sp-0029 localhost [tscc-13-16]
22  7  3 | finished  tscc-13-16-0-637d684b glide-dock_sp-0023 localhost [tscc-13-16]
22  8  2 | launched  tscc-13-16-0-637dda50 glide-dock_sp-0030 localhost [tscc-13-16]
23  7  2 | finished  tscc-13-16-0-637d6acc glide-dock_sp-0024 localhost [tscc-13-16]
23  8  1 | launched  tscc-13-16-0-637de44a glide-dock_sp-0031 localhost [tscc-13-16]
24  7  1 | finished  tscc-13-16-0-637d5ecb glide-dock_sp-0020 localhost [tscc-13-16]
24  8  0 | launched  tscc-13-16-0-637de4de glide-dock_sp-0032 localhost [tscc-13-16]
Subjob 'glide-dock_sp-0032' died (died) [jobid tscc-13-16-0-637de4de]
24  7  1 | died      tscc-13-16-0-637de4de glide-dock_sp-0032 localhost [tscc-13-16]
24  8  0 | restarted tscc-13-16-0-637de501 glide-dock_sp-0032 localhost [tscc-13-16]
Subjob 'glide-dock_sp-0032' died (died) [jobid tscc-13-16-0-637de501]
24  7  1 | died      tscc-13-16-0-637de501 glide-dock_sp-0032 localhost [tscc-13-16]
24  8  0 | restarted tscc-13-16-0-637de525 glide-dock_sp-0032 localhost [tscc-13-16]
Subjob 'glide-dock_sp-0032' died (died) [jobid tscc-13-16-0-637de525]
25  7  0 | died      tscc-13-16-0-637de525 glide-dock_sp-0032 localhost [tscc-13-16]
ERROR: Subjob 'glide-dock_sp-0032' has failed after 2 retries.

Last 20 lines of 'glide-dock_sp-0032.log':

  Host           : tscc-13-16.sdsc.edu
  Dir            : /oasis/tscc/scratch/cseitz/docking/ecoli/qloop/cluster3/lifechemicals/sp/cseitz/glide-dock_sp
  HostEntry      : localhost
  JobHost        : tscc-13-16.sdsc.edu
  JobDir         : /oasis/tscc/scratch/cseitz/docking/ecoli/qloop/cluster3/lifechemicals/sp/cseitz/glide-dock_sp-0032
  JobSchrodinger : /home/ux453813/pkg/schrodinger2021-1
  Commandline    : /home/ux453813/pkg/schrodinger2021-1/glide -RESTART -serial glide-dock_sp-0032.inp -HOST localhost
  StartTime      : 2022-11-23-01:17:26
  --------------------------------------------------------------------------------
  
  WARNING Unable to checkout 1 GLIDE_MAIN v90 license(s). Error is -4: Licensed number of users already reached. Tried 3 time(s) in 30 seconds.
  
  =============================================================
  Could not obtain license for feature "GLIDE_MAIN" of Glide
  ** -4: Licensed number of users already reached. **
  
  =============================================================
   FATAL ERROR.
   Failed to check out a GLIDE_MAIN license.
   Make sure your $SCHRODINGER/license file contains valid licenses


No job control errors were found.
25  7  0 | died      tscc-13-16-0-637de525 glide-dock_sp-0032 localhost [tscc-13-16]
Subjob glide-dock_sp-0032 produced no pose file: glide-dock_sp-0032_raw.maegz
26  6  0 | finished  tscc-13-16-0-637dc8ee glide-dock_sp-0025 localhost [tscc-13-16]
27  5  0 | finished  tscc-13-16-0-637dcf9d glide-dock_sp-0026 localhost [tscc-13-16]
28  4  0 | finished  tscc-13-16-0-637dd799 glide-dock_sp-0028 localhost [tscc-13-16]
29  3  0 | finished  tscc-13-16-0-637dd9b4 glide-dock_sp-0029 localhost [tscc-13-16]
30  2  0 | finished  tscc-13-16-0-637dda50 glide-dock_sp-0030 localhost [tscc-13-16]
31  1  0 | finished  tscc-13-16-0-637dd732 glide-dock_sp-0027 localhost [tscc-13-16]
32  0  0 | finished  tscc-13-16-0-637de44a glide-dock_sp-0031 localhost [tscc-13-16]

All jobs have completed.

31 of 32 job(s) succeeded; 1 job(s) failed.

Some jobs failed: 19375 of 20000 ligands done.
Writing poses to glide-dock_sp_pv.maegz
Combining log files to glide-dock_sp_subjobs.log
Archiving subjob pose files in glide-dock_sp_subjob_poses.zip
Archiving subjob input and log files in glide-dock_sp_subjobs.tar.gz
Cleaning up...

Elapsed times:
- preprocessing: 28.3 s
- running subjobs: 122990.9 s
- postprocessing: 35.8 s
- cleanup: 34.1 s

All Glide docking subjobs: Total CPU time = 919224 seconds (10 d 15 h 20 min 24 s)

Finished at: Wed Nov 23 08:54:05 2022
Total elapsed time for Glide script = 123093 seconds (1 d 10 h 11 min 33 s)
