
====================================
            Glide Script            
====================================

mmshare         2cb27f0eb7
glide-src       1e5ffd4733
psp-src         6c93e2fe77
macromodel-src  d47a6cf2e1
epik-src        46d635d642

--------------------------------------------------------------------------------
JobId          : tscc-13-14-0-637c7218
Name           : glide-dock_sp
Program        : Glide
Host           : tscc-13-14.sdsc.edu
Dir            : /oasis/tscc/scratch/cseitz/docking/ecoli/uq8/uq8_3538/lifechemicals/sp
HostEntry      : localhost
JobHost        : tscc-13-14.sdsc.edu
JobDir         : /oasis/tscc/scratch/cseitz/docking/ecoli/uq8/uq8_3538/lifechemicals/sp/cseitz/glide-dock_sp
JobSchrodinger : /home/ux453813/pkg/schrodinger2021-1
Commandline    : /home/ux453813/pkg/schrodinger2021-1/glide -WAIT glide-dock_sp.in -OVERWRITE -adjust -HOST localhost:4 -NJOBS 16 -NOLOCAL
StartTime      : 2022-11-21-22:54:18
--------------------------------------------------------------------------------

Running locally: False
Max retries: 2
Input file: glide-dock_sp.in

Setting up docking job
Separating ligands...
....................                                   20000
Number of structures that are to be docked: 20000
Setting up Glide docking jobs...

Running subjobs on hosts:
  localhost (Max: 4)
Number of jobs:       16
Max retries per job:  2
Max allowed failures: unlimited
Verbosity:            normal

Starting JobDJ...

Keep one job on driver host: False
JobDJ columns:
  C: Number of completed subjobs
  A: Number of active subjobs (e.g., submitted, running)
  W: Number of waiting/pending subjobs

 C  A  W | Activity  JobId  JobName  JobHost
-- -- -- | --------- -----------------------
 0  1 15 | launched  tscc-13-14-0-637c723c glide-dock_sp-0001 localhost [tscc-13-14]
 0  2 14 | launched  tscc-13-14-0-637c723e glide-dock_sp-0002 localhost [tscc-13-14]
 0  3 13 | launched  tscc-13-14-0-637c7240 glide-dock_sp-0003 localhost [tscc-13-14]
 0  4 12 | launched  tscc-13-14-0-637c7242 glide-dock_sp-0004 localhost [tscc-13-14]
 1  3 12 | finished  tscc-13-14-0-637c7242 glide-dock_sp-0004 localhost [tscc-13-14]
 1  4 11 | launched  tscc-13-14-0-637c9723 glide-dock_sp-0005 localhost [tscc-13-14]
 2  3 11 | finished  tscc-13-14-0-637c7240 glide-dock_sp-0003 localhost [tscc-13-14]
 2  4 10 | launched  tscc-13-14-0-637c9cb7 glide-dock_sp-0006 localhost [tscc-13-14]
 3  3 10 | finished  tscc-13-14-0-637c723e glide-dock_sp-0002 localhost [tscc-13-14]
 3  4  9 | launched  tscc-13-14-0-637ca068 glide-dock_sp-0007 localhost [tscc-13-14]
 4  3  9 | finished  tscc-13-14-0-637c723c glide-dock_sp-0001 localhost [tscc-13-14]
 4  4  8 | launched  tscc-13-14-0-637cb1ab glide-dock_sp-0008 localhost [tscc-13-14]
 5  3  8 | finished  tscc-13-14-0-637c9723 glide-dock_sp-0005 localhost [tscc-13-14]
 5  4  7 | launched  tscc-13-14-0-637cba9f glide-dock_sp-0009 localhost [tscc-13-14]
 6  3  7 | finished  tscc-13-14-0-637c9cb7 glide-dock_sp-0006 localhost [tscc-13-14]
 6  4  6 | launched  tscc-13-14-0-637cbee1 glide-dock_sp-0010 localhost [tscc-13-14]
 7  3  6 | finished  tscc-13-14-0-637ca068 glide-dock_sp-0007 localhost [tscc-13-14]
 7  4  5 | launched  tscc-13-14-0-637cc178 glide-dock_sp-0011 localhost [tscc-13-14]
 8  3  5 | finished  tscc-13-14-0-637cb1ab glide-dock_sp-0008 localhost [tscc-13-14]
 8  4  4 | launched  tscc-13-14-0-637cd36b glide-dock_sp-0012 localhost [tscc-13-14]
 9  3  4 | finished  tscc-13-14-0-637cba9f glide-dock_sp-0009 localhost [tscc-13-14]
 9  4  3 | launched  tscc-13-14-0-637cdab6 glide-dock_sp-0013 localhost [tscc-13-14]
10  3  3 | finished  tscc-13-14-0-637cbee1 glide-dock_sp-0010 localhost [tscc-13-14]
10  4  2 | launched  tscc-13-14-0-637cdf01 glide-dock_sp-0014 localhost [tscc-13-14]
11  3  2 | finished  tscc-13-14-0-637cc178 glide-dock_sp-0011 localhost [tscc-13-14]
11  4  1 | launched  tscc-13-14-0-637ce0e8 glide-dock_sp-0015 localhost [tscc-13-14]
12  3  1 | finished  tscc-13-14-0-637cd36b glide-dock_sp-0012 localhost [tscc-13-14]
12  4  0 | launched  tscc-13-14-0-637cf35c glide-dock_sp-0016 localhost [tscc-13-14]
13  3  0 | finished  tscc-13-14-0-637cdab6 glide-dock_sp-0013 localhost [tscc-13-14]
14  2  0 | finished  tscc-13-14-0-637cdf01 glide-dock_sp-0014 localhost [tscc-13-14]
15  1  0 | finished  tscc-13-14-0-637ce0e8 glide-dock_sp-0015 localhost [tscc-13-14]
16  0  0 | finished  tscc-13-14-0-637cf35c glide-dock_sp-0016 localhost [tscc-13-14]

All jobs have completed.

16 of 16 job(s) succeeded; 0 job(s) failed.

All jobs succeeded: 20000 ligands done.
Writing poses to glide-dock_sp_pv.maegz
Combining log files to glide-dock_sp_subjobs.log
Archiving subjob pose files in glide-dock_sp_subjob_poses.zip
Archiving subjob input and log files in glide-dock_sp_subjobs.tar.gz
Cleaning up...

Elapsed times:
- preprocessing: 28.3 s
- running subjobs: 40697.1 s
- postprocessing: 43.2 s
- cleanup: 34.7 s

All Glide docking subjobs: Total CPU time = 145754 seconds (1 d 16 h 29 min 14 s)

Finished at: Tue Nov 22 10:14:25 2022
Total elapsed time for Glide script = 40806 seconds (11 h 20 min 6 s)
